ser	ir	Pavão rechaçou com força mas a pelota tocou nas costas de Renato e foi para a esquerda onde estava Pinga I.
ser	ser	mais efetivo que o seu proximo adversário , pois conquistou 18 golos enquanto que o Boca somente 14; além do mais , o arco do Independiente foi vencido 15 vezes e o boquense 16 .
ser	ser	Todavia , o que vimos foi um quadro completamente diferente , um conjunto mais harmonioso e que obrigou aos seus vencedores maiores esforços dentro da movimentação .
ser	ser	O ponteiro Bentes teve atuações fulgurantes , e nas redes Capela foi em quasi todos os jogos , uma garantia .
ser	ser	O zagueiro central Curado começou muito bem , mas , lesionado , esteve fora do quadro , e quando voltou , não mais foi o mesmo .
ser	ser	Mas , ao lado disto , devemos dizer que o nosso clube conseguiu repetir a atuação das demais encontros , uma vez que o proprio publico , calculado em mais de 25 mil pessoas , foi unanime em reconhecer o valor dos nossos craques , vaiando o juiz desta partida , um dos causadores da derrota dos nossos .
ser	ser	Quando Claudio tentou invadir a área , foi barrado por Alfredo , que classicamente desarmou o ponteiro corintiano .
ser	ser	O Corinthians respondeu à altura , e Nelsinho foi quem finalizou e Mario defendeu com segurança .
ser	ser	Passados esses momentos o São Paulo voltou a atacar com vigorosidade e foi Friaça quem , aos 13 minutos atirou com muita violência mas sem direção .
ser	ser	O segundo tento do Juventus foi assinalado por Julio , aos 23 minutos do período final .
ser	ir	Cobrado pelo proprio Friaça , Augusto saltou , desferiu a cabeçada e o balão foi de encontro à trave superior .
ser	ser	O resultado final de 2 a 2, foi esplendido , para a Ponte Preta que , embora jogando com empenho , não apresentou atuação satisfatória e que justificasse as credenciais de que vinha precedida .
ser	ser	A formula preconizada por Otto Gloria , para o ataque , com Tesourinha , Ipojucan , Edmar , Maneca e Friaça deu o mais completo resultado e foi , justamente , dai que nasceu o caminho para a insofismável vitoria desse « rolo compressor » , que é a esquadra de S. Januario .
ser	ser	Outra vitoria convincente foi a do Guarani , embora caseira , contra a Ferroviaria e o Bugre nos parece já um quadro equilibrado , assim como acentuada a vitoria do São Bento , também caseira , contra o America .
ser	ser	O único prejudicado na perda de pontos foi o São Paulo , que deixou de ser o mais proximo perseguidor do líder , de modo que a situação se esclareceu mais .
ser	ser	O pior foi o Paulo Borges abrir a contagem e depois se esquecer que o « Diabo » sempre foi fogo diante da sua diabólica torcida .
ser	?	Por seu turno , o Palmeiras foi bem em Campinas e ganhou .
ser	ser	O que pesou mesmo na balança foi a derrota frente ao Fluminense .
ser	ser	Portanto , nem foi preciso que se fizesse a pergunta .
ser	ser	Os dirigentes do Flamengo protestaram veementemente afirmando que o julgamento foi uma brincadeira .
ser	ser	Esta decisão foi tomada depois de uma serie de reuniões que iniciou a 1 hora de sexta-feira e terminou somente às 2h30 da madrugada ontem .
ser	ser	Muita gente torcendo por sua equipe e por seus ídolos que começam a surgir , como foi o caso do ponta-esquerda Stefano , do São Paulo Futebol Clube .
ser	ser	Hoje este campeão quer a reafirmação de seu titulo contra o rival de sempre : o Cruzeiro que foi o grande gigante nas rodadas finais .
ser	ser	O juiz foi Climaco Tavares .
ser	ser	Aos 25 minutos , do segundo tempo , foi expulso Rabelo , por ter se insurgido contra a marcação do juiz .
ser	ser	Nelson , se considerarmos o retorno após uma contusão , também agiu discretamente , o ataque foi melhor na segunda etapa .
ser	ser	O uruguaio correu , largou o pé na bola e ganhou uma primazia negativa foi o primeiro jogador a perder um penal no campeonato .
ser	ser	Em duas ocasiões , quando o Peri estava contundido foi deslocado para a ponta canhota .
ser	ser	Rocha , fazendeiro no Uruguai , com plantação de laranjas , é um bom rapaz muito tranquilo , foi contratado , entrou no Robertão , sem ter sido preparado para tanto .
ser	ser	Mas sua resposta foi imediata .
ser	ir	E foi entrando até encontrar a reportagem que o esperava .
ser	ser	Aos sete minutos foi chutada uma bola contra o arco de Lourenço .
ser	ser	O terceiro jogo foi no estaádio Centenário , em Montevidéu , por interesse da televisão argentina (veja acima) , que só queria atravessar o Rio da Prata .
ser	ser	Ele foi julgado no artigo 305, por jogo violento , explicou o vice-presidente José PauIo Fernandes .
ser	ser	Como o jogador foi punido com apenas um jogo de suspensão , não cabe o efeito suspensivo .
ser	ser	Ao contrário do que se falou durante toda a semana o time colombiano mostrou ser bom , dominou sem problemas a partida e foi mais perigoso do que o River Plate , adversário palmeirense na fase anterior .
ser	ser	O maior fracasso entre os atletas contratados pela Lusa foi o atacante Didi .
ser	ser	O gol do Fenômeno foi contestado , pois dois jogadores do time milanês estavam impedidos .
ser	ser	O fato de o Timão só voltar a jogar na quarta também foi motivo de sorrisos no Parque .
ser	ser	Temos de jogar logo para mostrar que a partida contra o Palmeiras foi apenas um acidente de percurso .
ser	ser	Nossa equipe foi bem superior ao adversário e , se não tivéssemos perdido tantos gois no início do jogo .
ser	ser	Seu passe foi comprado pela Parmalat e o atleta quase acabou no Juventude .
ser	ser	O jogador acredita que foi expulso injustamente na derrota para o time campineiro .
ser	ser	O meia também conta que a opção de frequentar o Parque São Jorge foi sua .
ser	ser	O volante Narcisio foi expulso de campo junto com Darci e preocupa o departamento médico .
ser	ser	O meia , que foi considerado pela Fifa o melhor jogador do mundo no ano passado , até estava sendo criticado por suas últimas atuações com a camisa canarinho .
ser	ser	A ofensividade sempre foi sua marca registrada e na Seleção ele a manteve .
ser	ser	Além disso , o Brasil foi a pior equipe da Olimpíada em termos físicos .
ser	ser	A Seleção foi um time sem força » .
ser	ser	A equipe de Portugal foi o grande destaque da primeira rodada das eliminatórias européias para a Copa do Mundo de 2002, que tiveram seis jogos ontem , complementando os 15 realizados sábado .
ser	ser	Além deles , quem também vibrou muito com o resultado da partida foi o presidente do Botafogo , Mauro Ney Palmeira .
ser	ser	O primeiro tempo foi sofrível , com o Santos tendo o domínio da partida , mas não levando perigo ao goleiro João Carlos .
ir	ir	O jogador que fez o único gol corintiano viveu uma situação curiosa : foi comemorar o feito sozinho .
ser	ser	O destaque da rodada do fim de semana foi o Etti Jundiaí , que continua imbatível no Módulo Branco da Copa JH .
ser	ser	Como o torcedor responsável foi identificado pela polícia , o Peixe deve ser absolvido .
ser	ser	O placar foi enganoso .
ser	ser	Neste molde o comprimento normal da saia foi encurtado 7 cm .
ser	ser	Nosso modelo foi efetuado com linha fosca mercerizada e bordada em ponto cheio sôbre voil de algodão .
ser	ser	As receitas do gorrinho e longa écharpe encontram-se na descrição dos trabalhos manuais : Nosso costume foi confeccionado em Rayon-Truverd-Linho .
ser	ser	No parque da Prefeitura de Viena , cujo prédio foi construido em estilo neogótico , em 1884 conjunto de suéter e saia comprida de corte reto (alonga a silhueta) .
ser	ser	Enquanto os manequins desfilavam no Rio de janeiro em « demarche » elegante , trazendo um pouco da atmosfera parisiense no « frou-frou » dos vestidos Balmain , a reportagem de O.ruzeiro inverteu a ordem das coisas , realizando uma façanha até então inédita que foi promover o desfile da sinuosa paisagem carioca ante os olhos maravilhados das francesas intencionalmente « chics » .
ser	ser	Mas não foi assim porque havia outras igualmente belas .
ser	ser	Uma das mais recentes foi consagrada às Fabulas de La Fontaine ; outra , aos sete pecados capitais , que cada comerciante ilustrava à sua maneira , em um tom de ironia que o próprio arcebispo não reprovaria .
ser	ser	« Béryl » foi o nome dado a este vestido pela costureira que o criou .
ser	ser	Continuar no desenho até o fim da carreira 36.a da pala , com uma inserção de ponto de rendado nas duas extremidades da carreira , como já foi começado .
ser	ser	Se você mora numa região onde sempre é : verão , ou está programando férias sob altas temperaturas , esta reportagem foi feita sob medida para você .
ser	ser	A metragem foi calculada para um tecido com quadrados de 6 cm de lado .
ser	ser	O modelo foi calculado para malha com fator 1 de elasticidade .
ser	ser	Introduza a perna revirada na que não foi revirada , deixando os dois lados do modelo com direito sobre direito do tecido .
ser	ser	Corte 0 molde foi calculado para malha com fator 1,05 de elasticidade e 37 cm a mais na medida original da cintura .
ser	ser	Parte de sua fortuna , avaliada em US$ 62 milhões foi ganha no ano de 2001, quando lucrou US$ 12,5 milhões .
ser	ser	St. Laurent que foi o primeiro a impô-las na Alta Costura , deu-lhes um novo ar .
ser	ser	Também o jérsei foi vedeta no desfile realizado em Osaka .
ser	ser	Intermezo foi o nome que Jacques Grife pôs a este lindo vestido de noite , executado em organdi azul-marinho , com pintas brancas , um arando « empiècement » segura a roda imensa da saia .
ser	ser	No modelo que apresentamos a cogula foi trabalhada em conjunto , com um conjunto de agulhas n. 3 .
ser	ser	É de se acentuar que estes últimos cursos foram rigorosos e o número de candidatos que os iniciaram foi bem superior aos dos que lograram diplomar-se , eliminados que foram muitos , no seu decurso .
ser	ser	Para facilitar o controle da dose de cloroquina empregada , o tratamento foi sempre feito com um mingau , adicionado de uma mistura contendo 5 gramas de sal de cozinha e 75 mg de difosfato de cloroquina (45 mg de base) e depois submetido a fervura .
ser	ser	A causa disso , esclarece o Dr. Infante Vieira , vamos encontrar , evidente e decisiva , na diminuição do número de meninos matriculados no Posto nesses dois anos , tendo caído a matrícula diária de 105, que foi em 1937, a 68 e 62 nos anos de 1938 e 1939 .
ser	ser	Para evitar êsses inconvenientes , nos outros casos não foi praticada a sutura do pulmão .
ser	ser	Todos os autores estão mais ou menos concordes que a extensão das alterações pulmonares após a toracicoplastia não é tanto dependente da amplitude da mesma e do tempo decorrido após a operação , mas sim da extensão da patologia pulmonar no momento em que foi feita a intervenção .
ser	ser	Se puder agir na horinha em que a tinta foi derrubada , tanto mais fácil .
ser	ser	A paciente foi intubada sem perda de tempo , com tubo de Magil nº 36, com manguito , e feita respiração controlada em circuito « vai-e-vem » semi-fechado , com 10 litros de O2, por min .
ser	ser	No dia 9 de Julho , ela foi internada no Hospital Emílio Ribas , com meningite .
ser	ser	Se o inquérito publicado por Alfredo Kinsey em 1948 ( « Comportamento Sexual do Macho Humano » ) foi surpreendentemente revelador , os estudos mais recentes de Masters e Johnson mostraram que pouco evoluiu o conhecimento sexual do americano médio nesse meio tempo .
ser	ser	A nova droga ainda tem nome em código , CB 10252, com as iniciais do instituto de pesquisas onde foi descoberta : Chester Beathy Research Institute , na Inglaterra .
ser	ser	O vírus da rubéola foi isolado , em 1962, por Parkman , Meyer e Buescher , Arlein e Neva , simultaneamente .
ser	ser	Um ano depois , superado o fator inquietante , a produção do líquido seminal foi restabelecida normalmente .
ser	ser	A cobra não venenosa deixa seis fileiras de marcas ; a venenosa só deixa quatro fileiras , mas , ao mesmo tempo , ficam marcados dois sinais muito maiores (e profundos) em cada extremo correspondente ao lugar onde se situam as presas do ofídio , por onde o veneno foi injetado .
ser	ser	Não administre estimulantes à pessoa que foi mordida por cobra , nem álcool , em hipótese alguma .
ser	ser	A analista de recursos humanos Rosmari Gomes , 39 anos , foi uma das adeptas do programa .
ser	ser	Adiar ao máximo esse encontro sempre foi o maior desafio da ciência .
ser	ser	Além disso , como muito bem salientaram Lieber e Rubin , ainda que a infiltração gorda não tenha sido significativamente diferente entre os animais que receberam álcool e os que beberam apenas sucrose , a mortalidade foi maior no primeiro grupo , o que ilustra a diferença entre os efeitos do álcool e dos hidratos de carbono neste particular .
ser	ser	Não foi registrado nenhum óbito .
ser	ser	O paciente deve sentir-se , desde o início , como participante ativo no processo de cura e não como criatura passiva , que apenas recebe a medicação e segue o esquema alimentar que lhe foi ordenado pelo facultativo .
ser	ser	Às famílias dos alunos foi dado conhecimento dos dados fornecidos pela observação radiológica e pela reacção tuberculínica , para que os doentes se entregassem aos cuidados dos seus médicos assistentes .
ser	ser	Que a morte de Lázaro foi devida a influência ocasional , demonstra-o o seguinte período extraído do relatório apresentado pelo chefe da missão , Sr. Fernando Correia .
ser	ser	Outro aspecto interessante dos nossos resultados foi o de se diagnosticar um número elevado de casos de sífilis activa , o que só foi possível com o excelente concurso que nos foi prestado pelo serviço de laboratório .
ir	ser#	Se foi mais importante , apliquem azeite virgem e água de cal , em partes iguais , em compressas , e tendo o cuidado de não enxugar .
ser	ser	A qual das três recorrer primeiro , ou como combiná-las , é uma decisão que tem de ser tomada pela equipa médica , tendo em conta inúmeros factores : o estádio em que foi detectado o cancro , a sua localização , a condição física do doente , a qualificação da equipa médica , entre muitos outros .
ser	ser	A operação numérica também já foi feita em Portugal e consta do Plano Oncológico Nacional .
ser	ser	« A.riação do Dia Nacional do Doente com AVC foi uma decisão governamental , após a reivindicação de alguns profissionais e doentes » , refere Machado Cândido .
ser	ser	« A.eça de teatro foi avaliada por médicos especialistas , o que as afirmações das duas personagens são baseadas na evidência científica » , esclarece o neurologista .
ser	ser	Na tentativa de encontrar uma resposta para esta questão , foi elaborado um estudo pela Novadir , empresa de estudos de mercado especializada na área Médico-farmac êutica do Grupo Marktest .
ser	ir	Então mamã , enquanto o filho se deitava , foi buscar à « farmácia doméstica » o termómetro , o irrigador e o saco de borracha para água quente .
ser	ser	Maria do Céu Brande -- Lamentamos ter de lhe disse que até à data não foi aqui recebido nenhum pedido de produtos de beleza .
ser	ser	Frei Salvador de Horta , o santo frade espanhol que tantos milagres realizou e cuja vida foi um modelo de virtudes , foi há um ano canonizado .
ser	ser	Este xarope foi estandardizado em conformidade com uma especificação aprovada pelo Ministério da Saúde e está actualmente à venda ao público .
ser	ser	A reeducação funcional nesse caso foi insuficiente .
ser	ser	O facto de esse médico haver conseguido o desaparecimento das cavidades de pulmões de doentes tuberculosos leva-nos a encarar um paralelismo de acções , conquanto neste caso não possamos assegurar se o mais importante fenómeno foi a passagem do metabolismo , do tipo fermentativo para o oxidativo .
ser	ir	Através dos milénios dessas tentativas de esquivança e domínio , o homem artificalizou-se gradualmente , foi perdendo a sua protecção pilosa natural , e acabou por ter de recorrer à sua capacidade de raciocínio para poder defender-se das intempéries e resistir às baixas temperaturas .
ser	ser	A resistência do seu organismo foi posta à prova ?
ser	ser	A incidência é rara e a neurotoxicidade foi associada à injecção de altas doses no líquido céfalo-raquidiano rodeando a espinal-medula para o tratamento da meningite tuberculosa .
ser	ser	Em 12 de 14 doentes , a vacina foi dada de seis em seis meses e verificou-se que o sistema imunitário de três respondeu de uma forma muito positiva .
ser	ser	O período fértil da mulher só foi determinado com rigor na década de 20 .
ser	ser	Outro perigo que a insulina afastou da vida do diabético foi o risco ligado à cirurgia .
ser	ser	Focos crónicos de infecção procedem , ou de uma doença aguda que se teve , e que aparentemente foi curada , ou se desenvolvem lenta , sorrateira e imperceptivelmente .
ser	ser	e , passado algum tempo , viu formar-se-lhe um tumor branco (designação particular que recebe esta forma de tuberculose articular) no referido joelho ; Laennec , a quem a Medicina tanto deve os seus primeiros e decisivos progressos no conhecimento da tuberculose , foi Laennec quem descobrir e vulgarizou o método de auscultação dos doentes ao realizar uma autópsia da coluna vertebral , feriu um dos seus polegares com um golpe da serra com que trabalhava , tendo-se-lhe formado , algum tempo depois , um abcesso tuberculoso que veio a originar-lhe a morte .
ser	ser	Para ela isso não passa de uma simples parte do mundo estranho em que foi introduzida e perante o qual reage de diferentes maneiras .
ser	ser	A razão foi a seguinte : Ao desenvolver esforço físico na tarde daquele dia , sentiu repentinamente mal , fraqueza , dificuldade em respirar , palpitações e grande mal-estar .
ser	ser	Aqui se esclarece , tanto quanto nos é possível , a pergunta que foi dirigida à « Saúde e Lar » por um assíduo leitor de Coimbra .
ser	ser	Anunciam , da Universidade de Chicago , que um paciente foi ali alimentado exclusivamente através da veia , durante nada menos que oito semanas , nada tomando por via oral a não ser um copo de água , de quando em quando .
ser	ser	Os estudos feitos no Instituto de Pesquisas Médicas de Londres lembram o que foi a época de 1946 quando as forças armadas voltaram do ultramar e em que se observou o maior surto de poliomielite com as consequentes paralisias que foi jamais dado observar e que deixou os serviços públicos , dedicados à saúde nacional , verdadeiramente aterrados .
ser	ir	Noutra mulher , de 53 anos de idade , apareceu um bócio que foi crescendo , cada vez mais e acometeu o nervo que controlava a corda vocal esquerda .
ser	ser	Por outro lado , convém lembrar que , da mesma forma como nos demais sectores da vida , « colhe-se aquilo que foi semeado » .
ser	ser	Nestas primeiras jornadas de Olivicultura da Terra Quente promovidas pela ADAB , Associação Distrital dos Agricultores de Bragança o lema foi 'A Oliveira e o Azeite Plano Nacional de Olivicultura suas implicações para Trás-os-Montes vale a pena investir no olival ?
ser	ser?	O general Videla , antigo chefe da Junta Militar no poder na Argentina entre 1976 e 1983, foi preso no início da semana passada , em Buenos Aires , sob a acusação de envolvimento no roubo de crianças e adopções ilegais durante a « guerra suja » .
ser	ser	Nesta iniciativa foi manifestada a vontade clara de se intensificar a cooperação , nomeadamente no que respeita às próximas eleições para o Parlamento Europeu .
ser	ser	Foi lá que se instalou Espartaco na década de 60 antes de Cristo para desbaratar sucessivos exércitos romanos que procuravam aniquilar a sua revolta dos escravos , foi lá que , pouco mais de 100 anos depois , na erupção de 79 da nossa era -- a primeira e a mais violenta registada na sua longa história de 19 séculos de actividade -- , as cidades de Pompeia e Herculano foram mumificadas pelas cinzas e Plínio , o Velho , perdeu a vida por excesso de curiosidade .
ser	ser	Corrijo-me : foi grande o impacto das declarações respeitantes ao líder do PSD -- que Belmiro , implacável e impiedoso , condenou à morte política , partidária , institucional (e não sei se só …) .
ser	ser	Honório Novo -- O.lano de trabalhos que existia para este Conselho não foi cumprido , não se traduziu no seu resultado .
ser	ser	Mas também foi feita a constatação de que os progressos visíveis e existentes no estabelecimento de consensos são muito limitados e recuados .
ser	ser	Não é por acaso que essa foi a questão única ou central que foi colocada em todos os referendos que se realizaram noutros países europeus .
ser	ser	A necessidade imperiosa de os trabalhadores se organizarem para travar esta ofensiva a que o Governo do PS vem cedendo ao patronato em toda a linha , nomeadamente através da revisão da legislação laboral , foi outra das tónicas presentes no debate .
ir	ir	E entre os sinais mais curiosos , ainda insuficientemente estudados , estão aqueles que o filme foi descobrir mais a sul do país , concretamente na zona de Alcácer do Sal e , em particular , na aldeia de Rio de Moínhos , onde se ouviram reveladoras histórias de mestiçagem acerca dos chamados « mulatos do Sado » ou , ainda , lá para as bandas do Alto Douro , aquela dança popular mostrada em velhinho filme , o « pingacho » , que embora cantada em mirandês apresenta na sua .
ser	ser	A revolta dos trabalhadores foi motivada pelo facto de , a poucos dias do fecho da fábrica , cerca de 140 trabalhadores continuarem sem oferta .
ser	ser	A explicação mais clara que foi dada para justificar a aquisição dessa segunda esquadra de F16 foi a que o Chefe do Estado Maior General das Forças Armadas deu no programa da RTP Grande Entrevista .
ser	ir	São já célebres alguns dos disparates que foi dizendo por aí .
ser	ser	Segundo dados divulgados em publicações oficiais , designadamente nos relatórios do Banco de Portugal , nos últimos 5 anos (de 1993 a 1997) o total das remessas dos emigrantes foi de 3.033 milhões de contos , ultrapassando os saldos dos Fundos Comunitários em mais de 761 milhões de contos .
ser	ser	Na segunda-feira , informava-se no mesmo comunicado , a USB foi recebida pelas direcções distritais do PCP e do PS .
ser	ser	Na Beira , a segunda cidade do país , Chivavice , da Frelimo , foi eleito presidente da autarquia com 58% .
ser	ser	e) Que o secretário-geral do PCP foi quem , no debate do Estado da Nação , colocou a António Guterres , a pergunta sobre a inutilidade do referendo sobre Amsterdão e interpelou o Governo sobre quais as consequências que extrairia desse referendo se a resposta fosse Não .
ser	ser	Em matéria de política externa e mais concretamente no que diz respeito à situação na Guiné , a intervenção do CEMGFA foi comedida , com a reafirmação constante de que o direito internacional foi e continuará a ser cumprido , não deixando contudo de fazer sentir a existência de dificuldades com o Senegal .
ser	ser	O futuro não foi -- não é -- como imaginávamos que fosse .
ser	ser	Na denúncia que faz , a Dors do PCP sublinha que as medidas agora postas em prática são fruto « da nova filosofia » dos TSF desde que foi privatizada pelo PS e que só o protesto dos utilizadores -- abaixo-assinados , tomadas de posições públicas , constituição de comissões de utentes e luta dos trabalhadores -- poderá obrigar a inverter a situação .
ser	ser	O carácter inovador da iniciativa foi certamente pensado para responder a duas imperiosas necessidades : a primeira , litoralizada , para cortar a rotina do Sol .
ser	ser	Ou o PSD , que já foi PPD e , mantendo o laranja , trocou o discurso autoritário de um poder que foi obrigado a deixar pela demagogia populista .
ser	ser	A opinião é do Partido Ecologista 'Os Verdes ' e foi recentemente tornada pública a propósito da vaga de incêndios que este ano voltou a atingir vastas áreas do território , consumindo a nossa floresta .
ser	ser	Porque a verdade é que a Lei de criação das regiões aprovada por maioria na Assembleia da República foi o resultado de um processo de debate parlamentar de mais de 2 anos , em que o PCP apresentou o seu próprio projecto e depois também , o PS , com a audição dos 275 municípios do Continente .
ser	ser	Espaço de escolha e de aquisição de livros , o pavilhão foi também ponto de encontro entre autores e leitores .
ser	ser	impor a sua visão restritiva , quer ainda para a concretização do acordo parlamentar entre os partidos da oposição , foi essencial a acção da CDU do Faial , do PCP/Açores e da sua Representação Parlamentar , disse Decq .
ser	ser	O Parlamento foi dissolvido , o Palácio Presidencial destruído a tiros de canhão e bombas da aviação , os partidos políticos proibidos .
ser	ser	Neste quadro , que ao contrário do que foi dito na SIC não preocupa só 'os intelectuais ' mas sim todos os que têm dois gramas de miolos e três dedos de decèncit .
ser	ser	O sindicato vai « dar a maior publicidade possível » ao abaixo-assinado que circulou nas redacções logo após o anúncio do despedimento e que foi considerado pelo presidente do SJ como « uma vitória da classe » e « o reatar da solidariedade entre os jornalistas depois do marasmo dos anos 80 " .
ser	ser	Rebatido por Rogério de Brito foi ainda o argumento de que a regionalização administrativa vai gerar injustiças e fomentar 'lobbies ' .
ser	ser	Tudo isto foi dito pelo PCP na Assembleia da República .
ser	ser	Esta foi a quarta candidatura em que participei e considero que foi de todos o processo mais transparente embora tivesse pouca participação .
ser	ser	A sede de Long Term Capital Maragement foi estabelecida em Greenwich , no Connecticut , logo que Meriwether deixou os Solomon em Agosto de 1991, depois do escândalo com títulos inválidos da Tesouraria do governo dos Estados Unidos .
ser	ser	A regionalização foi outra questão levantada pelo Secretário-geral do PCP que considerou errado afirmar que a criação das Regiões no continente irá prejudicar a da Madeira .
ir	ir	de Estado para fins partidários , quando agora até se ouve o General Garcia dos Santos afirmar que , quando foi para a JAE lhe disseram que esta instituição tinha beneficiado uma determinada força política e que a partir daí era .
ser	ser	A Assembleia Municipal do Porto como também já foi noticiado -- aprovou uma moção contra o bloqueio.
ser	ser	A dimensão social foi obviamente secundarizada .
ser	ser	A questão do financiamento dos partidos e campanhas eleitorais foi também abordada pelo Primeiro Ministro .
ser	ir	O sol ergueu-se lá no longínquo extremo-oriente russo e foi acordando , um após outro , os onze fusos horários da enorme Federação Russa .
ser	ser	O reforço orgânico e de intervenção do Partido no sector , foi outro tema abordado e que , na opinião dos presentes , deve continuar a ser debatido no quadro da preparação da Assembleia do sector .
ser	ser	O outro momento alto do discurso foi aquele em que , recusando o pessimismo , tão comum num mundo dominado pelas forças obscurantistas e selvagens do capital , Fidel lembrou que nada está perdido e que a humanidade se acha em condições de dar resposta aos gravíssimos perigos que a ameaçam .
ser	ser	A unanimidade foi facilitada pelo temor de uma crise global do sistema (capitalista , claro) na qual a América Latina poderia inclusive cumprir o papel de espoleta detonadora .
ser	ser	Pelo espaço que tudo o que seja partidário do Não encontra na comunicação social , pelo que foi dito e por quem o disse .
ser	ser	Entre as suas obras de ficção , género que iniciou em 1949 com « Os Caminheiros e Outros Contos » , destacou-se a « Balada da Praia dos Cães » , um retrato vivo das contradições sociais , que foi tema para o filme com o mesmo nome , realizado por Fonseca e Costa .
ser	ser	A sua obra foi traduzida em línguas tão diferentes como o finlandês , o grego , o búlgaro , o catalão , o polaco , o italiano , o romeno , o russo , o alemão , o checo ou o castelhano .
ser	ser	« O.iscurso de racionalidade e equilíbrio não penetrou , porque a polarização da campanha foi extraordinária » , sublinhou .
ser	ser	A Avenida da Liberdade foi , assim , palco de um enorme desfile que , tendo partido do Marquês de Pombal , estava longe de terminar quando a sua cabeça chegou aos Restauradores .
ser	ser	A recusa categórica de tal instalação foi afirmada por todos , tal como a disposição de se lutar intransigentemente contra o projecto governamental , que vem penalizar de novo uma população que já sofre há décadas os graves efeitos da poluição industrial .
ser	ser	Acresce que o Governo do PS não desencadeou , ao contrário do que foi aprovado e recomendado por todas as forças políticas no relatório da audição parlamentar realizado pela Assembleia da República em Maio de 1996, nenhuma campanha sistemática de informação á opinião pública e de promoção da produção nacional de carne bovina , designadamente das raças autóctones com denominação e certificação de origem .
ser	ser	Lino de Carvalho não tem dúvidas , pois , que do conjunto de medidas propostas no Plano de Vigilância e Erradicação da BSE -- designadamente a vigilância sanitária das explorações e o esclarecimento da opinião pública e , sobretudo , a proibição da entrada na cadeia alimentar animal de materiais , de risco e sua destruição -- , « ou não foi , de todo , realizado ou só o foi de forma muito parcial ou tardia » .
ser	ser	A política de resíduos industriais e em particular a polémica co-incineração de resíduos industriais tóxico-perigosos em cimenteiras , foi tema de uma conferência de imprensa realizada , esta terça-feira , pelo « Partido Ecologista Os Verdes » , na sua sede , em Lisboa .
ser	ser	Primeiro foi a campanha do Pp destinada a fazer crer que a regionalização representaria mais tachos , mais impostos e mais corruptos .
ser	ser	A França foi , nos últimos 40 anos , o parceiro mais íntimo da Alemanha .
ser	ser	Baralhar para reinar foi o caminho escolhido por estes assanhados inimigos da regionalização .
ser	ser	Verberado é também o comportamento do Governo a quem acusa de 'cúmplice silêncio ' ou , quanto muito , a uma 'comprometedora declaração ' como a que foi feita pelo Ministro da Economia , Pina Moura , em que revelou estar « mais preocupado com os 'chamados mecanismos de retorno dos dinheiros públicos ' do que propriamente com as medidas a tomar para salvaguardar os postos de trabalho e o emprego destas famílias ' .
ser	ser	O 8º Encontro , após um debate em que naturalmente afloraram diferentes enfoques sobre as vias para fazer frente à « globalização » neoliberal , mas que foi dominado pela procura do consenso , aprovou uma Declaração Final de conteúdo claramente anti -- imperialista e um documento mais sintético , o Manifesto do México .
ser	ser	O horário da Joana , numa destas semana , foi este .
ser	ser	A intervenção de Paulo Portas no decorrer do espectáculo deprimente que foi a comemoração do aniversário da velhíssima 'Juventude Popular ', se é certo que pode ser atribuída , parcialmente , ao ambiente em que foi produzida ...
ser	ser	Mas se este é um episódio que apenas serve para atestar o grau de manobrismo e calculismo eleiçoeiro que animam a direita parlamentar -- quando é certo , como salientou Lino de Carvalho , que « os interesse que defende a nova/velha aliança revêem-se obviamente no núcleo duro deste Orçamento e desta política do PSD » -- o que foi verdadeiramente marcante no debate da passada semana foram as críticas oriundas da bancada do PCP , quer quanto à natureza essencial do Orçamento , quer quanto às suas orientações políticas centrais .
ser	ir	À medida que foi crescendo a exigência social de uma política de combate à droga capaz de responder à gravidade que a situação foi assumindo , foram os Governos , quer do PSD quer do PS , respondendo , no que ao Projecto Vida diz respeito , com fugas para a frente , 'reestruturando ', 'alterando 'ou 'reformulando ' algumas coisas para que quase tudo ficasse na mesma .
ser	ir	E naturalmente li-o com todo o interesse , que foi sendo inversamente proporcional ao avanço na leitura .
ser	ser	Um dos temas centrais da Conferência foi a reestruturação da organização sindical .
ser	ser	No final dos trabalhos , foi aprovada por unanimidade uma Resolução que sintetisa o debate e aponta para a necessidade de « uma política alternativa verdadeiramente de esquerda que garanta um novo rumo ao serviço dos interesses nacionais e do povo português » .
ser	ser	de 250 quadros participaram no Encontro promovido no passado domingo em Aljustrel , pelo Organismo Inter-regional do Alentejo , que foi encerrado pelo Secretário-geral do PCP , Carlos Carvalhas.
ser	ser	com o caso da expulsão de 21 professores de consagrado prestígio da Universidade , com os julgamentos em grupo como foi o caso do que ficou conhecido por « Julgamento dos 109 » , com a ilegalização do MUD.
ser	ser	D epois de uma emissão que narrou alguma coisa das circunstâncias em que foi aprovada há 50 anos a Declaração Universal dos Direitos do Homem , a RTP tem vindo a transmitir , em breves emissões de poucos minutos , abordagens de cada um desses direitos .
ser	ser	Um deles foi o do momento em que , exasperado pelas advertências sensatas do Grilo Falante , o boneco , para calar a denúncia das asneiras que fizera , pega num martelo da oficina do velho Gepetto , seu pai , e atira-o , certeiro , à cabeça do que era afinal a voz da razão .
ser	ser	O povo iraquiano , vítima do regime de Bagdade , e vítima destas sanções assassinas , foi agora novamente vítima dos mísseis Cruzeiro anglo-americano .
ser	ser	O ministro das Finanças continua sem dar resposta às sucessivas solicitações de audiência apresentadas pela Federação Nacional dos Sindicatos da Função Pública , e nem mesmo a recomendação do Provedor de Justiça sobre o abono para falhas foi seguida pelo .
ser	ser	, foi distribuída nesta quadra entre a população.
ser	ser	Esta pretensão foi chumbada pela Assembleia da Républica.
ser	ser	Mas o problema não está encerrado , como foi , aliás , já anunciado pelo Governo.
ser	ser	A palavra foi , então , dada a alguns convidados da Comissão Promotora que , a título pessoal , acederam ao convite do PCP .
ser	ser	comenta igualmente artigos publicados em Espanha em que políticos e escritores de direita perguntam por que não foi detido Fidel Castro quando em Outubro visitou a Extremadura , após a Cimeira do Porto ?
ser	ser	O Período Especial enquadrou uma luta quase ignorada nos países ricos do Ocidente , luta na qual a participação do povo foi decisiva .
ser	ser	A forma como decorre investigação dos casos de corrupção na JAE foi igualmente condenada pela FNSFP , que teme que « tantas comissões de inquérito » dêem « resultados nulos » .
ser	ser	Por outras palavras , como assinalou Lino de Carvalho , apesar da Lei orgânica do Ministério da Agricultura que prevê a criação daquele órgão ter sido publicada em Março de 1997, a verdade é que passados quase dois anos sobre essa data , esse « corpo ainda não foi criado de facto , não foi regulamentado e essa foi a principal razão que esteve na base da greve dos .
ser	ser	O primeiro foi festejado ; o segundo provocou sentimentos de indignação .
ser	ser	A nossa pergunta foi directa : O.esastre dos Fundos de investimento especulativos é um facto .
ser	ser	Mas a primeira semana do ano foi também escolhida para lançamento do big-show eleitoral PS , com um especial « Ponto de Encontro » para a apresentação das cabeças de uns tantos ex (ex-comunistas , claro) como troféus de caça do PS .
ser	ser	porém , impossível a participação das Câmaras Municipais , pelo que a representação autárquica nas assembleias de escola , foi delegada nas juntas de freguesia tendo , pelo menos no caso de Ramalde , a « descentralização » ido até .
ser	ser	pelas suas brilhantes intervenções como também por ser « um Homem de Convicções e um Homem de Carácter » , foi alvo de uma sentida homenagem da Assembleia da República , que aprovou por unanimidade um voto de pesar pelo seu .
ser	ser	Natália Filipe , dirigente do SEP , falou ao « Avante! " sobre a forma como os problemas , as propostas e as mudanças são vistas por parte dos representantes daquele importante grupo de trabalhadores da Saúde , salientando que « seja com este Governo , seja com os anteriores , nunca nada nos foi dado de mão beijada » .
ser	ser	Lembrado pelo parlamentar do PCP , a este respeito , foi a entrega do sistema de reservas à Swissair , com a alteração de horários tidos por convenientes para os passageiros .
ser	ser	O discurso foi , felizmente , muito diversificado .
ser	ser	Uma delegação foi recebida pelo governador civil de Setúbal , para onde a manifestação se deslocou , partindo da Praça do Quebedo .
ser	ser	A decisão das autoridades alemãs de retirarem o direito ao seguro de dependência para aqueles que embora tivessem feito as respectivas contribuições , saíssem do seu território , afectando em especial cidadãos de outros Estados-membros , foi motivo de várias perguntas de Sérgio Ribeiro à Comissão , com vista a que fosse estabelecido a igualdade entre os trabalhadores na Alemanha .
ser	ser	a terceira , é a de que está feita a demonstração prática de que a viragem para uma política de esquerda só é possível com o PCP e com o reforço do PCP ; porque nestes três anos de Governo do PS , nenhuma lei com cunho de esquerda , nenhuma medida de esquerda , foi aprovada sem ser por iniciativa do PCP ou sem o voto determinante do PCP !
ser	ser	produção , para que mudássemos de turno , não teríamos coragem para dizer não , mas o que se passou foi apenas uma tentativa de nos vergar e de arranjar motivo para nos despedir » , acusam , dizendo-se « com .
ser	ser	Um quadro perante o qual surgiu naturalmente a pergunta : « se são estas as condições mínimas que a REFER e o Presidente da Câmara consideram necessárias para a abertura e funcionamento de uma estação , então porque não foi aberta também a Reboleira ?
ser	ser	Para cada uma das hipóteses é solicitado ao clínico que informe da data do início e do termo da prática que foi causa da .
ser	ser	Um argelino de 28 anos foi assassinado no sábado em Guben , no Leste da Alemanha , depois de agredido por cinco jovens com idades compreendidas entre os 17 e os 18 anos , já conhecidos da polícia por terem participado noutros confrontos .
ser	ser	Nos tempos mais recentes foi uma vitória em Portugal a Revolução de Abril e tudo o que dela permanece como marcas profundas da vida política portuguesa .
ser	ser	De referir que , no jogo Benfica/Guimarães foi guardado um minuto de .
ser	ser	Mas se a Assembleia foi um momento importante de reflexão e análise do trabalho e de definição de orientações para a actividade futura , tal só foi possível graças à grande participação dos militantes no debate .
ser	ser	Os abusos patronais foram igualmente denunciados ao PR e aos jornalistas durante a visita à Indelma , empresa fabricante de material eléctrico instalada no concelho do Seixal e que foi visitada por Jorge Sampaio terça-feira à tarde .
ser	ser	Aqui chegados , é bom não esquecer que foi com o mesmo social-democrata Bulent Ecevit como primeiro ministro que a Turquia invadiu Chipre em 1974 .
ser	ser	por Fausto Neves , responsável pela Organização Concelhia e membro da Comissão Executiva da DORAV , depois de amplamente discutida foi aprovada no final por maioria com uma abstenção.
ser	ser	Esta aprovação só foi entretanto possível devido à aceitação pela bancada laranja de alterações propostas pelo Grupo Parlamentar do PCP , que disso fez depender o seu sentido de voto .
ser	ser	Aliás , não foi por acaso que a Administração , com a ajuda das organizações da UGT , tudo fez para a afastar da mesa de negociações .
ser	ser	Este foi , aliás , um dos fios condutores de toda a argumentação aduzida pela parlamentar comunista.
ser	ser	Os nossos companheiros foram expulsos , torturados , condenados e um ano ou dois anos depois os tribunais dizem que a expulsão foi ilegal .
ser	ser	Quando esta pessoa entrou para a prisão para cumprir a pena foi vista pelo médico do centro penitenciário que localizou hematomas e registou a sua descoberta por escrito .
ser	ser	A sua vitória sobre a esquadra naval miguelista após uma batalha que durou mais de duas horas ao largo da baía de Lagos (05.7.1833) foi decisiva para a causa dos liberais .
ser	ser	Muito debatido foi também o regime de caudais e a ausência de capacidade de controlo do Estado português sobre a quantidade e a .
ser	ser	dos Serviços de Informação , resultante da demissão dos membros que integravam o órgão com competência para o efeito , foi considerada pelo líder parlamentar comunista como « indesejável e preocupante » .
ser	ser	da contestação estudantil Alvo de um forte movimento de contestação estudantil , a Lei de Financiamento do Ensino Superior Público foi considerada pelo Grupo Parlamentar do PCP como um instrumento de ainda maior elitização no acesso ao ensino superior e de .
ser	ser	O ataque da Nato à Jugoslávia foi condenado por todos os congressistas e todas as delegações internacionais .
ser	ser	Mas o que foi apresentado foi a aritmética , a quantificação possível .
ser	ser	No « Público » de segunda-feira , palmas por que não foi zero , antes foram umas linhas sobre a guerra pelo meio de uma peça sobre o tema (finalmente , com muitos dias de atraso , o « Público » descobriu que o PCP condena o ataque da Nato) .
ir	ir	Razão por que uma das primeiras acções desta associação foi pedir ao Governo a ratificação da Carta Social Europeia Revista que , entre outras cláusulas , prevê a .
ser	ser	O resultado foi que só a importância com que 15 .
ser	ser	A minoria judaica foi sempre minoria mas após a conversão forçada constituiu uma minoria particularmente activa e poderosa na evolução da nossa época moderna .
ser	ser	O pretexto do Encontro foi a comemoração do .
ser	ser	Não foi para isto que a Revolução se fez !
ser	ser	Não celebramos o 25 de Abril como um acto de conformismo ou de lamentações sobre o que foi destruído e sobre as promessas não cumpridas .
ser	ser	O encontro foi marcado por intervenções de denúncia das tentativas de branqueamento do fascismo e de repúdio pela intervenção da Nato na Jugoslávia .
ser	ser	Em Abril de 1989 a Lei de Caducidade da Pretensão Punitiva do Estado foi aprovada numa consulta popular com 55% de votos a favor e 42% contra .
ser	ser	A escolha não foi certamente deles , mas de quem pode e manda formatar o mundo e distribui o produto -- uma visão redutora da realidade nacional .
ser	ser	Testemunhos e factos que « outros » contam em livros de memórias e a partir dos quais é possível recompor com verdade o « puzzle » da história desse tempo , em que o Partido Comunista foi sistematicamente apodado de « antidemocrático » .
ser	ser	Mas só por negligência de leitura , entretanto , se pode considerar esta proposta abortada de lei , como o fizeram alguns deputados do PSD e do Pp , marcada por « resquícios de estatização » ; acertada , sim , foi a longa e lúcida intervenção da deputada comunista Luísa Mesquita ao sublinhar , por exemplo , grandes incoerências no « regime de protecção » preconizado ...
ser	ser	No local foi descerrada uma lápide em sua memória .
ser	ser	Em Junho de 1974, foi escolhido como .
ser	ser	Fernando Morais , do Conselho Nacional da CGTP , informou que a comissão de luta , eleita para tratar do processo , foi recebida pelos grupos parlamentares -- todos , à excepção do Pp -- , aos quais solicitou que interviessem .
ser	ser	O maior e mais intrigante mistério que , em geral , povoa esta pré-campanha é como foi possível que uma tão densa cortina de nevoeiro e amnésia tivesse descido sobre factos amplamente conhecidos e reconhecidos e como .
ser	ser	O caso foi comentado abundantemente cá pela urbe , com muitas explicações dos especialistas sobre a validade dos textos apesar da inadmissível troca de identidades .
ser	ser	E se esta nova maneira de abordar a questão , visa fingir que não está a dizer , por outras palavras , o mesmo que antes já foi dito e repetido por ele e pelos seus parceiros de lista e de partido isto é : que o cabeça de lista do PS , enquanto tal , é candidato a presidente do PE então Mário Soares está a exorbitar no insulto à inteligência dos portugueses coisa que , não constituindo novidade na sua prática habitual , não pode deixar de condenar-se com veemência .
ser	ser	Trazido à colação pelo dirigente comunista foi o caso das crónicas filas de espera nos serviços de saúde .
ser	ser	Na intervenção política , Vanda Santos , candidata ao Parlamento Europeu , afirmou que « a guerra não foi , como se quer dar a entender , um último recurso » e lembrou que « o processo negocial de .
ser	ser	O MPRI que o Telegraph identifica como uma organização de mercenários profissionais foi formado por oficiais norte-americano de alta patente , e esteve ao serviço do Pentágono para organizar e treinar o Exército da Croácia .
ser	ser	Passo por cima da intervenção clara e justa de Pesarat Correia , que de resto não foi novidade para ninguém entre os que já o tinham ouvido falar da agressão da Nato , para referir com os indispensáveis relevo , vénia e espanto , a intervenção do comandante Virgílio de Carvalho , especialista de geoestratégia com formação nos Estados Unidos .
ser	ser	Contudo , o governo da altura optou por vender os prazos de transição por um prato de lentilhas e o que se verificou foi a crescente degradação da nossa agricultura .
ser	ser	Não pelos aspectos relativos ao alargamento das competências dos Parlamento Europeu , que consideramos positivos , mas porque este Tratado foi a reafirmação do Tratado de Maastricht , e este sim trouxe alterações muito profundas na integração europeia , que colocam grandes interrogações quanto ao futuro .
ser	ser	Esta foi , efectivamente , a solução encontrada .
ser	ser	No concelho do Barreiro , a candidata da CDU foi recebida com bolos e moscatel no Santoantoniense , onde se encantou com o trabalho de mulheres e homens que , de 1400 quilos de papel , fizeram 48 mil flores para enfeitar as ruas , de hoje até ao dia de Santo António e das eleições .
ir	ir	encontra profundas raízes num longo passado comum de resistência e luta contra o regime explorador e opressor e que se foi fortalecendo nos anos do Portugal democrático.
ser	ser	E foi isso que incomodou muita gente influente em França .
ser	ser	Recorde-se finalmente que em Novembro de 1996, já com o Governo PS , foi entregue a Champalimaud o resto do capital do Totta (13%) que ainda estava na posse do Estado .
ser	ser	Sabe-se agora , pelas declarações do Secretário de Estado Teixeira dos Santos e de deputados do PS , que na altura , contra o apuramento da verdade , foi feito um acordo entre o Governo do Engº Guterres e António Champalimaud para garantir a abstenção dos socialistas .
ser	ser	Abandonar a família e os amigos foi um acto de coragem .
ser	ser	E estou em crer que Eduardo terá exultado com o ameaçador gesto de paz que foi a « suspensão dos bombardeamentos » -- anunciada primeiro por Clinton e , depois , pelo seu criado Solana -- que antecedeu a ocupação do Kosovo por milhares de botas cardadas .
ser	ser	Para a próxima terça-feira , dia 29, foi convocado um dia de greve dos enfermeiros do Hospital Júlio de Matos , em Lisboa , que assim pretendem protestar contra a redução do número de profissionais por turno , decisão que foi dada a conhecer pela administração em Abril e que provocará uma diminuição da qualidade dos cuidados prestados aos doentes disse Guadalupe Simões , dirigente do SEP , à Agência Lusa .
ser	ser	ser feita e ainda que , relativamente às eleições acabadas de realizar , até já o mais substancial dessa reflexão foi logo feito em reunião do Comité Central.
ser	ser	A revelação foi feita durante a apresentação das conclusões das auditorias de gestão feitas pelo Tc aos sistemas de planeamento , execução e controlo no Plano de Investimentos e de Despesas de Desenvolvimento da Administração Central dos IP e IC .
ser	ser	Esse comportamento não foi uniforme ao longo das 11 semanas de bombardeamentos .
ser	ser	Não foi sem repugnância que tomei conhecimento da decisão do governo norte-americano de pôr a prémio a cabeça de Milosevic .
ser	ser	Por tudo isto , EPC foi convocado para a Convenção do Partido Socialista .
ir	ir	Só que a apreciação na especialidade foi sendo sucessivamente protelada , sob os mais diversos pretextos , até que , a 15 dias do final da Legislatura , o Grupo Parlamentar do PS recusou a votação na especialidade , invocando a necessidade de ser feita uma consulta pública .
ser	ser	Em todo o caso , aprovada que foi esta lei , importa lutar pela sua regulamentação e posterior aplicação , evitando o seu .
ser	ser	Foram também apontadas questões e propostas que poderiam figurar no Programa e foi defendida a elaboração e divulgação de um manifesto de dirigentes associativos apelando ao voto na CDU , a par de outras ideias para o trabalho que vai ser levado a cabo até às eleições de 10 de Outubro .
ser	ser	Promotor « da Embaixada do Alentejo ao Parlamento Europeu » , esteve como observador nas últimas eleições presidenciais na Rússia e foi relator do PE para o orçamento de 96 da UE .
ser	ser	A grande conclusão é a de que o que foi feito de bom nestes quatro anos em grande medida ficou a dever-se a não haver uma maioria absoluta .
ser	ser	A auto-estrada do Algarve ficou a meio caminho , a Via do Infante não deu um passo e o IC27 (Beja-Castro Marim) andou para trás , pois chegou a estar considerado pelo anterior governo na fase de lançamento e foi remetido pelo actual para o purgatório do « a .
ser	ser	Pecado A.ede de gás natural não foi extensiva ao nosso distrito .
ser	ser	Ministério do Ambiente e do Ministério do Planeamento , do Equipamento e da Administração do Território , exigindo saber quanto foi gasto pelo Governo em publicidade ilegal.
ser	ser	Em 3 de Outubro desse mesmo ano foi assassinado o professor Delfín Sem Cedré , na quinta Novoa , Quemado de Guines , Las Villas , pelo bando .
ser	ser	Outra ajuda a Barroso foi oferecida pelo ressurgir -- no sentido fantasmático de ressurreição -- da poeirenta figura de Cavaco Silva .
ser	ser	de Abril dominam o programa e a própria decoração do Café Concerto , espaço que tal como no ano passado foi concebido pelo pintor Juan Soutullo.
ser	ser	Durante mais de 30 anos , Cuba apresentou provas destes actos de agressão , e nenhuma das administrações norte-americano foi capaz de apresentar uma única desculpa .
ser	ser	Dessa forma , em 10 de Outubro de 1981 foi possível reportar o último caso.
ser	ser	Desde já , a atenção foi focada no próximo Conselho Nacional , que reúne dia 9, quinta-feira .
ser	ser	Recordando que ainda não há um ano « a nossa mensagem foi uma mudança de política e não uma simples mudança de governo » , os signatários constatam que nos círculos eleitorais .
ser	ser	Ora , a 23ª Festa do « Avante! " foi tudo isso , teve tudo o que de bom tiveram todas as que a antecederam , mas teve mais do que isso .
ser	ser	« Mais CDU para construir a igualdade » , foi , entretanto , o mote que marcou a presença política no Pavilhão da Mulher .
ir	?#	Quando se sabe como este mesmo Conselho de Segurança foi célere e determinado a desalojar as tropas de Saddam Hussein do Kuwait , não olhando a meios para preservar os seus interesses no petróleo da região , ou como foi à ilharga dos EUA na recente destruição da Jugoslávia para dominar os Balcãs sob o pretexto da defesa dos direitos humanos violados no Kosovo , é de uma infâmia sem medida esta passividade do Conselho de Segurança perante a tragédia de Timor , cerzida de conluios e interesses sórdidos .
ser	ser	Com o mesmo objectivo , foi divulgado um documento nos Correios assinado por que 70 .
ser	ser	Em 1998, em grande medida em resultado do planeamento familiar implantado na década de 80, a taxa de natalidade diminui para os 16% , a taxa de mortalidade passou para os 6,5% e a taxa de crescimento demográfica natural foi de 9,5% .
ser	ser	Numa nota que distribuiu sexta-feira à comunicação social , a Festru/CGTP-IN afirma que o seu dirigente foi levado a julgamento « por ter exercido um direito legítimo , em defesa dos interesses dos trabalhadores do sector » .
ser	ser	Colômbia Colômbia Negociações de paz recomeçam A.equena aldeia de Uribe foi palco , no domingo , do início formal das negociações de paz entre as Forças Armadas Revolucionárias da Colômbia ( .
ser	ser	Mas o que sobressai no retrato humano do camarada e do amigo , é toda uma vida vivida em função do Partido e das mais variadas e complexas exigências da luta e a forma extremamente corajosa como sempre enfrentou torturas , perseguições e a vigilância policial a que foi constantemente submetido durante muitos anos .
ser	ser	Um discurso perante o Parlamento grego foi cancelado , após o Presidente americano recusar a solicitação do presidente do Parlamento para que a sua segurança desarmasse antes de entrar no hemiciclo (Financial Times ,) .
ser	ser	A intenção da ADtranz foi prontamente contestada pelos trabalhadores e pelas suas estruturas representativas .
ser	ser	Nenhuma data para a retoma da conferência ministerial foi entretanto avançada .
ser	ser	A Assembleia de Havana foi cenário de debates empolgantes .
ser	ser	De qualquer forma , dir-se-ia que naquelas palavras está quase tudo o que foi a I.epública e levou ao seu assassínio : a instabilidade provocada pelas tentativas armadas dos monárquicos para fazerem regressar o País à monarquia (contra a expressa vontade de D. Manuel) , o carácter burguês e quase sempre conservador dos sucessivos governos , a exasperação de uma classe operária que via traídas as esperanças que a República lhe suscitara , a repressão brutal contra operários cheios de razão .
ser	ser	No fundo , o Tribunal de Beja avalia , como adequada , a opção do município , tendo em conta , por um lado , a « natureza do interesse ameaçado » e , por outro , o facto de o Estado ser então devedor da autarquia e ter « formas expeditas de se ver reembolsado daquilo que não lhe foi pago » .
ser	ser	Um passo importante foi dado com as « Comissões de Praça » na unidade dos trabalhadores do campo Pereira Gomes tornara-se um quadro .
ser	ser	Finalmente , naquilo que foi interpretado como advertência solene aos EUA , o ministro afirmou enfaticamente que Moscovo não exclui a possibilidade de uma guerra .
ser	ser	O sindicato teve conhecimento de que foi apresentada ao administrador uma proposta de compra , que não foi aceite porque não satisfazia as condições exigidas pelos credores ; embora dispondo de « parca informação » , o sindicato .
ser	ser	por iniciativa do Grupo Parlamentar do PCP sobre o PROCOM (Programa de Apoio ao Comércio) , o Governo foi finalmente obrigado a quebrar o pesado e comprometido silêncio a que se remetera nos últimos meses sobre esta matéria .
ser	ser	A última emissão deste significativo esforço , aliás irregular no tempo e condicionado pelas oportunidades de momento , foi a entrevista feita a Elihu Katz , que foi director da televisão israelita .
ser	ser	A estrada junto à fábrica foi cortada mais do que uma vez .
ser	ser	Em Setembro , foi anunciado o encerramento da produção de adubos compostos na ADP , medida acompanhada por liquidação de 50 empregos , transferências de 130 trabalhadores para Setúbal com graves prejuízos .
ser	ser	A luta foi a resposta , não só dos atingidos directamente , como do restante pessoal da Adubos de Portugal , que vê com cada vez maior preocupação o caminho da empresa privatizada no verão de 1997 a favor de José Manuel de Mello , que agora faz questão de reassumir o nome e a tradição da CUF do tempo do fascismo .
ser	ser	O presidente deposto , Henri Konan Bédié , foi autorizado a sair do país , refugiando-se no Togo.
ser	ser	E foi isso mesmo que sucedeu .
ser	ir	Assim , indo até onde foi , o ex-ministro obrigou-se a ir mais longe , a ir até ao fim .
ser	ser	Não foi registrado até hoje um só incidente , um gesto agressivo contra norte-americano .
ser	ser	Dado como exemplo foi o facto de em 1996, existindo 116 genéricos com autorização de mercado , apenas 21 tenham sido prescritos .
ser	ser	Como foi possível chegar a esta caricata situação ?
ser	ser	A CGT entendeu que deveria consultar os bombeiros e foi marcada nova reunião para o dia 10 de Janeiro de 2000.
ser	ser	« Transportes , Trânsito e Estacionamento na Cidade » foi pois o tema do debate que os comunistas de Lisboa promoveram , ao fim da tarde de quinta-feira passada , num hotel de Lisboa , com a participação não só de eleitos comunistas nos órgãos autárquicos e nas organizações populares mas também de instituições e organizações que , « pela sua vivência diária » podem ajudar a uma visão global mais aprofundada das realidades e a encontrar respostas para os diferentes problemas .
ser	ser	Não é este o momento adequado para uma apreciação minuciosa ao conteúdo do texto produzido apreciação que teria que ter como ponto de partida inevitável o esclarecimento para quem dele necessite -- de que , no PCP , a renovação sempre foi vista como um processo permanente , contínuo , cujo conteúdo resulta da vontade do colectivo partidário e nunca como um acto individualizado , com início , fim e objectivos prévia e individualmente determinados .
ser	ser	Mas agora são os próprios porta vozes dos mandantes estrangeiros , que cozinhavam as suas « reformas democráticas a caminho da economia de mercado » , que vêm confessar que o resultado foi o « caos » -- e podiam multiplicar-se as citações dos sapientes peritos que agora o dizem e antes o endeusavam .
ser	ser	A acusação foi feita ao "Avante! " por três bancários comunistas , que há vários anos merecem a confiança e o .
ser	ser	O espírito do Encontro foi tão aberto que alguns delegados nas suas intervenções não hesitaram em questionar a existência dos Estados Nacionais , sustentando que a tendência lógica da história e uma suposta racionalidade do funcionamento do mercado tornarão em breve um estorvo a sua sobrevivência .
ser	ser	A social-democrata Tarja Halonen foi eleita domingo presidente da Finlândia , tornando-se na primeira mulher a ascender ao mais alto cargo do Estado neste país nórdico .
ser	ser	O problema é que durante anos nada , ou muito pouco foi feito pela modernização das FA ’ s .
ser	ser	Ao longo do tempo , nestes quase 79 anos , a vida do PCP foi marcada pela realização de congressos que lhe definiram o rumo , acertaram ideias , estabeleceram as direcções das lutas e as formas de organização .
ser	ser	Isso foi possível devido a uma queda de 50% das importações , inseparável de uma redução drástica do poder aquisitivo da população .
ser	ser	Os comentadores do costume atiraram-se à carcaça com uma fome antiga e foi vê-los , tremebundos , a celebrar exéquias durante todo o fim-de-semana.
ser	ser	Esta foi até 1996 o maior fabricante nacional de frigoríficos e arcas congeladoras .
ser	ser	A mesma política foi seguida por Bill Clinton , mais empenhado em combater as consequências do que em atalhar as causas da criminalidade .
ir	ir	O Acordo de Paz de Sexta-Feira Santa (10-04-1998) foi parar ao caixote do lixo .
ser	ser	A proibição da passagem de petroleiros a menos de 30 milhas da costa algarvia foi outra das propostas .
ser	ser	Um desses desafios foi aumentar a sindicalização , ao ritmo de 50 mil trabalhadores por ano , nos próximos 4 anos ; e está a ser trabalhado , em articulação com a acção sindical concreta .
ser	ser	Em 42, tivemos uma série de perdas : em Julho foram presos vários camaradas , nomeadamente o Pires Jorge , o Júlio Fogaça e o Pedro Soares e , em Novembro , foi preso o Militão Ribeiro.
ser	ser	Verberado pela bancada comunista no processo de constituição da holding foi ainda o facto de o Governo « não ter ouvido os trabalhadores » sobre essa decisão -- « longe vai .
ser	ser	Na Quinta da Atalaia , o aniversário do PCP foi comemorado com um almoço que juntou cerca de 350 pessoas e foi marcado por uma ambiente de grande fraternidade e confiança , enquanto no Centro de Trabalho da Soeiro Pereira Gomes , as comemorações , como habitualmente , constaram de um excelente lanche preparado no próprio Centro .
ser	ser	Esta revisão foi decidida pelo Ministério da Educação , sem proceder a quaisquer .
ser	ser	No mesmo dia , a causa do povo do Estado de Chiapas foi lembrada na manifestação promovida pela CGTP-IN , onde se integrou um grupo de jovens que acusou a UE de hipocrisia ao fazer vista grossa à violação dos direitos humanos no México em troca do acesso .
ser	ser	acharam-se a transpor uma fronteira , talvez a sua própria fronteira da maturidade , e para alguns esse foi mesmo um momento mágico : a revelação de que a liberdade é possível , e no nosso tempo -- não .
ser	ser	Na passada sexta-feira , dia 30, Mértola foi o palco de uma realização exemplar no âmbito desta luta por uma justa política de desenvolvimento regional .
ser	ser	segunda-feira pelo único critério justo e rigoroso que se impunha , ou seja o da correspondência entre o que realmente foi proposto e o que realmente aconteceu.
ser	ser	Para a quase totalidade dos comunistas presentes foi o primeiro Congresso do Partido em que participaram .
ser	ser	Não foi por acaso que José Cardenas , um dos directores da influente Fundação Nacional Cubano Americana , opositora feroz do regime cubano , veio a público dizer que a questão do menino balsero fez « reacender a paixão entre a comunidade cubano-americana que .
ser	ser	O primeiro dirigente sindical sapador bombeiro eleito em Portugal sofreu um processo disciplinar e foi despedido , considerado pela Câmara e pelo comando indigno de envergar a farda do RSBL porque distribuía comunicados do sindicato e exercia actividade sindical .
ser	ser	A posição foi anunciada sexta-feira , em conferência de imprensa , na cidade da Horta , por João Decq Mota , na sequência de uma reunião da Direcção do sindicato , passados mais de três meses da publicação do Decreto Legislativo Regional sobre o subsídio de insularidade .
ser	ser	O diagnóstico foi exaustivo , evidenciando as causas e as responsabilidades do Executivo .
ser	ser	A direita não aceita que eu fique solto ; segundo eles , o Zé Rainha é um perigo para a sociedade se continuar solto , esta declaração foi feita pela presidente da UDR , União Democrática Ruralista , organização de extrema direita que reúne o que tem de mais reaccionário no meio rural do Brasil , são todos latifundiários com mentalidade neofascista .
ser	ser	E aí não sei se o Movimento das Forças Armadas foi capaz de antecipar as melhores soluções , porque até fez a asneira rotunda (que felizmente foi ultrapassada) de pedir para que ninguém saísse de casa .
ser	ser	Ainda que incompleta , a nacionalização dos bancos foi um passo importante , quer para a tentativa da sua gestão democrática , quer para que o circuito para-monetário e financeiro estivesse ao serviço do objectivo de fazer a actividade económica com a intenção , pelo menos em parte , de satisfazer as necessidades da população .
ser	ser	A história mais divulgada sobre o aparecimento dos cravos no 25 de Abril foi protagonizada por Celeste Caeiro .
ser	ser	A contra-ordenação instaurada pela Direcção de Agricultura a propósito da instalação de uma unidade da gaseificação numa Área de Reserva Agrícola foi outra questão analisada pela Concelhia de Chaves do PCP .
ser	ser	Durante a conferência de imprensa foi salientada a urgente necessidade de todos os Estados subscreverem e ratificarem tanto o Tratado de Não Proliferação Nuclear como o .
ser	ser	O Dia Mundial do Livro e dos Direitos de Autor foi proclamado há cinco anos pela Conferência Geral da Unesco .
ser	ser	Durante mais de dois séculos , milhões de negros foram arrancados às suas etnias de origem , transportados como animais através do oceano e queimados como combustível humano nos engenhos produtores e exportadores de açúcar do nordeste do Brasil , naquele que foi o negócio mais lucrativo do mundo na época .
ser	ser	Um relatório secreto dos serviços de contra-espionagem da França (DST) confirma que a « conexão afegã » foi o motor da radicalização islamista , da fronteira do Sinkiang-Uigur chinês a Marrocos .
ser	ser	A imagem pública do debate em torno da liberdade religiosa não foi esclarecedora .
ser	ser	No extremo oposto , foi defendido que o Estado deveria romper qualquer ligação com a religião , assumindo o laicismo como ideologia de Estado .
ser	ser	A Grande Guerra Pátria foi uma prova dura para o povo soviético que desempenhou o principal papel na vitória sobre o fascismo .
ser	ser	O PCP manifesta-se contra o referendo que a Câmara quer efectuar sobre o mercado e lembra que não lhe foi necessário consultar a população para derrubar o cinema e o viveiro , decidir não expropriar nem utilizar o direito de opção na compra do Convento de S. Francisco ou construir a Marina e edifícios dentro do Rio Arade .
ser	ser	Mas também dessa criação artificial , « política » como foi dito , beneficiou quem soube utilizar o instrumento para fazer acordos ou contratos de importação em euros fugindo à valorização relativa que o dólar iria ter .
ser	ser	Mas podia e sabia pouco e o resultado foi o que se viu .
ser	ser	O Alqueva foi e continua a ser um projecto estratégico para o desenvolvimento do Alentejo , pelo qual o PCP foi o único Partido que sempre e coerentemente se bateu e continua a bater-se » , referiu .
ser	ser	A maioria foi condenada a dois anos de prisão com pena suspensa , mas Antónia foi ilibada devido à sua idade .
ser	ser	Com a concretização da reforma agrária , decidida em 9 de Fevereiro de 1975 na 1.ª Conferência dos Trabalhadores Agrícolas do Sul , foi oferecida « uma nova perspectiva de vida , uma esperança de dias melhores com paz , emprego , melhores salários e regalias , livres de exploração » , refere Gervásio .
ser	ser	Numa tomada de posição pública , no próprio dia em que o parecer da Comissão Científica foi divulgado , « Os Verdes » denunciam as muitas contradições das conclusões desta Comissão .
ser	?#	O seu feito , como o do Capitão Cook no século XVIII , foi a circum-navegação da Antárctica no pequeno barco Paratii , em que sozinho já cruzou o Atlântico e foi do polo sul ao do norte .
ser	ser	Mais tarde , em reunião com o Reitor da UBI , no Convento de Santo António , a delegação do PCP foi informada sobre a vida da academia , seus sucessos e problemas , tendo Carlos Carvalhas sublinhado , no final da reunião , aos órgãos de comunicação que o aguardavam , o facto de o PCP contactar sempre a realidade do País , e não apenas nos períodos eleitorais , para melhor poder intervir na resolução dos problemas .
ser	ser	Ele foi um trovador do nosso tempo .
ser	ser	A tábua excepcional data de cerca de 1530-1540 e foi pintada (segundo julgamos) por encomenda do bacharel de leis Estêvão de Matos , um promotor de justiça e correição da Guarda que foi criado de D. João III , védor das obras do castelo da Guarda , e que jazz nesta igreja .
ser	ser	E desta vez , o enorme recinto central de Évora foi de facto pequeno para tanta gente que , apinhada nas estreitas ruas , não conseguiu entrar na praça .
ser	ser	De tal modo que foi acusado pelo deputado do PCP de ser o único responsável pelo actual estado de coisas .
ser	ser	Este ano , o local escolhido para as Jornadas foi a ilha de Porto Santo , pelo que foi solicitado o apoio e o envolvimento das autoridades madeirenses , desde o governo regional aos serviços de protecção civil regionais e locais , passando pela autarquia envolvida .
ir	ir	Ao longo dos anos de ocupação foi estendendo a sua organização por todo o território , de tal forma que , para a população , a resistência sempre se identificou com a Fretilin .
ser	ser	Na sequência desse incidente foi detido em Dezembro um cientista de origem chinesa , Wen Ho Lee , que não foi acusado de espionagem , por falta de provas , mas sim de violação das normas de segurança da base .
ser	ser	Com presenças significativas em alguns sindicatos (Texteis , Mineiros , alguns sectores da Metalurgia e Indústria Automóvel) , a influência dos comunistas enfrentava contudo dificuldades graves em termos da cúpula nacional da American Federation of Labor e da situação complexa de poderosas estruturas sindicais dominadas pelo crime como foi nomeadamente o caso dos motoristas de longo-curso , os Teamsters .
ser	ser	A imensa batalha política e ideológica que travámos nos últimos quatro anos contra a privatização e pela melhoria do sistema público de segurança social , não foi só uma luta por objectivos justos e que mantêm plena actualidade .
ser	ser	Criticado pela bancada comunista foi , desde logo , o que Joaquim Matias classificou de « carácter centralizador » da proposta de lei , onde é observável a intenção de exercer o « controlo governamental » na definição , gestão e implementação nos programas de requalificação urbana e valorização ambiental e na gestão do III Quadro Comunitário de Apoio .
ser	ser	O Parque de Exposições de Braga prepara-se , pois , para receber nos próximos dias 7, 8 e 9 de Julho milhares de visitantes para quem , ao longo de mais de uma década , a Festa foi um espaço de convívio , de vivência cultural , de encontros e reencontros .
ser	ser	O resultado destas diligências , cujo desfecho se desconhece , foi antecedido pela confirmação do que há muito se suspeitava : antes de passar o poder aos social-democratas , em 1998, o gabinete de Kohl destruiu documentos internos sobre pelo menos duas controversas operações , a privatização da refinaria de Leuna e a venda de bildados à Arábia Saudita no início dos anos 90 .
ser	ser	Esta vertente , da intervenção social e política , sendo um dos aspectos fundamentais do espectáculo , não é no entanto o único : « o Zé Gomes escreveu sobre todos os aspectos da vida e foi também um poeta do íntimo , da alma » , observa o encenador .
ser	ser	A unanimidade com que foi saudado o adiamento da polémica « reforma » , que o Me continua entretanto a considerar como a solução para a inegável situação de crise que se vive no ensino , testemunha dos muitos desacordos existentes .
ser	ser	O problema da propagação do vírus da sida no continente africano , atingindo 11 milhões de pessoas no seio da SADC , numa população total de 190 milhões , foi outra das matérias em foco .
ser	ser	Julho de 1940, foi um mês terrível .
ser	ser	Como decerto muitos já sabem , « Survivor » foi o concurso que , a julgar pelas notícias especializadas , meteu num chinelo o « Big Brother » , que por acaso é uma invenção holandesa , ou pelo menos de uma empresa sediada na Holanda , mas foi nos States que atingiu todo o seu esplendor em matéria de audiências , isto não desfazendo nas conseguidas na Alemanha e Espanha .
ser	ser	Só que os tempos já não são o que eram : o palavreado do « Grande Comunicador » (Eduardo Prado Coelho dixit) foi chão que deu uvas , o seu discurso carregado de sinceridade ensaiada ao espelho só convence quem quer ser convencido e só agrada -- muito justamente , aliás -- aos chefes dos grandes grupos económicos que não vão a comícios .
ser	ser	E também nesta área , haverá que sublinhar e criticar severamente a postura de completo alinhamento do Presidente Jorge Sampaio com a política do Governo do PS alinhamento que , aliás , foi quase uma constante no seu mandato actual .
ser	ser	Na passada terça-feira , a proposta da Comissão Europeia foi analisada pela Comissão da Agricultura e Desenvolvimento do Parlamento Europeu , devendo ser submetida a Plenário na semana de 23 a 27 de Outubro .
ser	ser	A nossa primeira actividade foi a edição de um disco de apoio aos Zapatistas , cujos lucros vão integralmente para a construção de dois projectos em Chiapas nas áreas da educação , saúde e comunicação .
ser	ser	A moção foi apresentada dia 29 de Setembro pela CDU , apelando à administração da empresa , para que reintegrasse os trabalhadores , e à Câmara Municipal e ao Governo , para que intercedam na melhoria dos salários no sector têxtil .
ser	ser	Recentemente foi ainda anunciado o corte dos apoios comunitários às raças autóctones com graves incidências económicas e sociais em várias regiões do país .
ser	ser	A intervenção dos comunistas na batalha das quotas leiteiras , pelas reivindicações dos pescadores do atum e dos agricultores , a denúncia do atraso das obras de reconstrução após o terramoto e a luta pela sua concretização mostraram ao eleitorado o valor e a seriedade da CDU , assim como o que foi conseguido por essa luta no domínio da justiça remuneratória que levou ao aumento do salário mínimo e aos aumentos da Função Pública na Região e do complemento de pensão para os reformados .
ser	ir	Esta operação , além de pôr em causa os Princípios da Carta manifestamente inadequados ao presente , foi mais além , pondo em causa todo o Espírito Olímpico .
ser	ser	Digna de registo foi , ainda , a aprovação pela Assembleia Municipal de Palmela , na sua reunião de 28 de Dezembro , de nova moção apresentada pela CDU contra a co-incineração no Parque Natural da Arrábida .
ser	ser	Um acordo de colaboração nesse sentido foi assinado no passado dia 28 de Dezembro entre as duas entidades visando a racionalização daquele transporte na cidade com a consequente redução dos congestionamentos e índices de poluição , em particular no centro histórico .
ser	ser	O texto final contempla ainda a agressão contra qualquer Estado como um crime , mas este princípio foi deixado em suspenso até à definição do que se entende por « agressão » , o que só poderá ser feito aquando da revisão do estatuto do TPI , sete anos depois da sua ratificação por 60 Estados .
ir	ir	Nitidamente , ao longo do debate os concorrentes foram adquirindo lastro o da inteligência humana em exercício -- que , mais ou menos substantivamente conforme as aptidões de cada um , os foi puxando da etérea patetice em que flutuavam para o chão concreto do questionamento .
ser	ser	Por exemplo , em São Paulo foi feita uma pesquisa que mostrou que 80% das pessoas entrevistadas consideram que tem de ser feita a reforma agrária e mais de 60% apoiam as invasões de terras .
ser	ser	Mais a norte , na ligação da Beira Alta com Trás os-Montes e junto à fronteira com Espanha , a produção foi este ano muito inferior ao ano passado , e a qualidade é também inferior , devido ao mau tempo .
ir	ir	Entretanto , muita água correu sob as pontes e o UMTS foi avançando sem provocar grandes entusiasmos .
ser	ser	A utilização dessas bombas foi silenciada pela generalidade da comunicação social : o "Avante! " ficou praticamente sozinho na denúncia da barbaridade cometida (como já acontecera aquando da matança do Golfo) .
ser	ser	Tendo como objectivo « o reforço do exercício dos direitos , sem a pretensão de esgotar ou figurinar a capacidade criativa e participativa dos trabalhadores e trabalhadoras nos diversos locais de trabalho » , como se lê na introdução , foi lançado no Encontro Nacional o « Guia prático das Comissões de Trabalhadores para defender , afirmar e conquistar direitos » , constituindo uma actualização do guia anteriormente publicado , em Novembro de 1993 .
ser	ser	Nas primeiras duas reuniões dos ministros das Finanças da UE e da Ásia , em Setembro de 1997 e Janeiro de 1999, um dos assuntos centrais foi precisamente a recuperação das economias asiáticas , às quais se recomendava que diminuíssem a sua dependência das exportações .
ser	ser	Mas a intervenção do parlamentar do PCP foi ainda um olhar sobre outras realidades e outras lutas que marcam igualmente a vida da região , como sejam a luta dos trabalhadores da Grundig ; a contestação das populações e autarcas da Apúlia que recusam a exploração desenfreada do caulino e das areias ; a acção dos cidadãos e eleitos autárquicos de Barcelos , Famalicão , Braga e Guimarães que rejeitam opções que interferem negativamente na qualidade de vida ; a intervenção das populações da Morreira , de Trandeiras e de Celeirós em defesa dos seus centros cívicos .
ser	ser	Sendo de crer que , com a tomada de posse do novo Director do PNM , a tendência será de regressar à normalidade e fazer funcionar a instituição (não bastando promover na comunicação social a imagem do Parque , como foi dito na tomada de posse) importa não esquecer o que devem ser questões centrais na política de defesa do ambiente duma área protegida como é o PNM , nomeadamente .
ser	ser	Ora , o nosso idealista senador foi eleito presidente dos Estados Unidos a 8 de Novembro de 1960 e chegou a Viena em princípios de Junho de 1961 para conhecer Nikita Krushchev e falar sobre a guerra fria com o secretário-geral do Partido Comunista soviético .
ser	ser	Na vital eleição primária em West Virginia e na eleição presidencial em áreas como Cook County no coração das circunscrições de Chicago onde Giancana dominava , a presidência foi conquistada a dinheiro e com o triplo dos votos relativamente aos eleitores recenseados ...
ser	ser	A maioria das exposições foi fascinante e os debates impressionaram pelo seu alto nível .
ser	ser	Esta proposta foi , aliás , apresentada pelo PCP quando da discussão do PIDDAC 2001, mas os deputados do PS voltaram a votar contra , impedindo a concretização desta reivindicação que a Câmara de Constância também considera fundamental para o desenvolvimento do concelho .
ser	ser	Depois do 25 de Abril , foi eleito para o Comité Central do PCP , a que pertenceu desde 1979 até Dezembro de 2000 .
ser	ser	A repartição dos votos foi a principal questão que opôs pequenos e grandes países , uma vez que , em Nice , foi reforçado o peso relativo de países como Alemanha , França , Reino Unido e Itália , que passam a ter cada um 29 votos , num total de 345 (27 estados-membros) .
ser	ser	O diálogo foi enfiado na gaveta , junto das promessas , dos projectos , das utopias e dos sonhos .
ser	ser	Uma importante componente da resistência antifascista foi a iniciativa própria das mulheres na sua luta contra a subalternização e a submissão que o « Estado Novo » lhes destinou , em todos os aspectos da sua vida familiar , profissional , cívica , económica , política e social .
ser	ser	Em Março do ano passado foi entregue ao Ministério da Educação o caderno reivindicativo dos guardas nocturnos , onde se fazia sentir a necessidade de valorização desta carreira profissional e de atribuição de meios logísticos compatíveis com as exigências de segurança dos estabelecimentos de ensino e dos seus utentes .
ser	ser	Ao contrário de porta-vozes , como os representantes dos partidos que votaram contra o voto do PCP , a reacção da comunicação social foi de demarcação : desde a crítica frontal , passando por dúvidas e interrogações , até uma generalizada 'falta de entusiasmo ' .
ser	ser	Nomes do irmão , da mulher , do cunhado , do amigo da amiga , ali , alinhados , os que receberam empregos e favores , quanto ganham e como foi .
ser	ser	Esta semana foi a vez de Peniche e Vila Pouca de Aguiar .
ser	ser	A execução da parte coral foi , então , deixada a cargo de Carlos Alberto Moniz , Carlos Mendes , Fernando Tordo , Luísa Basto , Maria do Amparo , Pedro Osório e Samuel .
ser	ser	O projecto de resolução de « Os Verdes » , caso venha a ser aprovado , recomenda um prazo de dois meses ao Governo para elaborar e remeter à AR o recenseamento de todos os locais onde foi autorizado o licenciamento da actividade , bem como uma lista das empresas a quem foi concedida a respectiva autorização .
ser	ser	O questionário , baseado no Inquérito Nacional de Saúde realizado na década de 90, foi feito porta a porta , pela Adas , e envolveu 1.500 habitantes de Souselas .
ser	ser	A mesma horda bárbara que arrancou da sede da ONU em Kabul , onde estava asilado , o ex presidente Muhamad Najibullah , um revolucionário comunista , para o pendurar num poste depois de abatido com requintes de selvajaria , essa seita de inimigos da cultura e da condição humana foi guindada ao poder no Afeganistão com a ajuda e o dinheiro dos EUA .
ser	ser	Freguesia de características rurais , com cerca de 2000 eleitores , Canha foi profundamente abalada pela destruição da Reforma Agrária , tanto do ponto de vista económico , como do ponto de vista social e político .
ser	ser	Posteriormente , e tendo em consideração as conclusões do debate realizado , o Comité Central procedeu à elaboração de um projecto de documento que , a partir de Outubro , foi amplamente discutido por muitos milhares de militantes , submetido às alterações decorrentes dessa discussão e apresentado ao Congresso como Projecto de Resolução Política .
ser	ser	E só uma vez não foi ele bem sucedido .
ser	ser	A manobra não foi levada a sério .
ser	ser	A situação na Petrogal motivou expressões de descontentamento e indignação nos locais de trabalho , informou a Comissão Central de Trabalhadores , que promoveu uma « alargada jornada de contactos e plenários » entre 28 de Março e 20 de Abril , onde foi manifestada solidariedade para com a luta na laboração contínua de Sines .
ser	ser	Contando com a presença do secretário-geral do Partido Comunista Português , Carlos Carvalhas , foi apresentado no passado sábado o cabeça de lista da CDU à Câmara Municipal da Marinha Grande , João Barros Duarte , que quer « pôr fim à arrogância e incompetência do PS » .
ser	ser	E porque « a troca de experiências é essencial » , de par dos múltiplos exemplos relatados pelos oradores e participantes , foi ainda distribuída uma pequena mostra de projectos , com iniciativas que apostam , ora no uso da fantasia , ora no desenvolvimento de uma nova relação com a terra , passando pelo desenvolvimento local ou pela educação pela arte .
ser	ser	Porque ele foi , antes de ser , e é , depois de ter sido , razão de luta de muitos portugueses que querem um país diferente .
ser	ser	A federação sindical acusa os representantes patronais de pretender « manter salários baixos , não respeitando os direitos dos trabalhadores , particularmente o pagamento do subsídio de agente único , que foi adulterado , arrecadando o patronato milhares de contos que são dos trabalhadores » .
ser	ser	Como nunca foi nem será nosso timbre criticar por criticar , em sintonia com o Grupo Parlamentar do Partido Comunista Português e quando da discussão do Orçamento Geral do Estado para os anos de 1999, 2000 e 2001, foram apresentadas uma série de propostas a incluir em PIDDAC » , disse o candidato , realçando que o bom trabalho da CDU é reconhecido pelos adversários políticos .
ser	ser	Os mesmos dados indicam que o número de animais portugueses que entraram no esquema de compra para destruição foi de 34,7 mil , num total europeu de 481.881 animais , para o qual contribuíram a França (155 mil) , Irlanda (189 mil) , Itália (33.460) , Alemanha (31.200) , Bélgica (17,8 mil) , Luxemburgo (3,5 mil) , Espanha (16 mil) e Grécia (149 animais) .
ser	ser	Com a presença do secretário-geral do PCP , Carlos Carvalhas , e perante mais de quatrocentas pessoas , foi apresentado o primeiro candidato da CDU à Câmara Municipal de Grândola , o actual presidente Fernando Travassos .
ser	ser	O estudo foi divulgado na passada semana pelo Eurostat , gabinete de estatística europeu , que atribui o crescimento dos rendimentos agrícolas essencialmente redução contínua do volume de mão-de-obra no sector , que sofreu uma quebra de 3% .
ser	ser	Tudo isto foi facilmente obtido através da simples conservação na lei de um anacrónico conceito de « bons costumes » .
ser	ser	Este comportamento da multinacional foi acompanhado « da ameaça de que a seguir será pior , nomeadamente , que a empresa está a considerar a possibilidade de deixar de lhes pagar parte ou a totalidade dos seus magros salários » .
ser	ser	As comemorações dos 80 anos do PCP são assinaladas aqui com um artigo da autoria da camarada Georgette Ferreira , que foi durante muitos anos dirigente do Partido e que recorda o papel deste na mobilização e participação das mulheres comunistas .
ser	ser	Nuno Pato foi um dos seus fundadores e , ao longo do tempo , agarrou-se ao Ateneu como a uma segunda casa .
ser	ser	Considerando esta uma questão de « falta de credibilidade da lei » , João Amaral recordou ainda a este propósito a circunstância de a execução das três leis de programação militar anteriores padecerem deste problema , ou seja , nenhuma « foi executada a níveis minimamente aceitáveis , todas produzindo vultuosos saldos » .
ser	ser	O candidato foi dirigente da JOC , Juventude Operária Católica , sendo actualmente coordenador da Comissão Nacional da Pastoral Operária .
ser	ser	Porque já há uma Lei de Televisão que não é má , o que nunca foi é aplicada e talvez fosse boa ideia fazê-lo .
ser	ser	O caso foi referido pelo sindicato numa carta em que protesta contra o agendamento só para 15 de Junho de uma reunião , pedida à administração da cadeia de supermercados do grupo Jerónimo Martins .
ser	ser	O estudo foi efectuado depois de Berlim ter decidido adoptar um sistema que prevê , pela primeira vez , uma parte de capitalização para o financiamento das reformas .
ser	ser	« O.onceito de cidade não se pode circunscrever ao conceito de Polis e muito menos ao Programa Polis » , foi outra nota sublinhada pelos participantes , que ressaltaram , ainda , a importância do ensino e do desporto para a afirmação e valorização da cidade .
ser	ser	Depois , um segundo ciclo foi dedicado aos equipamentos colectivos de cultura , desporto e lazer , cuja qualidade , lembra , « é reconhecida a nível regional e nacional » .
ser	ser	Daan Everts informou ainda que para além das assembleias de voto no Kosovo (300) , um número ainda não definido de outras deverá funcionar na Sérvia e no Montenegro para que a população que foi forçada a deixar o Kosovo possa votar .
ser	ser	O exército foi convocado para dar segurança à cidade enquanto durou o movimento , chegando a estacionar tanques em frente ao batalhão para intimidar os grevistas .
ser	ser	O brio e o compromisso com os eleitores foi mais forte que a habitual conduta partidária .
ser	ser	É o que fez José Lamego ao afirmar , a propósito da eleição para a Câmara de Cascais para a qual foi atirado como candidato , que aquela disputa era entre ele e o doutor Capucho .
ser	ser	A queda das « ponto .com » , registada tanto em empresas viradas para os consumidores como nas especializadas em negócios entre empresas , foi mais rápida do que o esperado pelos especialistas do sector .
ser	ser	A investigação foi feita a partir dos meus17 anos , encontrando os paladares e conhecendo as vivências nas tabernas , nas tertúlias , nos barcos , em casa das pessoas ...
ser	ser	O cidadão norte-americano que em Oklahoma-City , num atentado , matou à bomba mais de uma centena e meia de pessoas foi executado a semana passada .
ser	ser	Agastada com Guterres , a ministra da Saúde revelou que pediu a demissão no dia 4 de Junho , a qual foi aceite uma semana depois ; mas Manuel Arcanjo reuniu dia 19 de Junho com a Federação da Função Pública , que aguardava a reunião havia ano e meio (desde 15 de Dezembro de 1999) , para discutir o caderno reivindicativo dos trabalhadores do sector (nomeadamente o suplemento de risco , as carreiras , o abono para falhas , o emprego precário e situações atípicas) .
ser	ser	Feitas as contas -- 20 a 40 mil por ano = 1660 a 3300 por mês = 55 a 110 por dia = 2 a 4 por hora verifica-se que , enquanto os quadrantes jantavam festivamente e se felicitavam pela « vitória » do seu « direito à vida » e se estimulavam « a fazer muito mais do que já foi realizado » ...
ser	ser	E há dois anos foi ainda mais divertido .
ser	ser	A garantia foi dada no final de uma reunião entre os organismos responsáveis pela qualidade da água de consumo público , cuja parte final foi alargada à Câmara Municipal de Évora .
ser	ser	A jovem foi apresentada no passado dia 23 de Julho , numa sessão em que participou a deputada do PCP no Parlamento Europeu , Ilda Figueiredo , que salientou a importância da candidatura da jovem e da mulher , incentivando e encorajando a sua participação activa na vida política da autarquia .
ser	ser	Meio milhão de pessoas foi chacinada .
ser	ser	Cobrar uma taxa de 15 contos para a emissão das autorizações de permanência aos imigrantes que tentam a legalização em Portugal é uma decisão que foi « liminarmente » rejeitada pela CGTP-IN na passada sexta-feira .
ser	ir	E o uso do telefone , ao tornar-se tão importante e ao constituir-se na base do processo ulterior de desenvolvimento das telecomunicações , foi transformando a situação comunicacional de tal maneira que as pessoas portadoras de deficiência auditiva viram reduzir-se , nessa vertente , o campo de manobra para a sua integração na Sociedade .
ser	ser	As diversas passagens em que a música foi prevista estão indicadas de forma precisa no seu texto e Beethoven , ao escrever a sua música de cena , não fez mais do que conformar-se estritamente com os desejos de Goethe , acrescentando .
ser	ser	Na Madeira também já foi feito um trabalho desse tipo em relação aos menores , não é ?
ser	ser	Ventos neofascistas Nunca como hoje a pretensão dos EUA para agirem como império universal e perpétuo foi tão transparente e perigosa .
ser	ser	Além disso , o ministro da Defesa passa a ter « inusitados poderes » para alterar os programas da própria lei e transferir verbas , o que dá força à ideia de que , tal como foi aprovada , a Lei é « uma fraude » .
ser	ser	A clara diferenciação muitas vezes ignorada -- entre promoção da saúde e o afunilamento na resposta à doença , foi uma das questões levantadas por José Calheiros , do Instituto Abel Salazar e José Barrias , psiquiatra .
ser	ser	A conferência foi inaugurada pelo ministro belga dos Negócios Estrangeiros e presidente em exercício do Conselho de Ministros da UE , Louis Michel , com um discurso em que destacou os objectivos do chamado Processo de Barcelona , que desde 1995 regula as relações entre os Quinze e os seus parceiros do Mediterrâneo .
ser	ser	A furiosa reacção do chanceler e do secretário-geral do SPD , Muntefering , ao comunicado do IG Metall é a prova de que o gabinete foi profundamente atingido » .
ser	ser	Entretanto , o antigo líder jugoslavo alega que o TPI é ilegal porque foi designado , em 1993, pelo Conselho de Segurança das Nações Unidas e não pela Assembleia Geral daquela organização internacional ; recusou-se a ler as acusações de que é alvo , e voltou a prescindir de advogado .
ser	ser	Três mortos , dezenas de feridos e a destruição de numerosas lojas foi o balanço de uma incursão de jovens nacionalistas russos , que na passada semana semearam o terror em Moscovo .
ser	ser	Bem , tiveram o exemplo de quatro anos e eu espero que seja suficiente para reconduzir este concelho àquele caminho que foi traçado pela CDU e que nós sinceramente acreditamos ser o que melhor serve o concelho .
ser	ser	Para propiciar a tomada de medidas urgentes , o PCP voltou a apresentar , em 20 de Setembro último , um projecto para alargar as coroas do passe social que ainda não foi agendado para discussão no Parlamento .
ser	ser	Aliás , o executivo foi o alvo da contestação , simbolizada pelos cartões amarelos mostrados pelos estudantes , que , a certa altura , chegaram a virar-se de costas para o Parlamento imitando a atitude que acusam o Governo de ter .
ser	ser	Órfão , foi criado na casa do avô e passou , depois , para a de um tio .
ser	ser	Sobre estas afirmações , a DORP , « sem pretender relatar o conteúdo da referida reunião de militantes , marcada por mais de três dezenas de intervenções » , declara serem falsas , pois « longe de constituírem uma opinião significativamente maioritária , como é afirmado na peça , foi reduzido o número de intervenções que abordam o referido documento no sentido que acima se traduz » .
ser	ser	Na sexta-feira , foi conseguido um acordo , caucionado pelo presidente da associação patronal do sector , comprometendo-se a Lusosuber a pagar aos trabalhadores , em duas prestações (a 14 e 29 de Janeiro) .
ser	ser	O sindicato valoriza o facto de o conselho de administração do hospital ter declarado que vai suspender até final do ano a decisão de não renovar regimes de horários acrescidos , mas vai solicitar reuniões com os administradores do São João e da Ars , uma vez que os enfermeiros ainda não viram revogada aquela deliberação , tal como não foi publicado um parecer de Agosto sobre competências dos enfermeiros-chefes (directores de serviço) ; este foi até contrariado por um recente comunicado do presidente da administração do hospital .
ser	ser	Em 2001 foi de 4,4% a inflação média em Portugal .
ser	ser	Nessa altura foi tomada uma decisão : os trabalhadores permaneceriam à porta da fábrica , impedindo qualquer saída .
ser	ser	Na reunião , em que intervieram mais de 20 camaradas e em que estiveram presentes alguns dos dez novos membros que recentemente aderiram ao PCP , foi manifestado o acordo geral com as conclusões da reunião do CC e debatida a intervenção do Partido nas próximas eleições legislativas .
ser	?#	foi tudo isto que foi derrotando o governo e que matou as ilusões de muitos que acreditaram numa forma diferente de encarar as responsabilidades públicas e de conduzir a acção governativa .
ser	ser	Aboim Inglez foi deputado à Assembleia da República e vice-Presidente do Grupo Parlamentar do PCP , e também deputado ao Parlamento Europeu .
ser	ser	O Ministério Público , segundo uma nota do STIV/CGTP , divulgada anteontem , « vai tentar ouvir os únicos e verdadeiros responsáveis máximos de toda a situação que foi vivida naquela altura » .
ser	ser	O que Berlusconi não disse foi se « a verdade » será apurada pelos principais implicados nos factos , ou se pelo contrário está disposto a aceitar uma investigação independente .
ser	ser	O melhor marcador foi José Cláudio , da equipa « A.relha » , com 11 golos marcados em quatro jogos .
ser	ser	Mário Dinis Vaz foi ainda júri dos campeonatos nacionais « Produções e Soluções » e « Correspondência » .
ser	ser	O resultado foi a ascensão de Suharto ao poder e a instauração de uma ditadura que durou 32 anos .
ser	ser	O que se ganhou foi muita tecnologia e muita acumulação de conhecimento .
ser	ser	A iniciativa foi divulgada no final da passada semana pela divisão de informação da CME , num comunicado onde reitera a garantia de que a água da rede pública de Évora « pode ser consumida sem qualquer restrição » .
ser	ser	Soprano Rosana Lamosa dá os primeiros passos na carreira internacional com apresentações na Ásia e Europa , nomeadamente na Suíça , onde foi solista do Stadttheater St. Gallen .
ser	ser	A decisão foi anunciada numa conferência de imprensa , que culminou mais uma jornada de contactos , com elevado sucesso , nos concelhos de Santa Maria da Feira e de Aveiro , e que contou com a participação de Jerónimo de Sousa .
ser	ser	Isto mesmo foi lembrado por Agostinho Lopes , antes de se insurgir contra o facto de o Governo não ter dotado a administração fiscal « das condições necessárias e suficientes para aplicar a nova lei » e , com esta , dar novos e decisivos passos susceptíveis de abrir caminho a « uma verdadeira e global reforma fiscal » , prosseguida no imediato com a reforma dos impostos sobre o património .
ser	ser	Três meses depois dos atentados em Nova Iorque e Washington , foi acordado em Bona o futuro político do Afeganistão .
ser	ser	Fizemos com que a Inspecção Geral do Trabalho fosse envolvida e , depois de um relatório que esta instituição entregou ao Ministério Público , o patrão foi chamado à atenção e reapareceu na empresa .
ser	ser	O Conselho Nacional da CGTP foi convocado para analisar ontem a situação político-sindical , designadamente no plano da acção reivindicativa , quando ocorrem diversas lutas por melhores salários .
