10-04-1998 foi	1
15 dias	1
53 anos	1
a 15	1
a apreciação	1
a cabeçada	1
a corda	1
a esquerda	1
a exigência	1
a frente	1
a fretilin	1
a ir	2
a jae	1
a necessidade	1
a partir	1
a pelota	1
a população	1
a ratificação	1
a reportagem	1
a resistência	1
a situação	2
a sua	3
a sul	1
a votação	1
acabou por	1
acerca dos	1
acometeu o	1
acordando um	1
acordo de	1
acções desta	1
adquirindo lastro	1
afirmar que	1
agora até	1
ainda insuficientemente	1
ainda lá	1
alcácer do	1
aldeia de	1
algumas coisas	1
alguns dos	1
alterando ou	1
alto douro	1
além de	1
além pondo	1
anos de	2
anos do	1
ao avanço	1
ao caixote	1
ao constituir-se	1
ao fim	1
ao governo	1
ao longo	2
ao presente	1
ao projecto	1
ao tornar-se	1
apareceu um	1
apreciação na	1
apresenta na	1
aptidões de	1
após outro	1
aquela dança	1
aqueles que	1
artificalizou-se gradualmente	1
as aptidões	1
as bandas	1
as pessoas	1
as pontes	1
assim indo	1
associação foi	1
assumindo foram	1
através dos	1
até ao	1
até encontrar	1
até onde	1
até que	1
até se	1
auditiva viram	1
augusto saltou	1
avançando sem	1
avanço na	1
baixas temperaturas	1
balão foi	1
bandas do	1
base do	1
beneficiado uma	1
borracha para	1
buscar à	1
bócio que	1
cabeçada e	1
cada um	1
cada vez	1
caixote do	1
campo de	1
cantada em	1
capacidade de	1
capaz de	1
carta manifestamente	1
carta social	1
causa os	1
causa todo	1
chamados mulatos	1
chão concreto	1
cláusulas prevê	1
cobrado pelo	1
coisas para	1
com a	1
com força	1
com fugas	1
com todo	1
combate à	1
comemorar o	1
comum de	1
comunicacional de	1
concorrentes foram	1
concretamente na	1
concreto do	1
conforme as	1
constituir-se na	1
consulta pública	1
contra o	1
controlava a	1
corda vocal	1
corintiano viveu	1
correu sob	1
costas de	1
crescendo a	1
crescendo cada	1
curiosa foi	1
curiosos ainda	1
célebres alguns	1
da carta	2
da enorme	1
da etérea	1
da inteligência	1
da legislatura	1
dança popular	1
das intempéries	1
das primeiras	1
das telecomunicações	1
daí era	1
de 53	1
de alcácer	1
de borracha	1
de cada	1
de combate	1
de deficiência	1
de desenvolvimento	1
de encontro	1
de esquivança	1
de estado	1
de idade	1
de manobra	1
de mestiçagem	1
de moínhos	1
de ocupação	1
de paz	1
de pôr	1
de raciocínio	1
de recorrer	1
de renato	1
de resistência	1
de responder	1
de rio	1
de ser	1
de sexta-feira	1
de tal	2
de uma	1
debate os	1
defender-se das	1
deficiência auditiva	1
deitava foi	1
descobrir mais	1
desenvolvimento das	1
desferiu a	1
dessas tentativas	1
desta associação	1
determinada força	1
dias do	1
disparates que	1
disseram que	1
diversos pretextos	1
diz respeito	1
dizendo por	1
do alto	1
do debate	1
do final	1
do lixo	1
do país	1
do portugal	1
do processo	1
do ps	2
do psd	1
do questionamento	1
do sado	1
do sal	1
do telefone	1
doméstica o	1
domínio o	1
dos anos	1
dos chamados	1
dos disparates	1
dos milénios	1
dos santos	1
douro aquela	1
droga capaz	1
e acabou	1
e acometeu	1
e ao	1
e domínio	1
e em	1
e entre	1
e foi	3
e luta	1
e naturalmente	1
e o	4
e opressor	1
e que	2
e resistir	1
em causa	2
em exercício	1
em mirandês	1
em particular	1
em que	1
em velhinho	1
embora cantada	1
encontra profundas	1
encontrar a	1
encontro à	1
enorme federação	1
enquanto o	1
entrando até	1
entre os	1
entre outras	1
entretanto muita	1
então mamã	1
ergueu-se lá	1
especialidade foi	1
especialidade invocando	1
espírito olímpico	1
esquerda onde	1
esquivança e	1
esta instituição	1
esta operação	1
estado para	1
estava pinga	1
estendendo a	1
estudados estão	1
estão aqueles	1
etérea patetice	1
europeia revista	1
ex-ministro obrigou-se	1
exercício que	1
exigência social	1
explorador e	1
extremo-oriente russo	1
farmácia doméstica	1
federação russa	1
feita uma	1
feito sozinho	1
fez o	1
ficasse na	1
filho se	1
filme foi	1
filme o	1
final da	1
fins partidários	1
flutuavam para	1
foi acordando	1
foi assumindo	1
foi avançando	1
foi buscar	1
foi comemorar	1
foi crescendo	2
foi de	1
foi descobrir	1
foi dizendo	1
foi entrando	1
foi estendendo	1
foi fortalecendo	1
foi mais	1
foi o	1
foi para	2
foi parar	1
foi pedir	1
foi perdendo	1
foi puxando	1
foi sendo	2
foi transformando	1
foram adquirindo	1
foram os	1
forma que	1
fortalecendo nos	1
força mas	1
força política	1
frente reestruturando	1
friaça augusto	1
fugas para	1
fusos horários	1
garcia dos	1
general garcia	1
gol corintiano	1
governo a	1
governos quer	1
gradualmente foi	1
grandes entusiasmos	1
gravidade que	1
grupo parlamentar	1
histórias de	1
homem artificalizou-se	1
horários da	1
humana em	1
idade apareceu	1
identificou com	1
importante e	1
inadequados ao	1
indo até	1
instituição tinha	1
insuficientemente estudados	1
integração na	1
inteligência humana	1
intempéries e	1
interesse que	1
inversamente proporcional	1
invocando a	1
ir até	1
ir mais	1
irrigador e	1
jae lhe	1
jogador que	1
já célebres	1
lastro o	1
legislatura o	1
lhe disseram	1
li-o com	1
longe a	1
longo do	1
longo dos	1
longo passado	1
longínquo extremo-oriente	1
luta contra	1
lá no	1
lá para	1
mais a	1
mais além	1
mais curiosos	1
mais diversos	1
mais e	1
mais longe	1
mais ou	1
mamã enquanto	1
maneira que	1
manifestamente inadequados	1
manobra para	1
mas a	1
medida que	1
menos substantivamente	1
mestiçagem acerca	1
milénios dessas	1
mirandês apresenta	1
mostrada em	1
moínhos onde	1
muita água	1
mulatos do	1
mulher de	1
na aldeia	1
na base	1
na especialidade	2
na leitura	1
na mesma	1
na sociedade	1
na sua	1
na zona	1
nas costas	1
natural e	1
naturalmente li-o	1
necessidade de	1
nervo que	1
nessa vertente	1
nitidamente ao	1
no longínquo	1
no que	1
nos anos	1
noutra mulher	1
num longo	1
o acordo	1
o balão	1
o campo	1
o chão	1
o da	1
o esperava	1
o espírito	1
o ex-ministro	1
o feito	1
o filho	1
o filme	1
o general	1
o grupo	1
o homem	1
o interesse	1
o irrigador	1
o jogador	1
o nervo	1
o pingacho	1
o regime	1
o saco	1
o sol	1
o termómetro	1
o território	1
o umts	1
o uso	1
o único	1
obrigou-se a	1
ocupação foi	1
onde estava	1
onde foi	1
onde se	1
onze fusos	1
operação além	1
opressor e	1
organização por	1
os concorrentes	1
os foi	1
os governos	1
os mais	1
os onze	1
os princípios	1
os sinais	1
ou ainda	1
ou menos	1
ou reformulando	1
outras cláusulas	1
outro os	1
ouve o	1
ouviram reveladoras	1
para a	5
para as	1
para fins	1
para o	1
para poder	1
para que	1
para água	1
parar ao	1
parlamentar do	1
particular na	1
partidários quando	1
partir daí	1
passado comum	1
patetice em	1
pavão rechaçou	1
paz de	1
país concretamente	1
pedir ao	1
pelo proprio	1
pelota tocou	1
perdendo a	1
pessoas portadoras	1
pilosa natural	1
pinga i.	1
pingacho que	1
poder defender-se	1
política de	1
política e	1
pondo em	1
pontes e	1
popular mostrada	1
população a	1
por aí	1
por que	1
por ter	1
por todo	1
portadoras de	1
portugal democrático	1
presente foi	1
pretextos até	1
prevê a	1
primeiras acções	1
princípios da	1
processo ulterior	1
profundas raízes	1
projecto vida	1
proporcional ao	1
proprio friaça	1
protecção pilosa	1
protelada sob	1
provocar grandes	1
ps recusou	1
ps respondendo	1
psd quer	1
puxando da	1
pôr em	1
quando agora	1
quando foi	1
quase tudo	1
que a	4
que ao	1
que as	1
que controlava	1
que embora	1
que entre	1
que esta	1
que fez	1
que flutuavam	1
que foi	4
que mais	1
que o	2
que para	1
que quando	1
que quase	1
que se	1
que uma	1
quer do	2
raciocínio para	1
ratificação da	1
razão por	1
raízes num	1
rechaçou com	1
recorrer à	1
recusou a	1
reduzir-se nessa	1
reestruturando alterando	1
reformulando algumas	1
regime explorador	1
renato e	1
reportagem que	1
resistir às	1
resistência e	1
resistência sempre	1
respeito com	1
respondendo no	1
responder à	1
reveladoras histórias	1
revista que	1
rio de	1
russo e	1
saco de	1
sado ou	1
sal e	1
saltou desferiu	1
santa 10-04-1998	1
santos afirmar	1
se deitava	1
se foi	1
se identificou	1
se ouve	1
se ouviram	1
sem provocar	1
sempre se	1
sendo inversamente	1
sendo sucessivamente	1
ser feita	1
sexta-feira santa	1
sinais mais	1
situação comunicacional	1
situação curiosa	1
situação foi	1
sob as	1
sob os	1
social de	1
social europeia	1
sol ergueu-se	1
sua capacidade	1
sua integração	1
sua organização	1
sua protecção	1
substantivamente conforme	1
sucessivamente protelada	1
sul do	1
são já	1
só que	1
tal forma	1
tal maneira	1
telecomunicações foi	1
telefone ao	1
tentativas de	1
ter de	1
termómetro o	1
território de	1
tinha beneficiado	1
tocou nas	1
todo o	3
tornar-se tão	1
transformando a	1
trave superior	1
tudo ficasse	1
tão importante	1
ulterior de	1
um após	1
um bócio	1
um os	1
uma consulta	1
uma das	1
uma determinada	1
uma política	1
uma situação	1
umts foi	1
uso do	1
velhinho filme	1
vertente o	1
vez mais	1
vida diz	1
viram reduzir-se	1
viveu uma	1
vocal esquerda	1
votação na	1
zona de	1
à droga	1
à farmácia	1
à gravidade	1
à medida	1
à sua	1
à trave	1
às baixas	1
água correu	1
água quente	1
único gol	1
