390
10-04-1998	2
15	2
53	2
a	27
acabou	2
acerca	2
acometeu	2
acordando	2
acordo	2
acções	2
adquirindo	2
afirmar	2
agora	2
ainda	3
alcácer	2
aldeia	2
algumas	2
alguns	2
alterando	2
alto	2
além	3
anos	4
ao	11
apareceu	2
apreciação	2
apresenta	2
aptidões	2
após	2
aquela	2
aqueles	2
artificalizou-se	2
as	5
assim	2
associação	2
assumindo	2
através	2
até	6
auditiva	2
augusto	2
avançando	2
avanço	2
aí	2
baixas	2
balão	2
bandas	2
base	2
beneficiado	2
borracha	2
buscar	2
bócio	2
cabeçada	2
cada	3
caixote	2
campo	2
cantada	2
capacidade	2
capaz	2
carta	3
causa	3
chamados	2
chão	2
cláusulas	2
cobrado	2
coisas	2
com	5
combate	2
comemorar	2
comum	2
comunicacional	2
concorrentes	2
concretamente	2
concreto	2
conforme	2
constituir-se	2
consulta	2
contra	2
controlava	2
corda	2
corintiano	2
correu	2
costas	2
crescendo	3
curiosa	2
curiosos	2
célebres	2
da	7
dança	2
das	4
daí	2
de	29
debate	2
defender-se	2
deficiência	2
deitava	2
democrático	2
descobrir	2
desenvolvimento	2
desferiu	2
dessas	2
desta	2
determinada	2
dias	2
disparates	2
disseram	2
diversos	2
diz	2
dizendo	2
do	15
doméstica	2
domínio	2
dos	6
douro	2
droga	2
e	20
em	8
embora	2
encontra	2
encontrar	2
encontro	2
enorme	2
enquanto	2
entrando	2
entre	3
entretanto	2
entusiasmos	2
então	2
era	2
ergueu-se	2
especialidade	3
esperava	2
espírito	2
esquerda	3
esquivança	2
esta	3
estado	2
estava	2
estendendo	2
estudados	2
estão	2
etérea	2
europeia	2
ex-ministro	2
exercício	2
exigência	2
explorador	2
extremo-oriente	2
farmácia	2
federação	2
feita	2
feito	2
fez	2
ficasse	2
filho	2
filme	3
fim	2
final	2
fins	2
flutuavam	2
foi	25
foram	3
forma	2
fortalecendo	2
força	3
frente	2
fretilin	2
friaça	2
fugas	2
fusos	2
garcia	2
general	2
gol	2
governo	2
governos	2
gradualmente	2
grandes	2
gravidade	2
grupo	2
histórias	2
homem	2
horários	2
humana	2
i.	2
idade	2
identificou	2
importante	2
inadequados	2
indo	2
instituição	2
insuficientemente	2
integração	2
inteligência	2
intempéries	2
interesse	2
inversamente	2
invocando	2
ir	3
irrigador	2
jae	2
jogador	2
já	2
lastro	2
legislatura	2
leitura	2
lhe	2
li-o	2
lixo	2
longe	2
longo	4
longínquo	2
luta	2
lá	3
mais	8
mamã	2
maneira	2
manifestamente	2
manobra	2
mas	2
medida	2
menos	2
mesma	2
mestiçagem	2
milénios	2
mirandês	2
mostrada	2
moínhos	2
muita	2
mulatos	2
mulher	2
na	10
nas	2
natural	2
naturalmente	2
necessidade	2
nervo	2
nessa	2
nitidamente	2
no	3
nos	2
noutra	2
num	2
o	28
obrigou-se	2
ocupação	2
olímpico	2
onde	4
onze	2
operação	2
opressor	2
organização	2
os	8
ou	4
outras	2
outro	2
ouve	2
ouviram	2
para	12
parar	2
parlamentar	2
particular	2
partidários	2
partir	2
passado	2
patetice	2
pavão	2
paz	2
país	2
pedir	2
pelo	2
pelota	2
perdendo	2
pessoas	2
pilosa	2
pinga	2
pingacho	2
poder	2
política	3
pondo	2
pontes	2
popular	2
população	2
por	5
portadoras	2
portugal	2
presente	2
pretextos	2
prevê	2
primeiras	2
princípios	2
processo	2
profundas	2
projecto	2
proporcional	2
proprio	2
protecção	2
protelada	2
provocar	2
ps	3
psd	2
puxando	2
pôr	2
pública	2
quando	3
quase	2
que	25
quente	2
quer	3
questionamento	2
raciocínio	2
ratificação	2
razão	2
raízes	2
rechaçou	2
recorrer	2
recusou	2
reduzir-se	2
reestruturando	2
reformulando	2
regime	2
renato	2
reportagem	2
resistir	2
resistência	3
respeito	2
respondendo	2
responder	2
reveladoras	2
revista	2
rio	2
russa	2
russo	2
saco	2
sado	2
sal	2
saltou	2
santa	2
santos	2
se	6
sem	2
sempre	2
sendo	3
ser	2
sexta-feira	2
sinais	2
situação	4
sob	3
social	3
sociedade	2
sol	2
sozinho	2
sua	6
substantivamente	2
sucessivamente	2
sul	2
superior	2
são	2
só	2
tal	3
telecomunicações	2
telefone	2
temperaturas	2
tentativas	2
ter	2
termómetro	2
território	2
tinha	2
tocou	2
todo	4
tornar-se	2
transformando	2
trave	2
tudo	2
tão	2
ulterior	2
um	4
uma	6
umts	2
uso	2
velhinho	2
vertente	2
vez	2
vida	2
viram	2
viveu	2
vocal	2
votação	2
zona	2
à	7
às	2
água	3
único	2
