E , por mais que o consumidor esteja informado , não pode saber se eu coloco substâncias viciantes nos refrigerantes que vendo ; logo , tem de haver uma inspecção económica forte que fiscalize e multe pesadamente quem viola as regras do mercado .
Durante o mês vejo as coisas que tenho lá em casa e que já não quero e depois chego aqui e vendo tudo ", conta , enquanto vai apontando para a parafernália de bugigangas espalhadas no chão , e revelando os preços .
A única diferença é que eu vendo na rua .
É aqui que eu me governo , que eu vendo .
O que mais vendo são aceleradores de bronzeado .
Deve ser por isso que não vendo quase nada .
Eu não vendo a minha consciência pela força e pela unidade .
" E.igo assim : ' Olhe que eu não lhe vendo as batatas sem você me pagar adiantado , porque você ficou-me com dez sacos ' .
E conta como foram difíceis e tristes os meses de espera , vendo os livros encher-se de pó por causa das obras de reforço das lajes que tinham revelado problemas na sua estrutura .
Tenho também fãs na África lusófona , em Timor ou no Brasil , mas não tenho pretensão de dizer que vendo aí muitos discos .
Só vendo o par , porque não devem ser separadas .
Não vendo as minhas canções à Coca-Cola , não ponho as minhas canções em filmes de Hollywood intragáveis .
Como se tudo isto não bastasse , ainda teremos de nos haver com a caminhada turbulenta para um modelo de Estado minimal evoluindo na pista à força das pauladas dos cortes orçamentais , do défice de 3% , do concessiono aquilo , privatizo isto , ou vendo pela melhor oferta se alguém lhe pegar .
Manuel Cardiga vive da sua reforma e nem sequer quer ouvir falar em fazer da floresta um negócio : " Não vendo nada , isto agora é para os meus filhos .
Tem dias que vendo muito , outros não .
Não vendo um apartamento há 8 meses .
E só vendo borrego nacional ", diz António Matias que , normalmente , vende quase um animal por dia , mas ontem , ao final da manhã , só tinha vendido uma mão .
- Mais do que isso , vendo quadros regularmente .
Infelizmente vendo mais artistas estrangeiros .
Compro e vendo a nível particular ", diz o jovem de 24 anos , apanhado a conduzir um motociclo de 50cm3, sem carta de condução .
Pediu-lho de volta , ao que Picasso respondeu : 'Não to vendo porque ele faz-me muita falta ' .
Manuel Alfredo de Mello adiantou que "o ser o primeiro é um objectivo de rentabilidade , pois se eu não for o primeiro eu não vendo e não estou lá " .
Eu , por exemplo , vendo caixões .
Em outros países , como o Japão , também vendo alguma coisa , mas quantidades pequenas .
Vendo a 20 euros o quilo às lojas e a 7,5 euros a particulares .
Desde pequenina que vendo aqui .
Eu vendo o livro e digo " O.
Gabriel devia imprimir um cartão de visita : " Livros : roubo e vendo .
Sou eu que vendo e decido sobre as vendas .
Como tal , não o vendo .
Eu vendo o mesmo em Paris , em Tóquio , em Buenos Aires e em Madrid .
" Isto é bom para os anéis e aquelas coisas pequeninas , eu tenho peças grandes , vendo mochilas , só tenho uma hipótese , vou ter que trabalhar menos ", continua Felisberto , lamentando ainda o toldo demasiado pequeno para servir de abrigo aos vendedores .
" Todas as vezes que alguém ataca as minhas letras , eu vendo mais um disco ", disse ele noutra cerimónia de prémios (os da MTV) .
Chega aqui um cliente , quer uma caixa ou quer um quilo , não vou dizer que não vendo !
Eu só vendo guitarras porque tenho de viver .
Por outro lado , vendo muito bem para os turistas .
" Uma das coisas que me motiva neste negócio é saber que estou a recompensar financeiramente pequenos produtores que me fornecem produtos de boa qualidade , que eu depois vendo a clientes que na semana seguinte estão aqui de novo para comprar mais ", diz Castle , defendendo a necessidade de poupar o mercado da alimentação biológica das regras impiedosas da concorrência .
Se querem saber porque é que vendo façam um inquérito de rua , vão a um cabeleireiro , onde as meninas que lavam as cabeças leram os meus livros e as professoras universitárias a quem as meninas lavam as cabeças também os leram .
" Faço e vendo as esculturas para desmistificar muitas coisas da minha vida , como para deixar a minha vida ir-se embora aos poucos ", diz .
" Havia 9 quintas aqui à volta , agora esta é a única e eu não vendo por nada deste mundo ", disse Maria Leonor Sotto Mayor Megre , proprietária da Quinta do Assentista , cujo nome remonta à função de "assentista ", o fornecedor de armas e mantimentos para as tropas do rei .
Em Paris só vendo a colecção de senhora .
Eu já não vendo nada , nem sequer faço feiras .
Só vendo peças de homem em Portugal , não tenho exportação de roupa masculina .
