vender	E , por mais que o consumidor esteja informado , não pode saber se eu coloco substâncias viciantes nos refrigerantes que vendo ; logo , tem de haver uma inspecção económica forte que fiscalize e multe pesadamente quem viola as regras do mercado .
ver	Ou seja , De Hadeln conseguiu evitar as piores previsões de afundamento do Lido e - pelo menos vendo só os títulos em causa - manter Veneza num equilíbrio , sempre instável , entre revelação de novos nomes e atracção de "estrelas ", fundamentalmente americanas .
ver	O vereador comunista acabou por votar sozinho contra a medida , vendo aprovados , com as ajudas do PSD (excepto Ricardo Figueiredo , que se absteve) e do CDS-PP , os pontos menos controversos : apelar ao ministro para que mova os meios para a rápida conclusão do IC24, apelar à junta metropolitana para que tome idêntica posição e dar conhecimento da moção a Valente de Oliveira , ao presidente da Assembleia da República e aos presidentes da junta e da assembleia metropolitana .
ver	Quando as circunstâncias o permitem - nos casos em que há contratações sujeitas a confirmação - , os operadores , vendo que não conseguem encher os aviões , chegam mesmo a cancelar voos , o que já aconteceu este ano .
ver	Fui verificar ligando o televisor e vendo a programação na imprensa : era verdade !
vender	Durante o mês vejo as coisas que tenho lá em casa e que já não quero e depois chego aqui e vendo tudo ", conta , enquanto vai apontando para a parafernália de bugigangas espalhadas no chão , e revelando os preços .
ver	Não sei quem pode ter boa consciência , vendo que aí mesmo a seu lado , na mesa do café , na fila do autocarro , no banco do cinema , está um ser que , na realidade , não existe , mesmo que trabalhe arduamente , que fale ou que proteste .
ver	Tudo como se estivéssemos dentro de um vaivém , vendo imagens reais .
ver	Nas camisolas da equipa brigantina vai aparecer apenas a sigla ML , de Montelomeu , não vendo a direcção do grupo desportivo "qualquer problema para a imagem do clube " .
ver	Policial zeloso , vendo o ar acabrunhado do colega e o de espanto da visita que os acompanhava , resolveu pôr termo à situação .
ver	Carla ainda se manteve algum tempo mais perto da frente , enquanto a romena Gabriela Szabo se aproximava paulatinamente de Ayhan , mas depois , quando se viu ultrapassada por outras atletas , a portuguesa desanimou e vendo que não conseguia reagir , acabou por ir rolando até final , para acabar na décima segunda e última posição , com 4 minutos 17,1 segundos .
ver	Tá vendo , pessoal !?
vender	A única diferença é que eu vendo na rua .
vender	É aqui que eu me governo , que eu vendo .
ver	Houve muita gente a negar o patrocínio , não vendo no futebol o grande veículo de promoção e vendas que ele é ", declarou o líder da Liga .
ver	Os GMC as carrinhas quatro x quatro , já um símbolo da UNITA - circulam com à vontade e vão-se vendo pessoas com camisolas de Jonas Savimbi .
ver	E é esse o registo que falta a tantos espectáculos que , de manhã à noite , vamos vendo .
ver	Alguns repetirão os objectivos educativos do jardim de infância público (tirando também a vez a outras crianças que queiram vaga na oferta diminuta deste sector de ensino) ; outros continuarão ao cuidado dos pais , amas , avós e pré-escolar da rede privada e solidária , vendo defraudadas justas expectativas em relação a um novo estádio nas suas vidas .
ver	Com autonomia para fazer o que achasse melhor , e depois de garantir do Ministério da Cultura financiamento suficiente para ir construindo , em simultâneo , uma colecção , Vicente Todolí foi vendo o número de visitantes subir até fazer do "seu " museu o mais visitado do país em 2001 .
ver	A não ser que , vendo todo o tempo e todas as mortes naquele morto que ele amava (S.
ver	Correia de Paiva , o presidente da Relação do Porto , é da mesma opinião : " Quantas vezes estamos aqui a fazer coisas que são de uma inutilidade terrível ", suspira fechado no seu gabinete , sozinho à secretária , em mangas de camisa , mergulhado em papéis e vendo lá for a o brilho magnífico da luz do fim de Julho no Jardim da Cordoaria .
ver	O início dos trabalhos de demolição está a assustar a vizinhança - " Toda esta zona é socalcos ; os bairros sustentam-se uns aos outros ", apontava Rui Sá , vendo casas com muros de suporte a fazer de paredes e ouvindo os medos de quem fica .
ver	Se fosse só jogo revisionista , "Far From Heaven " arriscava quanto muito ser "pós-moderno ", talvez traquinas como " Rock Hudson 's Home Movies ", de Michael Rapaport (que "olha " para cenas de filmes com Hudson "vendo " nelas a confirmação da homossexualidade do actor) ou simplesmente produto de cinefilia misógina , como "Huit Femmes ", de François Ozon (ainda não estreado em Portugal) .
ver	Jorge , nem mesmo vendo do lado de lá , empoleirado no Cristo-Rei .
vender	O que mais vendo são aceleradores de bronzeado .
ver	Alguns dos que decidiram abandonar as terras acabaram por voltar , vendo que não houve incidentes graves , disse a porta-voz do grupo de defesa dos agricultores brancos Justiça para a Agricultura (JAG , na sigla em inglês) , Jenni Williams .
ver	A bordo do barco onde faz a pesquisa , vendo o recorte colorido de Portimão e da nova marina ali erguida , o arqueólogo parece sentir-se mal ao recordar que nos anos 80 " dezenas de barcos romanos naufragados na foz do rio Arade foram destruídos " pelas dragagens do porto comercial .
ver	Às vezes era o guia , a pessoa que está no restaurante onde comíamos todos os dias , alguém que íamos vendo ao fim de algum tempo numa aldeia ", explica Ivo Ferreira .
ver	O Paços de Ferreira parte para a Superliga 2002/03 com a vantagem de não ter perdido jogadores em relação à temporada passada e vendo mesmo o plantel reforçado , em experiência , com atletas vindos de escalões secundários .
ver	Quanto a asas , alguns lá conseguiram planar uns meios metros bem medidos , para alegria da audiência que , vendo bem , pouco se importou com as capacidades voadoras dos concorrentes , premiando todos com palmas , gritos e gargalhadas , privilegeando mesmo as perfomances mais trapalhonas .
ver	, só vendo , já só cremos quando o virmos de pé , pois já fomos enganados com a mesma promessa por demasiados anos .
ver	" É evidente que será uma situação preocupante , mas só vendo é que poderei pronunciar-me ", declarou ao PÚBLICO o delegado de Saúde de Albergaria , José Meneses .
ver	Recuo esse que explica o sentimento popular de perplexidade do homem comum muçulmano , que se acha injustiçado , perseguido e ameaçado , vendo nos "outros " a culpa da sua situação .
ver	Vivemos hoje a uma situação nova : hoje os partidos servem sobretudo o interesse do Estado , vendo afrouxadas as amarras à sociedade civil donde emanaram .
ver	Tudo isto conduziu a uma situação nova : hoje os partidos servem sobretudo o interesse do Estado , vendo afrouxadas as amarras à sociedade civil donde emanaram .
vender	Deve ser por isso que não vendo quase nada .
ver	Você , olhando a ementa e , vendo o enunciado dos pratos - perdiz na panela , sopa de cação , açorda alentejana , burras guisadas em vinho tinto , bacalhaus à Conde da Guarda , à Bolota Castanha e à Garcia de Orta , pato com framboesas , migas à alentejana com carne de porco , cozido de grãos à alentejana no tarro , vichissoise quente de maçã , canelones com recheio de espinafres ou bolsitas de verduras com vichissoise de maçã , entre outros - , pode ser assaltado por dúvidas .
ver	" Não quero morrer vendo a História construir-se permanecendo à margem dela , como espectador ", diz Miguel Urbano Rodrigues .
ver	Mas não posso sentir alegria no meu coração , nestes dias , vendo o que está a acontecer na Palestina .
ver	É um facto que a literatura dos países ocidentais cada vez é mais parecida e que , mesmo vendo com muita atenção , é difícil não pensar em vagas que passam de umas línguas para as outras .
ver	Demorou até recuperarmos um sentido de existência , vendo tanta gente desempregada .
ver	E , pelo que vamos vendo , bem se pode considerar uma aposta ganha , já que os pressupostos da sua acção e a constante qualidade das suas produções a recomendam como uma via com futuro .
ver	- Há aqui coisas completamente desnecessárias , disse-lhe a juíza , vendo a lista de compras outra vez .
ver	Estes dois centros , idealizados pelo alto comissário para a Imigração e as Minorias Étnicas (ACIME) , padre Vaz Pinto , têm como principal objectivo contribuir para que a comunidade estrangeira residente em Portugal regularize a sua situação com a maior brevidade , vendo esclarecidas as suas dúvidas e tendo conhecimento dos seus direitos .
ver	Em Toronto , Michael Jordan conheceu uma das piores noites da sua carreira , vendo a sua equipa , os Washington Wizards , perderem por 74-78 perante os Toronto Raptors , num jogo em que o público chegou a rir-se de um falhanço daquele que é considerado o melhor jogador de sempre .
ver	Pretendíamos que o Governo analisasse a apetência das instituições para crescer em determinadas áreas científicas ; e que , por outro lado , pensasse numa lógica de rede nacional e , vendo os interesses nacionais , contratualizasse com universidades e politécnicos até onde é que eles se desenvolveriam , nas letras , nas tecnologias , nas ciências .
vender	Eu não vendo a minha consciência pela força e pela unidade .
vender	" E.igo assim : ' Olhe que eu não lhe vendo as batatas sem você me pagar adiantado , porque você ficou-me com dez sacos ' .
vender	E conta como foram difíceis e tristes os meses de espera , vendo os livros encher-se de pó por causa das obras de reforço das lajes que tinham revelado problemas na sua estrutura .
ver	E o que eu gosto de Utrillo no seu sexto andar , vendo o fumo de Paris , o que eu gosto do Abel Manta por cima do Largo Camões !
ver	Para além disto , a autarquia pretende abrir caminho à abertura de um conjunto de salas voltadas para a exibição comercial de cinema , vendo igualmente com bons olhos a criação de "um pequeno centro comercial " voltado para o mercado cultural , que comportará livrarias , discotecas , galerias de arte e "ateliers " .
ver	Na manhã seguinte , e vendo que os seus desejos não eram satisfeitos , disparou mais um tiro , desta feita contra o televisor , insistindo que o dinheiro lhe fosse entregue .
ver	" Sou crítico deste tipo de comissões , que são ineficientes e não resolvem os problemas concretos ", argumenta , frisando que é mais funcional ter " um guarda-rios , um homem que anda de barco rio abaixo , vendo como está o rio , limpando onde é necessário e possível e fiscalizar nos pontos mais críticos " .
ver	Em 1654, após ter investido grandes somas na pesca do bacalhau e não vendo grande aceitação deste peixe seco por parte dos franceses , decidiu criar este molho que teve grande sucesso , não só com o bacalhau .
vender	Tenho também fãs na África lusófona , em Timor ou no Brasil , mas não tenho pretensão de dizer que vendo aí muitos discos .
ver	É claro que , vendo depois na televisão , dá a sensação que podia ter feito mais , principalmente no segundo , em que a crítica é mais desfavorável .
ver	Nos anos de estudo e investigação que me levaram até à licenciatura , muitos foram os momentos de desalento e algum desencanto perante o princípio desta realidade , até perceber como poderia integrar tudo o que ia vendo e aprendendo num exercício de abertura para a abertura .
ver	O Nacional sentiu o segundo golo , baixou um pouco os braços e na fase final do jogo voltaram a ser os ilhéus a carregar , vendo mesmo anulado um terceiro golo a Kutuzov , por fora-de-jogo , aos 83 .
ver	Para uma companhia que precisa mesmo de experimentar , ensaiar novas escritas construídas de raiz é fundamental : " Vamos vendo a peça a crescer e a ser transformada em função das nossas achegas .
ver	O rapazinho asmático ficava a olhar pasmado da janela do terceiro andar para as mercearias , vendo os bêbedos a cair na Bowery , e os desordeiros locais .
ver	Afinal , embora algumas visões cosmológicas destas instituições coloquem o homem no centro das suas preocupações (vendo a natureza como uma mera fonte de recursos ao serviço da espécie predilecta dos deuses) , não é menos verdade que as religiões são , na sua essência , reflexões em torno do papel do homem no cosmos e modos de celebração da vida .
ver	O caso do BCP é bem pior , já que o banco perdeu 50% do seu valor (5,1 mil milhões de euros) , vendo a cotação esmagar-se de 4,55 euros para 2,25 euros .
ver	Tudo indica que o tempo e que a geopolítica estão a jogar a favor da marroquinidade , não se vendo a Argélia ou qualquer outro Estado predisposto a defender a independência do povo saraui .
ver	Mas , à noite , vendo os vários canais televisivos (salvo erro ou omissão) receei ter sonhado .
ver	Mas , vendo bem , talvez seja melhor assim .
ver	Mas o objectivo da iniciativa , insistia , passa apenas por introduzir as crianças nos meandros técnicos do cinema , dando-lhes algumas noções básicas , e , sobretudo , fazer com que , no futuro , " olhem para os filmes de uma maneira diferente , vendo coisas que até aqui lhes escapavam " .
ver	Mas pelo menos a um minuto da desintegração , dizem os especialistas , o comandante e o piloto souberam , através do que iam vendo nos ecrãs dos computadores do "cockpit ", que a asa esquerda não estava bem .
ver	Cresci vendo esses filmes na televisão e fui ao cinema vê-los a todos outra vez : 'Imitation of Life ', 'All that Heaven Allows ' e 'Written on the Wind ' .
ver	Colados ao alcatrão , ao cimento e ao plástico , abalados e espantados , íamos vendo nos écrans da História , o que pareciam variações de um mesmo tema .
ver	Cá em abaixo , colados ao alcatrão , ao cimento e ao plástico , abalados e espantados , íamos vendo nos écrans , o que pareciam variações de uma mesma história , por um lado os destroços do céu , e por outro lado a cor e os tons das mais escuras , profundas e desesperadas noites .
ver	Mas vou vendo isto aqui , aquilo ali , e vou confirmando que há diferenças , seja no que se diz e mostra , seja no modo como se diz e mostra .
ver	Desempregado , mas com algum dinheiro e vontade de conhecer a Europa , chegou ontem a Portugal e , vendo , no Marquês de Pombal , tamanho ajuntamento , a ele se juntou também .
ver	A autora , " aceitando evidentemente as mais desvairadas leituras do que está publicado ", e vendo já o que escreveu como "obra póstuma ", abre com este novo livro mais algumas portas - decisivas , ao que me parece - para se entrar nesse espaço , convidando o leitor a acompanhá-la num "jogo de mãos nuas " (p.
ver	O fim-de-semana dos portugueses em Itália foi estranho : Couto (Lazio) e Mamede (Reggina) não podiam jogar , por motivo de castigo , Sérgio Conceição (Inter) ficou fora dos convocados e Rui Costa (Milan) cumpriu um plano de preparação específica para defrontar o Lokomotiv de Moscovo , na quarta-feira , para a Liga dos Campeões , vendo do banco a partida com a Lazio .
ver	E , vendo isto , apelo para que a DRAOT tenha uma posição negativa relativamente a esta matéria ", disse Sá , mostrando , assim , o seu desconhecimento quanto ao parecer já existente .
ver	No fundo , ambos se esteiam nas fundações de um mecanicismo maniqueísta que , vendo o mundo , à partida , dividido entre o bem e o mal , ficam dispensados de outras lutas que não sejam as de tomar partido pelo seu eixo do bem .
ver	Nesse dia , vendo um vulto a acenar de uma janela gradeada da zona prisional , concluíram de imediato que se tratava de Carlos Cruz - uma conclusão gritada alto e bom som que teve o condão de fazer com que câmaras e máquinas fotográficas se precipitassem gulosamente para captar uma imagem , por mais fraca que fosse .
ver#	" ou " vendo !
ver	O seu filho foi levado pelas FARC há seis anos , não o vendo desde então .
ver	Tudo isto faz sentido vendo "Inadaptado ", a nova bizarria da dupla Spike Jonze Charlie Kaufman (realizador argumentista) .
ver	Acabei por arranjar uma solução : fui vendo onde ouvia bem a guitarra , o que era já muito longe de Paredes .
ver	De resto , recorda que a principal estrutura da Casa da Música , a Orquestra Nacional do Porto , é um instituto público , não se vendo muito bem como poderia ser colocada fora da tutela do Estado .
ver	O ver televisão é um ir vendo televisão , é um ter visto ontem , ter ouvido e conversado , sobre isto ou aquilo que todos viram na televisão , estar a ver agora , ir ver ou ter a possibilidade de ver a todo o momento , mais logo e amanhã de novo .
ver	Assim , se ocorresse , o anacronismo era do espectador que , vendo as trocas e baldrocas da política na segunda metade do século dezanove , comentasse : " Olha !
ver	Ora , vendo bem , é aí , melhor do que em qualquer outra ordem de razões , que se pode encontrar a raiz da nossa crónica dissensão interna que , neste momento , toma a forma de duas europas : uma , alinhada política , militar e ideologicamente com os Estados Unidos ; outra , que tenta preservar , em torno do eixo menos tradicional França-Alemanha , o que resta do sonho de uma União Europeia com o mínimo de identidade e de projecto político comum .
ver	O título dessa mostra , organizada num lugar civil , foi "Seeing Salvation ", isto é , ver ou vendo a salvação .
ver	Este fim-de-semana , " ministros e secretários de Estado em digressão pelo país ; o primeiro-ministro , vendo que o seu Governo está cada vez mais desacreditado , pensa que é com umas doses de propaganda e 'marketing ' que pode compor a imagem e iludir os portugueses ", arrancou .
ver	A questão é que , vendo essas cenas , nas primeiras imagens de "Inadaptado ", custa a crer que John Malkovich tenha sido um símbolo sexual que provocava calafrios - foi-o como Valmont de "Ligações Perigosas " .
ver	Até porque , vendo bem as coisas , a sua música é toda ela um imenso cenário , gigantesco painel de ilusões .
ver	E a realidade que Conde vai vendo passar pelos olhos naquela Primavera de ventos quentes que sopram do Sul é um retrato devastador de uma juventude vulnerabilizada pelo narcotráfico , da vida dupla dos mais encarniçados militantes revolucionários , do desânimo que abala uma sociedade onde desvaneceram os ideais traídos pela manutenção do poder pelo poder .
ver	Foi-se vendo quais tinham melhor capacidade para serem utilizadas como agente terapêutico .
ver	Mas um dia , quem sabe daqui a quanto tempo , quantos dias e quantas noites , aquele mais espantoso conhecimento , aquele pequeno pedaço de estupidez como se lhe referiu Nietzsche , pode despontar e ser lançado pelo ar , no espaço de todos os países , como um míssil num voo sem fim , teleguiado por tecnologia de reconhecimento facial , voando por todos os cantos do planeta à procura do seu destinatário , com uma câmara de televisão na ponta para que todos os curiosos do mundo possam ver e ir vendo .
ver	Ao terminar o "nim ", Sampaio tentou sair de cena pela sua direita , mas , vendo que passava por trás da repórter da RTP em Belém , voltou para trás e saiu em passo curto pela esquerda como se estivesse a perturbar o cenário da TV do Estado .
ver	E , vendo o espectáculo pela moldura duma janela de quarto de hotel , sentem-se numa posição "imoral ", como referiu Fino .
ver	Miguel Teixeira refere que , antes de ser um mero estudante , é um cidadão que não esconde o desejo impossível de " instalar um ecrã gigante e umas colunas suficientemente potentes à frente da residência do primeiro-ministro para que , ouvindo e vendo o sofrimento das pessoas envolvidas num conflito que não é deles , reconsiderasse a sua decisão " .
ver	Foi uma tentativa de criar um mundo exterior psicadélico , mas talvez mais apocalíptico , vendo o estado em que o mundo está hoje , tóxico , as plantas enlouqueceram , os animais enlouqueceram .
ver	Para Miguel Gaspar " é cruel os espectadores determinarem qual é o destino de terceiros , mas só vendo se saberá como é o programa e que efeito terá " .
vender	Só vendo o par , porque não devem ser separadas .
ver	Vendo os tempos da pré-época , existem já quatro ou cinco candidatos ao título .
ver	Uma maneira de resolver o problema , ainda antes de ver quais serão exactamente os elos que iremos abrir , é ir vendo que grupos de elos iremos precisar .
ver	E mesmo assim , enquanto vai vendo num bloco-notas a que chamou "diário do casamento " o que ainda lhe falta fazer , a incerteza continua a atormentá-la .
ver	Entre manterem-se quietos nas suas unidades vendo a guerra pela televisão ou prepararem-se para as eventualidades , preferiram esta segunda via .
ver	E conseguiram-no , mesmo com alguns sustos e vendo Miguel salvar um golo feito em cima da linha de golo já nos descontos .
ver	Vê-se , assim , confinada à sua casa , vendo o mundo da janela e nem a televisão lhe resta , pois só pode "assistir " aos programas de costas voltadas para o monitor .
ver	Ele próprio , em cartas que escreveu no final da vida , falava dos seus sofrimentos quase com orgulho , vendo neles a marca de água do artista genuíno .
ver	Ao longo do filme vamos vendo a comprar roupas pela cidade , que só perto do final compreendemos serem presentes para o namorado , um agente travesti da "Marshall Fields " interpretado por Danny Aiello .
ver	Ao fim da tarde , e vendo que muitos condutores começavam a regressar às suas viaturas e que , naturalmente , queriam evitar o reboque e pagar apenas a multa para os seus carros serem desbloqueados , a Polícia Municipal usou uma das suas carrinhas à laia de balcão de pagamentos .
ver	No campo de quarentena , Tsang e a sua mulher , Lui Fuk Lin , espantaram o aborrecimento lendo jornais chineses e vendo televisão .
ver	De contradição em contradição , o ministro da Defesa , outrora no topo dos índices de populares , vai vendo descer a sua aceitação pelo eleitorado e agora , como mostra a sondagem que o PÚBLICO hoje divulga , a maioria já pensa que deveria demitir-se .
ver	Algumas centenas de pessoas escutaram a mensagem enviada pela presidente , ao terceiro dia de fuga para o Brasil : que lutassem pela justiça , que ela faria o mesmo - não disse como , mas foi-se vendo durante as restantes duas semanas .
ver	E como os filhos já estavam crescidos , vendi - e agora passo temporadas óptimas em Kitimat , vendo os netos , que neste momento são dois , a crescer .
ver	Só acredito vendo .
ver	Lillias Fraser , uma criança escocesa , consegue fugir à carnificina , vendo o pai trespassado pelas baionetas , " sem se dar conta de que , em verdade , ainda nada sucedera " .
ver	Optando por um futebol de contenção , a equipa benfiquista conseguiu gerir o resultado até final do encontro , mesmo vendo Joel desperdiçar um livre directo de dez metros quando o resultado estava em quatro a três e faltavam poucos segundos para o final do encontro .
ver	Peço-lhe , senhor presidente , mande calar a música na Baixa , porque , vendo bem , é uma parolice .
ver	A vida traz-lhe novas oportunidades , nomeadamente vendo de outra forma alguém que já conhece .
ver	Mas a estratégia do técnico espanhol não deu resultados e Simão não conseguiu fazer melhor do que assistir de novo Fehér para o quatro a zero final , vendo o senegalês consagrar-se como o goleador do campeonato por ter menos encontros disputados que o português .
ver	Quanto ao facto da maioria ter acabado por dispensar o representante do Ministério da Educação , Isabel Gonçalves reconhece que , " vendo melhor , as alterações eram de redacção , de português e não de substância " e , por isso , entenderam que não seria necessária a ajuda técnica do ministério .
ver	As pessoas sentavam-se à soleira das portas vendo a noite baixar sobre os jardins .
ver	Annan queixa-se das frequentes remodelações ministeriais , que impedem a continuidade da actividade governamental , e até mesmo de constantes interrogações de pessoas que vão caindo em desgraça , nunca mais se vendo condições para eleições credíveis .
ver	Nesta minha segunda leitura à lupa , a sensação é a de que há um acumular de pedras , cujo lugar no conjunto vamos vendo sucessivamente "a posteriori " .
ver	A maior parte dos bookcrossers "caça " os livros , indo ao "site ", clicando no país e cidade em que está e vendo que livros foram libertados , em que local e quando .
ver	O centrista Miguel Paiva , vendo que o seu grupo parlamentar era o único presente que não iria conseguir fazer valer a sua proposta , pediu o adiamento .
ver	A grande vantagem é que " toda a gente percebe como se joga vendo jogar uma vez ", adianta Jason .
ver	Mas o tempo servirá para que sejam liquidados em lume brando , funcionando Ferro Rodrigues sempre como quem está a pensar noutra coisa , e vendo à sua volta os pretendentes a afiarem o dente .
ver	Promessas que deixaram satisfeitos os dois médicos brasileiros , embora Maurício Milet , que tem mantido um perfil mais discreto do que Brito neste conflito com o hospital tenha reagido de forma cautelosa , com um "só acredito vendo " .
ver	Deste modo , ao invés da leveza das brincadeiras cinéfilas de "Sitcom " (1998) ou "Oito Mulheres ", é da gravidade de "Sob a Areia "que "Regarde La Mer " está mais próximo : ambos lidam com a ausência , a solidão e o abandono (ainda que apenas momentâneo) , vendo na praia um espaço idílico tornado cenário de terror .
ver	Que , vendo bem e olhando para trás , não é propriamente uma novidade .
ver	Mas nem só no espaço da FIL os participantes no evento aproveitam para apanhar sol , já que um pouco por todo o Parque das Nações se vão vendo participantes a trabalhar para o bronze .
ver	Mas é um pouco como George Clooney e o matrimónio - só vendo para crer .
ver	vendo bem , pensava ele , qualquer opção era tanto ou tão pouco justificável quanto a inversa .
ver	Ao primo que o tenta fazer regressar a casa diz : " Nesta pobreza que estás vendo é que se encontra aquela felicidade que nós , os ricos , desconhecemos .
vender	Não vendo as minhas canções à Coca-Cola , não ponho as minhas canções em filmes de Hollywood intragáveis .
ver	Pois bem , esta semana e já na anterior o "país que trabalha e que confia " viveu dias de desespero , de pânico , de aflição , impedido de trabalhar e vendo o trabalho de várias vidas ardido .
ver	Mas custa , porque só nós sabemos o que sofremos ao ter de abandonar uma aldeia para irmos acorrer outra , em maior perigo ; e só nós sabemos a falta de meios , materiais e humanos , com que nos deparamos ; e os riscos que corremos : neste fogo , agora vendo à distância , metemo-nos em situações muito irresponsáveis ", conclui .
ver	Aos poucos , os pretensos candidatos à vitória foram ficando para trás , vendo a diferença para o comandante aumentar .
ver	O local espacial é muitas vezes o que mais conta , porque esse mesmo local , num mundo que é as nossas raízes , na Terra , no meio da distância , das cidades , dos aviões , dos carros , dos prédios e da viagem constante em que estamos , vendo e tocando os outros , é precisamente uma das mais seguras indicações do que poderemos fazer , do que poderemos querer , do que poderemos desejar , do que estaremos disponíveis e capazes para ser e fazer .
ver	Passaram o dia inteiro nisto , vendo montes e vales , avaliando , sopesando , escolhendo .
ver	Mas , vendo bem as coisas , corrige : " As ostras francesas , ao fim e ao cabo são portuguesas , porque foi daqui que , no princípio , eles as vieram buscar .
ver	Ela vai fotografando espaços e vendo livros de fotografia (ver texto nestas páginas) .
ver	Estive lá , ontem , vendo , desesperada , as chamas consumirem lentamente o mato , em contraste com a voragem das chamas na massa florestal .
ver	Os de Montemor-o-Novo estavam ocupados a apagar outros fogos no concelho , e as outras corporações que acorreram " não conheciam a área e apagavam o que iam vendo " pelo caminho ponto aspas O.esto ardeu tudo ", resume Ulf , de braços abertos contra o fundo negro do olival calcinado .
ver	Durão Barroso , ao que tudo indica ainda primeiro-ministro de Portugal , não comenta e permanece em férias , ao que consta vendo imensas baleias e cachalotes .
ver	O jogo da primeira mão acontece numa altura delicada tanto para o Real Madrid como para o Maiorca de Pacheco , que , pé ante pé , foi vendo partir Harold Lozano , Riera , Novo , Robles e Biagini - mais os rumores das saídas de Ibagaza e Etoo .
ver	Mas é tão bom ir vendo o trabalho diário de um artista , o debate com as referências , a luta pela expressão , a luta com a matéria .
ver	José Azevedo , português da ONCE cruzou a meta mais de 12 minutos depois do vencedor , vendo aumentar a sua distância para o líder da geral para 15.41 metros , quando anteontem estava a pouco mais de 6 minutos .
ver	" Vendo qual é a alteração na cor da luz reflectida , pode dizer-se qual é a deformação sofrida pela fibra e quais podem ser os efeitos dessa deformação " explica o director do Inesc Porto .
ver	Mais : mesmo sem estudos especiais , mesmo sem olhar para a floresta e vendo só a árvore , quem não apostar na demagogia e no populismo verificará facilmente que muitos portugueses preferem continuar desempregados a aceitar trabalhos que só os imigrantes aceitam .
ver	Por amor à Mãe , aos sonhos da infância (como aquele que Alex sonhou , com a irmã , no distante ano de 1978, frente à TV , vendo Sigmund Jahn , o único astronauta da RDA a ir para o espaço) e ao "home movie " familiar , Alex fabrica a mentira e opta por operar no mundo das sombras e dos fantasmas , tornando-se utente desses simulacros .
ver	Habituados a cumprir as regras do jogo , eles , são os primeiros a não conseguir sobreviver na selva interna vendo os seus lucros presa fácil do desenrasca nacional .
ver	E , vendo bem , as alternativas a Marcelo Caetano , pela idade e importância política , eram poucas ou nenhumas ", afirma .
ver	No último quartel do século dezanove , a Bolívia e o Peru entraram em guerra com o Chile , perdendo o conflito e vendo amputados os seus territórios .
ver	Vendo artigos para fazer rir : pó para espirrar , pó daquele que provoca comichão e caixas-surpresa de onde saltam palhaços .
ver	Fomos vendo a Casa da Música crescer .
vender	Como se tudo isto não bastasse , ainda teremos de nos haver com a caminhada turbulenta para um modelo de Estado minimal evoluindo na pista à força das pauladas dos cortes orçamentais , do défice de 3% , do concessiono aquilo , privatizo isto , ou vendo pela melhor oferta se alguém lhe pegar .
ver	O novo presidente da unidade , Jaime Anahory , que encabeçará as negociações , quer rever o actual contrato "cláusula a cláusula ", para que no início do próximo ano o hospital funcione já com novas normas contratuais , vendo reconhecida a sua diferenciação na prestação de cuidados de saúde .
ver	Á medida que vai avançando é que vai vendo essas ligações , entradas , confluências .
vender	Manuel Cardiga vive da sua reforma e nem sequer quer ouvir falar em fazer da floresta um negócio : " Não vendo nada , isto agora é para os meus filhos .
ver	A Bolívia perdeu várias guerras com os vizinhos , vendo a sua superfície reduzida de 2,3 milhões de quilómetros quadrados para 1,1 .
ver	A Relação defende , mais de uma vez , o juiz Rui Teixeira : " É facilmente intuível a preocupação manifestada pelo mesmo juiz , ao proferir o despacho em causa , o qual , vendo aproximarem-se as férias judiciais , bem como o inultrapassável prazo de três meses previsto para reapreciação , optou por antecipar a mesma " .
ver	Eu prefiro ser optimista , mesmo vendo os problemas .
ver	Aos jornalistas , o secretário de Estado , que participou no início das actividades do Dia da Defesa Nacional , explicou que este é o "primeiro Governo a cumprir a lei " no que diz respeito a pôr em prática aquela iniciativa e que o Governo deseja " que a juventude contacte com a instituição militar vendo a vida numa unidade " .
ver?	Será que vendo apenas algumas árvores cuidadosamente (malevolamente ?
ver	Nenhum colaborador da Câmara do Porto estará bem vendo ao lado um colega que não corresponde da mesma forma , por força de não se encontrar no uso pleno das suas capacidades .
ver	Se há já quem se queixe da quantidade de membros decepados , dos vulcões de sangue , da ausência de narrativa que redima a violência - uma facção da crítica americana ataca "Kill Bill "defendendo "Cães Danados "ou "Pulp Fiction ", vendo neles (será que viu isso antes ?
ver	Teve duas coisas : uma pré-disposição a fazer um livro - e que esse mundo fosse alucinogénio ; e eu vendo na realidade dados que pudessem ser incorporados nessa ficção .
ver	Degas terá visto o que Manet viu em Goya e reviu em Vélasquez ; Picasso ou Guttuso olharam Manet , e pela mão destes olhares cruzados , íntimos , operativos , vamos vendo , vamos sendo .
ver	- Vai-se vendo !
ver	Isso é um processo muito longo , onde sucessivas áreas e regiões vão vendo chegar a sua vez .
ver	O processo começou por atacar uma série de centros urbanos do interior , que têm hoje uma importância relativa muito menor do que já tiveram no passado , e agora começa a atingir centros urbanos do litoral , que se vão vendo sucessivamente diminuídos em termos relativos .
ver	Nas últimas três décadas , José Gomes Pires Coelho foi vendo aumentar o seu registo criminal .
ver	Relacionou ainda a obra de Pessoa com o nacionalismo literário , vendo em alguns textos do poeta um sentimento nacionalista .
?#	O Instituto de Meteorologia prevê , assim , céu geralmente muito nublado , com vendo moderado de oeste , soprando forte a muito forte , com rajadas até 90 km/h no litoral .
ver	Conhecer o ADN vendo e experimentando .
ver	Nos anos 1950, a AIP e os economistas , vendo que Portugal estava a atrasar-se em relação à Europa transpirenaica , obrigaram o Estado Novo a apostar na industrialização .
ver	O diário "El País " procurou minorar os estragos , vendo na sondagem a mera crítica da política de Ariel Sharon .
ver	" Com requintes de artesão , foram as suas mãos que deram forma à escultura viva que são as pernadas das figueiras do jardim , como a da entrada , cuja imponência não escapa a quem lá entra :" Só uma destas pernadas é que não foi feita por mim ", diz olhando em plano picado para a enorme árvore que foi vendo crescer com muitas outras .
ver	Só vendo , lá .
ver	Depois há os que , vendo que os apelos não têm solução , optam por pedir e anotar identificações e patentes em tom ameaçador .
ver	O eurodeputado do PSD considerou que " o país vive dominado por um excesso de futebol ", vendo nesta situação um processo de "escapismo em relação aos problemas muito sérios " .
ver	Não vendo nenhuma , recorrem a roldanas para passarem sobre a construção .
vender	Tem dias que vendo muito , outros não .
ver	Quem pode acompanhar a política interna nesses países , vendo como os seus responsáveis falavam aos seus concidadãos , pôde verificar a enorme arrogância com que esta questão foi apresentada .
ver	É muito desfavorável o perfil de qualificações escolares da nossa população activa , não se vendo qualquer inflexão na tendência dos trabalhadores para se alhearem ou serem afastados da formação profissional .
ver	Da primeira sombra , o rapaz olhou para baixo vendo o rio a desaparecer , o milho a ser soprado para dentro da terra , a centena de árvores em volta da casa contraindo-se num caule e os quatro cantos do campo amarelo encontrando-se num quadrado que ele podia conter com a mão .
ver	Ano após ano , Isabel Segurado , 49 anos , e Maria dos Anjos Oliveira , 45, professoras do ensino mediatizado há quase um quarto de século , foram vendo as telescolas fechar no Alentejo .
ver	Os topo-de-gama , preferidos dos afortunados traficantes de droga do Vale de Bekaa e/ou de diamantes da Serra Leoa ; e os fora-de-prazo , habitualmente guiados por miseráveis taxistas que buzinam , frenéticos , vendo em cada peão um passageiro .
ver	Estás vendo ?
ver	Ninguém é besta mais , ninguém contrata no escuro , contrata-se vendo o jogador jogar .
vender	Não vendo um apartamento há 8 meses .
ver	Nas legislativas anteriores de 1999, tinha sido o mais votado , com 24,29% dos sufrágios , mas , desta vez , ficou-se pelos 12,7% , vendo a sua representação parlamentar reduzida a mais de metade , para 53 lugares .
ver	O desfecho da votação , que foi secreta e que se saldou em sete votos contra e seis a favor , desagradou profundamente ao presidente da câmara que ainda há três semanas , no final da reunião do executivo que chumbou o nome de António Abel para representar a autarquia na AMT , se insurgia contra a "falta de bom senso " dos vereadores socialistas , vendo no voto contra do PS mais um sintoma da "política de terra queimada " .
ver	Nem tudo é conhecido , porque há uma parte da estratégia que é para se ir vendo .
ver	Diz o menino-narrador , vendo a riqueza - a vaca - desaparecer nas águas : " Porque o meu papá com muito trabalho tinha conseguido a Serpentina , ainda ela era uma vitelinha , para a dar à minha irmã , a fim de que ela tivesse um capitalzinho , e não se tornasse puta como fizeram as minhas outras duas irmãs , as maiores .
ver	O bebé sofreu ao nascer , naquele momento sente calma , é lindo , descontrai , só vendo , é lindo .
ver	E voltei a pensar em mim , vendo a luz pela frincha de uma janela , nestes dias em que uma pequena parte da humanidade - mas a pequena parte a que pertenço - acredita comemorar o nascimento de um Deus no corpo de um Menino , acreditando que esse Menino se fez Homem e morreu na Cruz a perguntar porque tinha sido abandonado .
ver	Porque , vendo bem as coisas , aqui está alguém que não nos conhece de parte nenhuma , apresentável , bem disposto , compreensivo , de preferência jovem , disposto a escutar-nos e a levar a sério o que lhe quisermos contar .
ver	Então ele não acabou , não , estava em mim vendo o mesmo mar .
ver	Foi num buraco debaixo de terra , sem ver a luz do dia , sem poder levantar-se e ficar direito , vendo e ouvindo os companheiros a morrerem mortes terríveis em celas vizinhas .
ver	De resto , como já vendo sendo hábito em jogos desta natureza , os polícias farão ainda o acompanhamento , antes e depois do jogo , dos adeptos organizados da equipa visitante , nesta caso a sportinguista .
ver	Entretanto , os mais incautos iam vendo as suas moedas ficar retidas sem que qualquer bilhete fosse impresso .
ver	Fui tendo experiências em outros campos e fui vendo que não era nada daquilo .
ver	Vendeu trezentos mil cópias logo na primeira semana em que esteve à venda e Jay-Z transformar-se-ia na mais respeitada figura do hip-hop da Costa Oeste , vendo o seu prestígio alastrar para o mainstream .
ver	Só vendo para acreditar .
ver	No quarto , no escritório , com o "remote control " na mão , vendo os emails a cair no computador , falando ao telemóvel , com os aviões a explodir nas torres de Manhattan e a estátua de Saddam a esmagar-se no alcatrão de Bagdade , nós e o resto do mundo , somo simultaneamente tudo .
vender	E só vendo borrego nacional ", diz António Matias que , normalmente , vende quase um animal por dia , mas ontem , ao final da manhã , só tinha vendido uma mão .
ver	Pedro Cabrita Reis não foi vendo o que estava a ser filmado : " Vi o objecto pronto .
ver	Era apenas uma versãozita modesta de um êxito esquecido dos anos 80 para aparecer no fim de um filme que ninguém ia ver - aliás , nem Gary , que " conhecia apenas as imagens que ia vendo em casa do Michael " .
ver	Como , vendo bem , paira sempre em Noronha da Costa .
ver	Continuei a andar , para evitar embates de quem viesse por trás , e o que ia vendo eram carros batidos uns nos outros , "rails " de protecção destruídos e pessoas na estrada a avaliarem os seus prejuízos .
ver	Nas entrelinhas , o atleta , que domina cinco línguas , travou contactos com "jockeys " espanhóis , franceses e italianos , dos quais Lafranco Dettori , e apostou no ensino , vendo dezenas de videocassetes sobre tácticas de corrida .
ver	Aliás , este já lendário jogador de golfe é um habitual no topo da lista dos atletas mais bem pagos do mundo , com um total de cem milhões de dólares ganhos em 2003 (mais de 126 milhões de euros) e vendo o mais próximo concorrente , o piloto de automóveis Michael Schumacher , a não ir além dos 63 milhões de dólares (quase 80 milhões de euros) .
ver	Portugal está na cauda da Europa relativamente ao cumprimento da chamada "agenda de Lisboa " para a modernização da economia comunitária , vendo mesmo os seus progressos nesta frente classificados de "medíocres " .
ver	É o poeta Valéry vendo nascer dos pés a medida do verso , sentindo o ritmo a crescer-lhe do passo antes mesmo de saber as palavras .
ver	Não vendo divulgada a sua opinião , o leitor recorreu para o provedor "transformando " a não publicação da carta numa outra "sintomatologia ": " aquilo que me parece ser uma atitude tendenciosa desse jornal sobre a questão do aborto " .
ver	A vida traz-lhe novas oportunidades nomeadamente vendo de outra forma alguém que já faz parte da sua vida .
ver	Mas Nelita era senhora do seu nariz , e vendo em José um estorvo , ainda que fogoso , resolveu trocá-lo pelo Coronel Marques , Eládio Ortega Marques .
vender	- Mais do que isso , vendo quadros regularmente .
ver	O Sporting voltou a perder pontos no regresso à Madeira ao empatar (três a três) , ontem à noite , com o Nacional , vendo o sonho do tíutlo desfazer-se mesmo à frente dos olhos , na vigésima primeira jornada da SuperLiga .
ver	Vem-se , começa-se a visitar esses países e vai-se vendo que clima como portugal , comida farta , os vinhos , ambiente de trabalho .
ver	E vai-se começando a dar mais valor a essas situação do que aos apectos clubes , seleccções , financeiro , vendo que a diferença não é tanta .
ver	Até vamos vendo como as coisas vão correndo e que responsabilidades cada um de nós tem nisso .
vender	Infelizmente vendo mais artistas estrangeiros .
ver	Apenas o ministério da Agricultura não acompanhou o aumento de capital , vendo a sua participação baixar de 10 para 1% .
vender	Compro e vendo a nível particular ", diz o jovem de 24 anos , apanhado a conduzir um motociclo de 50cm3, sem carta de condução .
ver	" A Adere tem um ringue e balneários e , vendo aproximar-se o final das obras no Centro Cultural , exige agora a construção de um pavilhão , o que é inaceitável ", afirmou Leonel Rocha .
ver	O argumento pode resumir-se a muito simples linhas : um engenheiro de sucesso é contratado por uma soma fabulosa para , durante três anos , conceber um programa que lhe permita antever o futuro , vendo em seguida apagada toda a sua memória do processo .
ver	" Perseguindo o instante , não vendo na natureza senão vibrações ou sensações de luz ; desconfiando da mediação das palavras , considerava o primeiro olhar o mais verdadeiro e por isso lamentava-se não ter nascido cego ", explica a professora .
ver	O Provedor de Justiça entendeu não solicitar a declaração de inconstitucionalidade , não contestando a " bondade das afirmações feitas por Vossa Excelência , na aliás douta exposição que apresentou ", invocando que os Jogos Paralímpicos não têm um papel exactamente idêntico ao dos Jogos Olímpicos , vendo nestes um palco de afirmação do prestígio externo do País e um momento propício à própria satisfação que a comunidade retirará da conquista das medalhas .
ver	Era Primavera e , na cúpula do monte , vendo Lisboa pelas frestas dos pinheiros descarnados , e as florinhas nas clareiras , quatro homens realizaram uma proeza penitenciária : entraram à hora do almoço na prisão do Monsanto e depois do jantar fugiram .
ver	Prefiro saber por mim , andando e observando pelas ruas , vendo como é a noite .
ver	Sinto-me tão honrado , comovido e aliviado por a Academia nos ter apoiado , vendo para além dos 'trolls ', feiticeiros e 'hobbits ' e reconhecendo a fantasia este ano .
ver	O arguido , Nuno Rocha , um monitor agrícola de 32 anos , foi condenado pela prática de três crimes de rapto e um de extorsão , vendo assim confirmada a pena aplicada no primeiro julgamento , que o Supremo Tribunal de Justiça mandou repetir devido a "erro na apreciação da prova " .
ver	" Estas famílias vão vendo as crianças perderem o espaço para poderem estudar sossegadamente , e os idosos vagueiam todo o dia pelas ruas à espera de voltarem para o quarto que passou a ser a sua casa ", lê-se no documento .
ver	Em 20 minutos marcaram-se três golos e o Benfica conseguiu reagir às adversidades iniciais vendo um fora de jogo mal assinalado a Simão anular um lance de golo .
ver	Temos reclamado intermitentemente no Parlamento da Galiza para que se faça essa legislação e em meados da década de 90, vendo que não se tomava a iniciativa pelo governo galego , nós mesmos apresentamos projectos que não foram avante .
ver	Entretanto , as instalações antigas foram encerradas porque que eram muito velhas , e agora as crianças passam o dia fechadas num espaço sem recreio interior ou exterior , vendo apenas paredes ", protesta a responsável .
ver	Lá foi ficando , vendo o tempo passar , " cama , roupa lavada , comidinha da mamã , uma maravilha ", até que um dia acordou com uma voz que o chamava para a realidade .
ver	Mas , vendo bem , isso não é absolutamente nada anormal .
ver	Vai-se vendo como o canto e os arranjos sóbrios ocultam temas de conflito e perplexidade .
vender	Pediu-lho de volta , ao que Picasso respondeu : 'Não to vendo porque ele faz-me muita falta ' .
ver	Por outro lado , as entradas são pagas (três euros) , mas deixam o visitante completamente entregue a si próprio , tentando adivinhar o que vai vendo .
ver	Já Teófilo Vaz , professor , opina que a legalização "não faz qualquer sentido ", vendo esta actividade como uma exploração "da mulher ou do homem que se prostitui " .
ver	Pessoas que inevitavelmente vão vendo o tempo passar sobre a pele , que envelhece , faz rugas , se encarquilha (séries mais recentes) .
ver	Miguel de Unamuno , vendo aquilo em que ela se pode tornar , confessou : " De dia para dia acredito menos na questão social , na questão política , na questão moral , e em todas as questões que as pessoas inventaram para não terem de enfrentar resolutamente a única questão real : a questão humana .
vender	Manuel Alfredo de Mello adiantou que "o ser o primeiro é um objectivo de rentabilidade , pois se eu não for o primeiro eu não vendo e não estou lá " .
ver	Principalmente vendo que o CCB tem uma grande equipa , muito rodada nisto , e que o espírito da Festa da Música é o trabalho em equipa .
ver	Mas Luísa , vendo quão demoradas andam outras obras no bairro , duvida que a devassa se fique só por esses doze meses .
ver	Escusado será dizer que Mitch não gosta muito da ideia , enquanto Trey a adora , vendo nela o seu salto para a fama .
ver	Ele está vendo .
ver	Pensamos que é suficiente , até porque nós (os enfermeiros) fazemos primeiro uma triagem , vendo os utentes que realmente precisam de uma consulta ", explica o autarca .
ver	Como o último exame de décimo segundo ano decorrerá a 23 de Julho e os professores terão de os corrigir e , mais tarde , analisar os recursos , nenhum docente , em serviço de exames , " estará livre de trabalho na primeira quinzena de Agosto , vendo deste modo o direito às férias violado grosseiramente " .
ver	Lendo os jornais , vendo a televisão , não se pode dizer que vivamos um tempo da política ; o que há é demasiados políticos .
vender	Eu , por exemplo , vendo caixões .
ver	Podemos confirmar isto vendo as diversas maneiras que ele tem de chegar à Avenida do Leste .
ver	O realizador optou por mostrar apenas uma vez ou até nenhuma a fotografia integral ; ou então os limites do écrã de TV coincidem com os limites da foto , tornando pouco claro se estamos vendo a totalidade da foto .
ver	O Chelsea empatou ontem com o Middlesbrough (zero a zero) , na trigésima segunda jornada do campeonato inglês de futebol , atrasando-se na luta pelo título e vendo aproximar-se o Manchester United , que venceu o Birmingham (dois a um) com um golo de Cristiano Ronaldo .
ver	Por um lado , a resistência deixou de ser atribuída , como até aqui , a pequenos grupos de "terroristas " ou de saudosistas do antigo regime , para passar a ser identificada como uma verdadeira resistência popular à ocupação ; segundo , os próprios ocupantes passaram a identificar como resistentes praticamente toda a população , vendo em cada iraquiano um potencial insurgente .
ver	Mas para tal deverá formar um governo com pessoas competentes , dotadas de princípio moral , não vendo os cargos que venham a exercer como meios de sobrevivência pessoal e familiar .
ver	Em causa estão os cortes na atribuição de subsídios de educação especial (SEE) efectivados durante o presente ano lectivo , que Caeiro defendeu , vendo neles a aplicação rigorosa da lei , em nome de uma maior equidade na concessão deste tipo de apoios em todo o país .
vender	Em outros países , como o Japão , também vendo alguma coisa , mas quantidades pequenas .
ver	Pelos prédios vão-se vendo sujeitos de ar duvidoso a assomar às janelas , apregoando sem pudor o bom produto que têm para venda .
ver	Porque é que o dito grupo de agentes da autoridade , em vez de rir de boca cheia , não se abeirou do grupo de sem-abrigo e , vendo o seu estado calamitoso , não os encaminhou para um local mais digno , mais condicente com a ideia de uma polícia feita para melhorar as condições de vida e a dignidade dos habitantes do seu município , no caso Lisboa ?
ver	Só vendo a auditoria é que posso avaliar .
ver	Ao longe , fui vendo os polícias da fronteira vestidos de escuro , a juntarem-se em grupos e a olhar na minha direcção .
ver	A Alameda de Azevedo perdeu assim a função de "auto-estrada " com que foi desenhada , vendo reduzida a sua largura e aligeirado o seu perfil .
ver	Tem que ser como no 25 de Abril que retém , do que foi lendo e vendo , algo "nobre ": "houve uns tiritos ", mas sobretudo "consenso " que reuniu entusiasmo , empolgamento por uma causa conjunta , mas também "civismo e calma " .
ver	Simões : No que toca à letra fui então fazer o filme em cima do filme do Sérgio , aquilo vendo bem em esqueleto é um convite de engate muito complicado , cheio de regras definidas , um convite à dança , ao encontro , mas todo ele calcinado por uma miríade de falhanços amorosos que depois acabam por se resumir a uma arquitectura primeiro de convite depois de clara e provocatória afirmação de que com um pouco de sexo e muita poesia ainda me sinto profundo .
ver	Depois da independência , Adelino Gomes passou mais três semanas em Timor , " vendo , escutando e questionando - passado o desmontar da feira - cada acto , cada gesto , cada frase , que eram sempre os primeiros , porque aqueles eram os primeiros dias de um novo tempo " .
ver	Uma destas , vendo os jornalistas , gritou : " Estou aqui há cinco meses .
ver	Dois dias depois após a partida , aconteceu que Maria , no deserto , sofreu com o excessivo calor do sol e , vendo uma palmeira , desejou repousar um pouco à sombra dela .
ver	Daí que tenha algumas dúvidas sobre uma afirmação anterior de Eduardo Lourenço : " Por mérito próprio e pela indigência , no mesmo plano , de qualquer outro discurso ideológico e cultural com análoga universalidade , além da concreta implantação escolar ou universitária , hegemonia da crítica marxista não tinha alternativa , e , vendo bem , ainda hoje não a tem .
ver	Mulher - Cegos que , vendo , não vêem .
vender	Vendo a 20 euros o quilo às lojas e a 7,5 euros a particulares .
ver	Os meios empresariais e financeiros aplaudiram a decisão do Tribunal Constitucional , vendo nela o regresso à estabilidade .
ver	E quando se vê o plano , mesmo vendo do exterior , é um edifício que percebemos de uma forma simples .
ver	Estou-me vendo bombardeado com as notícias , mas não posso confirmar nem desmentir nada até à próxima semana .
ver	Mas tenho estes anos todos de ir vendo construir-se , acumulando , esvaziando , trocando as voltas , afirmando-se , negando-se , este artista maior e mais secreto .
ver	da possibilidade de comprovarem o seu entendimento vendo este espectáculo espampanante !
ver	Vem a talhe de foice contar esta anedota : Há anos , numa palestra realizada na Gulbenkian , um professor holandês especialista em pigmentos de flores contava que a Holanda , vendo que não tinha dinheiro para investigação aplicada nesta matéria , resolveu terminar com a investigação básica .
ver	A primeira decisão que tomámos foi pedir ajuda à Faculdade de Engenharia do Porto para preparar uma nova rede , vendo qual é o papel que compete à STCP no funcionamento do sistema de transportes no Porto .
ver	O que é verdade , num país onde a escassez da oferta ajudou a fazer crescer o desprezo pelos transportes colectivos - vistos como coisa de pobres - e onde a maioria , incensada num certo novo-riquismo feito à custa de crédito pessoal , se compraz na asfaltada possibilidade de pegar no carro para ir de todo para qualquer lado , vendo nisso um sinal de evolução , de riqueza , e de liberdade individual face aos constrangimentos dos primeiros .
ver	Dois golos do médio Tim Borowski ajudaram os campeões da Bundesliga a conquistar este troféu pela quinta vez no seu historial frente a um Aachen que deu muita luta e que conseguiu minimizar a derrota para a margem mínima quando tinha apenas dez jogadores , vendo o seu esforço recompensado com um lugar na Taça UEFA do próximo ano .
ver	Estacionei em Muxia , em frente à praia , vendo a maré negra .
ver	Vendo a retrospectiva , a sexualidade parece ausente dessa tomada de consciência .
ver	Parecia algo desiludida , mesmo vendo a bola preta ampliada pelo telescópio , muito diferente do pontinho negro , sumido , no meio do disco solar que se via com os óculos especiais .
ver	O futebol que eles inventaram , mas em que não têm mão , vendo o Brasil arrebatar o trono à sua vontade .
ver	Jorge Matos , da CDU , votou contra , vendo nesta proposta um favorecimento ao SCB , enquanto o vereador do CDS PP e os três do PSD se abstiveram , num voto de coligação .
ver	Não vendo , mesmo , não olhando ou ignorando .
ver	Ora , a UMP (União para um Movimento Popular) , o partido de Raffarin e do Presidente da República , Jacques Chirac , obteve apenas 16,6% dos sufrágios , vendo assim confirmado o castigo infligido pelos eleitores à política do governo , três meses antes , por ocasião das eleições regionais .
ver	A exemplo do que tinha feito na véspera do encontro com a Rússia , Scolari optou por antecipar a conferência de imprensa de hoje em 45 minutos , por forma a que os seus adjuntos e os jogadores possam ir vendo o vídeos da Espanha , trabalho que depois do almoço , como o próprio reconheceu , é sempre fastidioso .
ver	O que estamos vendo são cenas lamentáveis ", considerou .
ver	Nasceu em Córdova , mas aos catorze anos a mãe levou-a até Madrid , vendo a sua obsessão pelo flamenco .
ver	Tendo perdido o emprego e sem receber qualquer pensão , Abbas faz entregas erráticas de electrodomésticos pela cidade , vendo os outros melhorar a vida e saudar para a câmara de Goupil o fim da tirania .
ver	Vão vendo tudo , como se o mundo se tivesse convertido num fluxo televisual : dos programas do Herman (de que dizem não gostar , porque ele está com piadas mais ordinárias) até ao futebol ou às telenovelas (para os que sofrem de insónias , preferem ver pela milionésima vez o anúncio de uma escova de enrolar cabelo do que voltar para o suplício de querer adormecer com um bloco de sol agudo sobre as têmporas) .
ver	Passando em revista os mais importantes críticos da época : Pauline Kael , New Yorker : " Coppola dirigiu o filme dentro de uma caravana vendo o 'plateau ' através de um monitor de vídeo .
ver	Já Carr preferiu atacar o realizador , classificado como " exemplo de pretensiosismo artístico ", acusando-o de ter feito " um filme amador , inepto e sem vida "e vendo nas revisões ao seu argumento " meras desculpas para eliminar cenas chave que Schrader não conseguia encenar " .
ver	Também há outro assistente no "Molinero " que , vendo um drible de Nuno Gomes comenta : "este foi o gajo que nos lixou " .
ver	Fomos vendo os fiéis entrarem para a oração das 14horas e 30 minutos , muito concorrida por ser sexta-feira , dia santo .
ver	Agora vendo , por exemplo , o mundo político pode constatar-se que a taxa de eleitas a seguir ao 25 de Abril tem mudado muito pouco , se calhar ao nível de certos partidos até baixou .
ver	Admitem os analistas que os seus poderes sejam reduzidos , vendo como provável uma pequena remodelação governamental .
ver	É assim a vida , ele até não ganha mal , nem se queixa , vendo o que vai por aí .
ver	Repórteres de um jornal chamado "Diário Popular " andámos os dois , durante quase um quarto de século , por montes e vales , à chuva e ao bom tempo , no sangue e na lama , na luz e na sombra , a contar a tragédia e a farsa , a careta e a máscara do que íamos vendo , o Zé jogando a máquina à cara , fixando o momento exacto , no ângulo indispensável ; eu a narrar em tom menor , o que ele obtinha em polifonia .
ver	No entanto , face à aprovação posterior aos factos de uma lei que prevê uma penalização inferior por actos semelhantes cometidos em recintos desportivos , a Ferreira Torres foi aplicada uma pena mais baixa , vendo reduzida a coima para 1750 euros , contra os 3491,59 previstos na anterior legislação .
ver	Nesses anos em que foi vendo nascer os filhos , Sophia escreveu relativamente pouco .
ver	É um verdadeiro prazer percorrer , por exemplo , "Luz para as Abadias " ou revisitar e ir clikando na surpreendente e divertida "Capitão Goma ", que esteve recentemente na Casa d 'Os Dias da Água , mas que resulta optimamente neste novo formato - o electrónico - ou ir lendo e vendo o trabalho que está à espera de publicação : " Há quanto tempo é que trabalha aqui ?
ver	Roberto , transformista , acha que só " vendo e participando as pessoas se apercebem da normalidade que invade o mundo 'gay ' " .
ver	O tribunal , vendo a sua opinião ignorada , sairia fragilizado .
ver	- Sim , eu condeno muita a minha geração exactamente porque , passe a expressão , um bocado enjoada com aquilo que foi vendo restituiu-se à sua vida profissional .
ver	Ouvindo a música , falando com ele , vendo fotografias , imaginamo-lo num filme de Luchino Visconti ou numa palestra existencialista .
vender	Desde pequenina que vendo aqui .
ver	Inclusivamente , já com o PSD de Durão Barroso no poder , a questão voltou a surgir , timidamente , com a criação das áreas metropolitanas , que , como se vai vendo , não servem para nada .
vender	Eu vendo o livro e digo " O.
ver	Ao longo de décadas , a Serra do Caldeirão foi vendo crescer um habitat natural muito rico em espécies florestais e faunísticas .
ver	Na época passada , perdeu o título de melhor marcador para McCarthy na derradeira jornada (apontou dezanove golos , menos um do que o sul-africano) e , neste defeso , quando esperava dar o salto , acabou por permanecer no Nacional , vendo Rossato e Paulo Assunção saírem para o FC Porto .
ver	" Não imagina quantos anos de vida é que eu já perdi neste centro de saúde , encostado a estas paredes , vendo as horas passar , sem uma cadeira sequer , às vezes ao sol , outras vezes à chuvas ", desabafa Francisco Lourenço , 76 anos , enquanto espera mais uma vez por uma consulta no posto da Buraca , no concelho da Amadora .
ver	" Um dia quando eu morrer vão escrever na minha lápide : Aqui jaz nesta rasa sepultura quem teria morrido da doença se não tivesse morrido da cura ", declara com ironia , enquanto vai vendo passar o tempo , sentada na cadeira da entrada do centro .
ver	rene , viúva de Castulus , outro mártir , vendo que Sebastião sobreviveu à provação , restabelece-o , dá-lhe abrigo e cuida dele .
ver	Irene , viúva de Castulus , outro mártir , vendo que Sebastião sobreviveu à provação , restabelece-o , dá-lhe abrigo e cuida dele .
ver	Lembrei-me de tudo isso outro dia , no Nimas , vendo "Triple Agent " de Rohmer quando , ainda antes de qualquer imagem visual , comecei a ouvir um canto russo que ora me lembrou o "Canto das florestas "ora o "Chant des partisans " .
ver	Mas só vendo , porque nos últimos anos John Waters não conseguiu estar à altura da fama de "papa do trash " .
ver	Um deles é percorrer o longo paredão , ao fim do dia , inspirando o ar saturado de maresia e vendo as ondas a desfazerem-se em espuma contra as rochas .
ver	É isso o que se tem dito e escrito , hoje , quando o novo interesse sobre o filme e sobre a realizadora tem levado à análise e interpretação das páginas da biografia de Kazan (e dos filmes que ele fez em que arranjou papéis para ela ; e da história que ele escreveu , e filmou , sobre ele e ela) lendo aí , vendo aí , um paradigma : os sinais do apagamento de uma identidade - a mulher , seja Barbara , Wanda , Maggie , Marilyn , é uma força da natureza , instintiva , criatura de paixão , sem , no entanto , se conseguir compreender a si própria ; o homem é que a estrutura .
ver	Pelo menos para os portugueses , que iam vendo os adversários directos do seu atleta cometerem erros e ficarem para trás .
ver	Uma delas , vendo que era cada vez mais preterida , dirigiu-se a um curandeiro , pediu-lhe ajuda .
ver	Neste país não consegue mais do que "aliviar o stress " vendo televisão , indo ao cinema , entretendo os ouvidos com o "reggae "dos sul-africanos " Luke Dube ", soletra .
ver	João Proença deixou os jornalistas entrarem na sala e instalarem-se , permitiu que repórteres fotográficos e "cameramen " fossem recolhendo imagens da mesa e dos candidatos , foi vendo a sala encher-se de militantes e depois decretou : " Os jornalistas não foram convocados para este debate .
ver	" Depois de dois meses a chamar caciques [ a militantes do partido [ , vendo na candidatura de José Sócrates o bloco central dos interesses e pessoas de direita , Manuel Alegre percebeu finalmente que tem de mudar o estilo da sua campanha ", observou o ex-ministro da Justiça de António Guterres .
ver	Esta é uma demonização habitual num festival como o de Veneza que (ainda) se angustia com a suposta contradição entre "filme de autor "(europeu) e "filme de massas " (americano) ; vendo numa das categorias uma ameaça para a outra .
ver	Sempre "sublinhando a solidariedade das mínimas partes " (carta a Mauriac , 1919) ; notando " entre duas sensações , uma parte comum " ; vendo em simultâneo as coisas mais diversas , por isso a metáfora para o autor não era um acréscimo retórico - um traço abstracto dado "a posteriori " - , mas um modo imediato da percepção : " a unidade descoberta entre fragmentos (.
ver	No entanto , há dois anos , vendo que ainda havia uma falha no mercado , decidiu abrir outro hotel "gay ": a Pensão Anjos .
ver	Segundo o presidente da câmara em exercício , António Pereira , a participação no projecto europeu tem a ver "com a pedagogia proporcionada pelas visitas à estação arqueológica , nomeadamente junto das escolas , que , vendo os vestígios arqueológicos e acompanhando o respectivo centro interpretativo , podem ter uma ideia mais sustentada da história do país " .
ver	O português mostrou a habitual determinação , vendo o cartão amarelo logo aos dez ', por travar Shevchenko .
ver	As pessoas gostam de decidir vendo , experimentando , tocando .
ver	Antigos votantes do PP e do PSD , vendo agora o que se passa no continente , não querem perder nos Açores a estabilidade .
ver	Um homem está deitado no palco , no canto , mal se vendo na contra-luz .
ver	No Algarve vendo rios de tinta .
ver	" Só vendo a proposta toda do orçamento é que posso emitir uma opinião ", pois o que tem vindo a lume são "peças soltas ", explica .
ver	No dia 21 de Dezembro , na última sessão do julgamento antes das férias de Natal , Silvino tinha dito que não se lembrava da maior parte dos jovens e que "só vendo as caras " poderia recordar-se delas .
ver	No dia 21 de Dezembro - na última sessão do julgamento antes das férias de Natal - , o arguido tinha dito que não se lembrava da maior parte dos jovens e que "só vendo as caras " é que poderia recordar-se delas .
ver?#	O atentado foi precedido , tal como vendo sendo habitual , de um telefonema anónimo para a redacção do jornal basco "Gara " por volta das nove horas .
ver	Numa intervenção em Querença , concelho de Loulé , o líder do PSD afirmou estar calmo , mas que vai vendo "quem se enerva ", acrescentando que o "nervoso " dos socialistas resulta de uma alegada sondagem em que teriam baixado "mais de oito pontos na última semana " .
ver	Compliquemos mais : e se o ministro em causa , mesmo vendo o seu nome invocado no processo de despedimento , não tiver tido nada a ver com o episódio , até o repudiando ?
ver	No triplo , o britânico Jonathan Edwards parece capaz de dominar a concorrência , detendo a melhor marca da época (17,62 metros) e vendo os seus rivais principais , o alemão Friedek e o búlgaro Dimitrov , menos fortes que no ano transacto .
ver	Estou com uma mania triste : fico vendo a idade de todo o mundo que faz sucesso e vejo quantos anos faltam para que esse sucesso aconteça comigo .
ver	E foi , de facto , uma viagem que Cleonice Berardinelli , com o seu raro dom de comunicação - difícil de descrever , só vendo mesmo - propôs a quem a quis escutar .
ver	O que move Cavaco não é o instinto patriótico do velho timoneiro que , vendo à deriva a nau que tantos anos pilotou , lança um desesperado e genuíno grito de aviso à navegação .
ver	Eles estavam lá , do outro lado do mar , sem oportunidade de fazer o que quer que fosse , vendo passar o tempo da sua vida .
ver	Graças à CFI [ um canal francófono com difusão em África ] lá se vai vendo alguma coisa , mas voltada para os franceses .
ver	Esta barra é desde logo absurda pelo facto de nos mostrar um símbolo da notícia que estamos vendo no momento e cujo resumo já se apresenta em baixo .
ver	Depois da inauguração do apartamento ele ouviu ela chorando no banheiro , foi e ela tinha se emocionado vendo as escovas de dentes deles , lado a lado .
ver	Depois - vendo alguns polícias israelitas no local - voltaram a ocupar o terreno para os apadrejar sucessivamente .
ver	Tanto este como outros comerciantes estão a viver momentos de aperto , vendo a queda abrupta do volume de vendas .
ver	" O administrador da SAD comentou de seguida a entrevista feita ao jornal "Record ": " Vendo a coisa à distância , as declarações foram inoportunas , não foram na altura certa .
ver	Reconheço-o , vendo da frente para trás , que foi muito empolada .
ver	Entretanto , vou vendo a TVE .
ver	Sim , tinham reparado nela vendo muito bem o carro , a caminhar entre os pátios e pelas esquinas , não sendo dali .
ver	Vendo bem , acho que sim , muito embora não tenha sido intencional .
ver	Ao ter de adiar a resposta pública a esta ou àquela solicitação , o provedor corre o risco de ser mal interpretado , como aconteceu com o leitor José Costa , que , vendo tardar o comentário a uma crítica que fez ao jornal , acusou , via fax : " Quiçá pelo silêncio cúmplice , nada disse .
ver	Fernando Couto esteve no banco no Verona-Lazio (dois a zero) e Sérgio Conceição parecia nervoso em Perugia , vendo o cartão amarelo aos 23 ' por falta sobre Materazzi , quando o Parma já tinha encaixado três golos .
vender	Gabriel devia imprimir um cartão de visita : " Livros : roubo e vendo .
ver	São das melhores recordações da minha vida - a viagem com a família toda reunida , o dormir com o balancear do comboio e acordar , quentinho , vendo pela janela a composição deslizar num manto de neve , o cheiro a carvão , a café com leite e torradas , os empregados , vestidos de branco , simpáticos , que nos tratavam sempre tão bem .
ver	Aquilo que deveria ser a marca socialista , essa réstea de esquerda que não desistimos de procurar (e recordo as palavras de Nani Moretti vendo na televisão Massimo d 'Alema : " Diz uma coisa de esquerda , diz , uma só , por favor !
ver	Que é possível , sabemos vendo , por exemplo na RTP dois , os programas de Luís Osório , primeiro A.oja do Cidadão , agora Zapping .
ver	Lá estacionam , sem terem nada a ver com a escola , muitas dezenas de carros e furgões e até já se vão vendo veículos pesados .
vender	Sou eu que vendo e decido sobre as vendas .
ver	Fazer turismo vendo as obras de requalificação urbana na Baixa do Porto .
ver	Como compositor , os seus anos mais fecundos situam-se entre 1921 e 1934, vendo nascer páginas como "Amériques ", "Offrandes ", "Hyperprism ", "Octandre ", "Intégrales " .
ver	A criança palestiniana pega na pedra devido aos cercos israelitas impostos às cidades e aldeias , à deterioração económica , ao desemprego dos pais , familiares e vizinhos , sem a capacidade mínima que garanta a alimentação e medicamentos , e vendo os tanques à porta das suas próprias casas , destruindo e matando .
ver	Tendo começado por negar a importância do "bug ", a Intel acabou por ter de o reconhecer e de montar um vasto programa de substituição dos processadores vendidos , gastando centenas de milhões de dólares e vendo a sua imagem prejudicada .
ver	Para além da curiosidade do prémio , a visita ao sítio vale a pena para os cibernautas que queiram ter a sensação de estar a pairar sobre a Terra , vendo a sua cidade do espaço ou visitando outros lugares famosos .
ver	Jesus Cristo , referindo-se a um grupo de crianças que certo dia tinha na sua frente , disse : ' Os seus anjos no céu incessantemente estão vendo a face de meu pai ' .
ver	O PÚBLICO e a Columbia TriStar Warner anunciam que o premiado no passatempo Space Cowboys foi o leitor Celso Martins Assunção , de Aveiro , com a seguinte frase : "Vendo as coisas de fora , talvez se compreenda melhor o porquê do mundo agora cada vez estar pior " .
ver	A aquisição de obras de artistas emergentes é também sublinhada pelo comissário da mostra , vendo nesta opção uma política de abertura e risco que as colecções também têm de assumir .
ver	As conquistas de Abril , parte delas já perdidas , fizeram mais pela democracia que as "transições democráticas " que vamos vendo pelo mundo .
ver	Sai na imprensa e mostra uma família nuclear vendo televisão depois do jantar .
ver	Para além das naturais reacções dos jornalistas , o público , os leitores e os espectadores são inteligentes , sabem perfeitamente o que querem e sabem detectar esse tipo de intervenções , castigando os meios onde elas se registam , não os lendo , não os ouvindo , não os vendo , o que faz com que acabem por perder a influência que eventualmente teriam .
ver	Desta forma , o líder da concelhia socialista conseguiu uma "expressiva maioria " ao eleger dezassete membros da sua lista contra quatro eleitos pelo seu colega médico , vendo assim reforçada a sua posição frente aos destinos do partido no concelho .
vender	Como tal , não o vendo .
ver	A justiça em Portugal , já se vai vendo , é um "affaire " do regime que está , não é uma questão de princípio .
ver	Neste "site ", o utilizador pode assistir a uma mesa redonda virtual , vendo e ouvindo a opinião de diversos especialistas europeus .
vender	Eu vendo o mesmo em Paris , em Tóquio , em Buenos Aires e em Madrid .
ver	Juan Guzman respondeu defendendo o direito democrático às manifestações mas não vendo nenhum motivo para "renunciar " .
ver	Ao fim do dia de ontem Lisboa resistia como podia ao temporal , com guarda-chuvas e chaparia a voar pelos ares , derrocadas parciais de prédios antigos , algumas quedas de árvores , grandes engarrafamentos de trânsito , sem barcos para o Seixal e Montijo e vendo as duas pontes sobre o Tejo cortadas ao tráfego de motas e veículos de caixa alta .
ver	O Teatro Extremo , apesar do trabalho de qualidade que tem desenvolvido , para a adultos e para crianças - a que se junta a realização de um festival anual de teatro , o Sementes - ficou este ano fora dos subsídios do IPAE para 2001 (recebeu 10 mil contos em 2000) , vendo por isso o seu trabalho futuro em perigo .
ver	O eleitorado russo depositou grandes esperanças em Vladimir Putin , vendo nele um jovem e enérgico Presidente , capaz de arrancar o país da crise , da corrupção e do poder da oligarquia e da família corte de Boris Ieltsin .
ver	" Perigos " que , por um lado , não parecem incomodar os intervenientes directos no negócio - a Solverde , por exemplo , está atenta , mas pouco preocupada com a conjugação de interesses Estoril Amorim , vendo o movimento de concentração como natural - , nem , por outro , deverão desencadear qualquer tipo de intervenção proteccionista da parte do poder central .
ver	Mal soaram os primeiros acordes de "Friction ", e vendo que as coisas não estavam muito bem paradas , a vocalista dos Morcheeba convidou o público a levantar-se das cadeiras , ao que este obedeceu sem o mínimo franzir de olhos .
ver	Para , por fim , regressar à ideia de uma performance que nunca foi feita , em que Lagido simplesmente se sentaria num palco vendo o vídeo - "Charlotte is burning " - em que uma pequena bailarina clássica de plástico deixada na chama de uma vela arde como quem dança .
ver	O processo administrativo que levou ao licenciamento da urbanização é transparente , não se vendo como possa sequer merecer contestação ; isso só tem sido possível através da "amálgama " dos diferentes projectos previstos para a região num único "pacote " .
vender	" Isto é bom para os anéis e aquelas coisas pequeninas , eu tenho peças grandes , vendo mochilas , só tenho uma hipótese , vou ter que trabalhar menos ", continua Felisberto , lamentando ainda o toldo demasiado pequeno para servir de abrigo aos vendedores .
ver	" Vendo a actual conjuntura política a crescer , de uma forma imprevísivel , peço aos nossos membros que não saiam esta noite na celebração do Eid al-Fitr ", afirmou ontem Musa .
ver	A assistência a doentes com suspeita de enfarte do miocárdio , através do programa "Via Verde Coronária ", coordenado pelo Instituto Nacional de Emergência Médica (INEM) , vai entrar na segunda fase , vendo a sua área de influência e o número de hospitais envolvidos aumentados .
ver	" Escolhi a Mãe Coragem - adiei o sonho de fazer a 'Vida de Galileu ' - pelas imagens que fui vendo das reportagens televisivas da Bósnia , do Kosovo , com as suas filas de refugiados famintos , de soldados atípicos , dos relatos de perseguições e violações , as manipulações nacionalistas que servem os vastos negócios escondidos , a especulação das super-empresas o mercado negro e o contrabando das pequenas quadrilhas ", sublinha o encenador .
ver	" Escolhi a 'Mãe Coragem ' pelas imagens que fui vendo das reportagens da Bósnia , do Kosovo , com as filas de refugiados famintos , de soldados atípicos , dos relatos de perseguições e violações , as manipulações nacionalistas que servem vastos negócios escondidos , a especulação das super-empresas , o mercado negro e o contrabando das quadrilhas ", explicou ao PÚBLICO o encenador (ver "Y" de 29/12) .
ver	As estimativas relativas ao ano 2000 dizem também que os filmes de outros países sofreram uma queda , vendo a sua audiência ser repartida entre um total de 7% , quando no ano anterior tinham atingido os 14% .
ver	É lícito pensar , vendo Os Sopranos , em outros exemplos radicais do formato televisivo , como Twin Peaks , de David Lynch .
ver	No mapa da herança mundial , podem fazer-se pesquisas de locais protegidos ao abrigo dos vários programas da UNESCO ou por país , vendo , por exemplo , a "ficha " do centro histórico de Évora ou do Convento de Tomar .
ver	Todos estes dias vamos ouvindo na rádio , vendo na televisão e nos .
ver	O encenador escolheu a "Mãe Coragem " pelas imagens que foi vendo ao longo dos meses , " as reportagens televisivas da Bósnia , do Kosovo , com as suas filas de refugiados famintos , de soldados atípicos , dos relatos de perseguições e violações , as manipulações nacionalistas que servem os vastos negócios escondidos , o mercado negro e o contrabando das pequenas quadrilhas " .
ver	Só se espera que o "hoje " de Sampaio seja diferente do "hoje " da menina de Cid - "Hoje dormes ao meu lado mas eu fico acordado vendo te dormir " - , pois ninguém deseja um Presidente .
ver	Um a um , os dois sobreviventes foram vendo os outros três companheiros serem engolidos pelas ondas .
ver	Fernando Santos enfrentou ainda nos últimos dias as limitações de Pizzi e de Secretário , vendo assim reduzidas as suas opções .
ver	Cresceu em Nova Iorque a visitar museus e a inventar histórias para os quadros que ia vendo .
ver	Como lembrava Arons de Carvalho (e , aqui , Óscar Mascarenhas está de acordo) , os jornalistas "nunca tiveram tantos direitos " individuais e colectivos como hoje , vendo razoavelmente protegida a missão que a sociedade lhes confere .
ver	As mudanças são tão grandes , que só vendo a animação tridimensional se percebe a dimensão do projecto .
ver	Barata Salgueiro , 39) passa , às 18h30, "L'Homme du Large ", de Marcel L.Herbier , um filme que adapta o romance " Un Drame Au Bord de la Mer ", de Balzac , e que conta a história de um velho pescador que vive feliz com a mulher e a filha à beira-mar , vendo o seu filho perder-se nos vícios da cidade .
ver	Alguns leitores não gostaram , vendo nesta leitura uma "desvalorização " da vitória de Jorge Sampaio para um segundo mandato presidencial .
ver	De acordo com a OMT , nos últimos dois anos apenas os 29 países da OCDE (Organização para a Cooperação e Desenvolvimento Económico , que engloba os países mais ricos do mundo) registaram uma mudança de cenário em termos de emprego , vendo as suas taxas de desemprego cair .
ver	Levantar cedo , às vezes uma correria , trabalho quanto baste e muitas vezes , ao fim da noite , o repouso fatigado que as atira para o sofá como se fossem vegetais com olhos , vendo o que de mais idiota passa na televisão .
vender	" Todas as vezes que alguém ataca as minhas letras , eu vendo mais um disco ", disse ele noutra cerimónia de prémios (os da MTV) .
ver	A "sabedoria convencional " continua obcecada pela hegemonia da Alemanha na Europa , vendo em todas as atitudes alemãs a manifestação de um velho desígnio imperialista .
ver	E o Gil Vicente continua sem vencer em terreno alheio , vendo a sua situação a complicar-se na tabela classificativa .
ver	O Benfica tornou-se passivo , empenhou-se pouco , voltou a jogar mal , e a União foi vendo até onde podia chegar .
ver	Curiosos , vamos vendo , esperando chegar a algum lado , o que é resultado por excelência a que seguramente a simples e curiosa curiosidade nunca vai poder levar .
ver	O estudo agora anunciado concebe a intervenção na Quimiparque como um " recentrar a Área Metropolitana no Estuário do Tejo ", vendo "o Barreiro como espelho de Lisboa " .
ver	" Não só acredito no projecto como tenho uma grande confiança em mim e nos meus colegas ", justificou Ricardo , enquanto Jorge Couto respondia com um sorriso a quem lhe perguntou se uma vitória no campeonato não seria a melhor forma de valorizar o investimento : " Faltam muitas batalhas , vamos andando e vamos vendo " .
ver	O antigo director do Hospital Garcia de Orta , exonerado do cargo em 1996, ganhou o recurso no Supremo Tribunal Administrativo (STA) contra a então ministra da Saúde , Maria de Belém Roseira , vendo assim anulado o despacho que o afastou do posto que então ocupava , noticia a Lusa .
vender	Chega aqui um cliente , quer uma caixa ou quer um quilo , não vou dizer que não vendo !
ver	A "vítima " mais recente foram os Vancouver Grizzlies , que saíram ontem derrotados de Filadélfia , vendo assim interrompida uma série de cinco vitórias consecutivas , a maior na história da equipa canadiana .
ver	Ana foi vendo os amigos a casar e a ter filhos .
ver	Pedro de Freitas Branco estava então a preparar a "Quinta Sinfonia " de Mahler , que é uma obra muito difícil , de maneira que passou o tempo a gozar-me , vendo a minha atrapalhação e dizendo : " Que estreia , Vasco , que estreia !
ver	Você saia daqui do Cacém e vá vendo a beira da estrada .
ver?#	À disposição dos sócios que queiram assistir ao jogo estarão , como vendo sendo habitual ultimamente , vários autocarros para a viagem até ao Estádio da Mata Real .
ver	Entre os dois extremos , e entre a primeira e a terceira pessoa , cruzamo-nos com personagens cómicas ou patéticas que atravessam o Maio de 68 vendo o último filme com Richard Widmark , choram convulsivamente ouvindo Lola Beltrán , assassinam em sonhos a porteira do seu prédio , tropeçam em merda de cão parisiense ( "A França é , sem dúvida , o país do mundo com maior densidade de caca de cão por centímetro quadrado de rua "), magoam-se no amor , tratam as feridas com álcool , amanhã começarão a escrever o maior romance de língua espanhola .
ver	Este , vendo gorado o seu primeiro plano , já pediu ao dono da roda para que ela ali permaneça pelo menos até aos santos populares .
ver	" Aquilo é caótico , só vendo ", elucida M.
ver	O "pater " com família e o sem família vão vendo o Big Brother , os Acorrentados , as desgraças nos telejornais , e vão esperando que lhes saia o Totoloto , a Lotaria , o Totobola , ou que os chamem para serem milionários .
ver	E , à direita , o "Figaro " avisa igualmente o Presidente , titulando "Chirac perante o choque parisiense " e vendo na tomada de Paris pela esquerda um "fim de percurso para o chiraquismo parisiense " .
ver	Entretanto , vários agentes da esquadra da PSP de Arroios que chegaram ao local , foram informados por populares que os assaltantes estavam ainda na estação , para onde se dirigiram , vendo , efectivamente , os homens armados no cais de embarque .
ver	é uma realidade que tem marcado a decisão política em Portugal , pois cada governo ou cada governante tem tido a tentação de não dar continuidade às decisões dos precedentes , ou por falta do saber avaliar ou pelo querer ser inovador , não recolhendo da experiência dos que já fizeram ou dos que estão a fazer , assumindo , assim , uma atitude que nem é inteligente nem pragmática e que pode vir a frustrar populações beneficiárias ou técnicos e especialistas que , vendo coarctado o seu trabalho , perdem empenhamento e motivação .
ver	A exposição " Seeing Salvation : The Image of Christ " (Vendo a salvação : o rosto de Cristo) , que esteve na National Gallery , de Londres , o ano passado , foi a mais visitada do Reino Unido em 2000 .
vender	Eu só vendo guitarras porque tenho de viver .
ver	Por isso , Samira cresceu vendo as mulheres à sua volta a esconderem-se debaixo de mantos negros e a submeterem-se à autoridade dos maridos , mas ao mesmo tempo a encherem as universidades , a concorrerem a cargos políticos e a dedicarem-se às mais variadas profissões (um documentário transmitido recentemente pela televisão portuguesa mostrava o quotidiano de uma iraniana que é condutora de autocarros de longo curso) .
ver	Fui assistir ao concerto e participar no jantar , com muita nostalgia vendo as transformações que entretanto fizeram no antigo liceu do meu tempo .
ver	Na Europa , o ministro Shimon Peres tenta explicar a posição israelita , vendo uma ténue "luz no fim do túnel " .
ver	Vamos até vendo fotografias , por exemplo , das baratas com as quais Roberto partilha a casa .
ver	Vou vendo as exposições e muitas vezes ainda estou a pagar peças e já estou a comprar outras .
vender	Por outro lado , vendo muito bem para os turistas .
ver	O alerta partiu do presidente da Associação Protectora Amigos do Maçãs (APAM) , que , vendo as águas deste rio chegarem a Portugal com uma cor acastanhada e completamente opacas , decidiu procurar a origem da poluição , apontando como responsável uma empresa de extracção de lousa a escassos 20 quilómetros da fronteira , na localidade de Flechas (Espanha) .
ver	Gravou "Marambaia " ( "Só vendo que beleza ") apenas por razões históricas ou mantém uma ligação sentimental a essa canção ?
ver	Sempre que posso fico em casa de tarde , lendo , vendo um filme (não vou ao cinema) , ouço música , jogo às vezes com o computador , e às sete horas vou para o estúdio .
ver	Tem cápsulas , casas insufláveis , etecetera E.ermine esta área vendo os "Clichés fabricados nos EUA " (primeira Disneylândia , na Califórnia ou a Guild House de Robert Venturi) .
ver?	Interpretado por , entre outros , Álvaro Corte Real , Ana Meira , Dulce Vermelho e Figueira Cid , além de vários alunos finalistas da escola teatral do Cendrev , "Vendo do Pão " está em cena até ao dia dezanove , sempre às 21 horas e 45 minutos .
ver	Intimado a um "despejo imediato ", vendo a morada abrir rachas a cada dia que passa , sem que a Câmara de Lisboa lhe garanta a renda da casa para onde vai ter que levar as outras cinco pessoas da sua família , António Antunes , um produtor de rádio de 34 anos , vê-se entre a espada e a parede mas não perdeu o humor .
ver	Se fosse hoje voltava a fazê-lo ", justificou Pinto da Costa aos microfones da Rádio Renascença , vendo neste caso um bom exemplo para a utilidade do tribunal desportivo que os clubes desejam .
ver	Hoje , quando vários ditadores já vêem ameaçado o seu despotismo por respeitáveis instituições internacionais , vendo pairar sobre eles a ameaça de um dia se sentarem no banco dos réus , nunca será demais lembrar que os 240 homens da Escola Prática de Cavalaria se fizeram à estrada para substituir uma ditadura por uma democracia , antecipando aquilo que viria a suceder , com mais ou menos sobressaltos , noutros cantos do mundo .
ver	Na falta de um jardim público naquela área , que sirva para os mais velhos passarem as manhãs e as tardes de sol , há quem aproveite os bancos situados junto à entrada principal para trocar dois dedos de conversa ao mesmo tempo que vai vendo os carros a passar .
ver	Registou-se uma aceleração , a que eu chamo "aceleração Delors ", e é aí que começo a discordar , ou antes , a não gostar do que fui vendo : a Europa passou a doze , com a entrada de países com condições concorrenciais iguais ou melhores que as nossas .
ver	Cresci vendo todos os seus filmes ", elogia a actriz , que apareceu recentemente em fotografias publicadas em jornais passeando de braço dado com Tom Cruise , em Central Park , depois deste se ter separado da sua mulher , Nicole Kidman .
ver	Só por tolice se pode pensar que uma medida como as chamadas "salas de chuto " é tomada isoladamente para resolver toda a problemática da droga , quando toda , ou quase toda a gente se socorre de aspirinas e outras drogas para combater os efeitos de doenças e mal-estar , não vendo que a referida medida segue o mesmo princípio : tomar um remédio para atenuar as dores , enquanto não se encontra o melhor meio de combater as causas .
ver	Esse homem , que vi nas imagens da RTP quando cheguei a casa , tinha um rosto luminoso que fui vendo anos a fio em fotografias extraordinárias desse dia , em filmes e documentários .
ver	" Através da arte como espelho , a pessoa vai-se vendo e organizando ", explicou a terapeuta com um sotaque meigo .
ver	É judaísmo antigo , é místico , talvez mesmo mágico , já foi comparado ao "I Ching " e baseia-se na prática de actos espirituais para afastar influências indesejáveis , traçando pentagramas no ar e vendo anjos .
ver	Os cães , vendo a animosidade dos donos , também não se fazem rogados e tentam abocanhar os canelas dos intrometidos .
ver	O ex-PR e o seu filho foram acusados do pior por um deputado do MPLA , e Gama , vendo que uma defesa ultravigorosa dos Soares poderia fazer sofrer as relações luso-angolanas , escolheu uma defesa ultra-suave , contra a qual Soares obviamente se rebelou .
ver	Se vou sozinho , gasto contas incríveis de telefone , porque , à medida que vou vendo coisas , vou ligando para os meus amigos a dizer ' Tu nem imaginas o que isto é !
ver	Desde então o seu silêncio em torno deste assunto tornou-se ruidoso , com as "forças vivas " locais pendentes das decisões sobre a matéria , vendo fugir fundos comunitários .
ver	Ora num momento em que na Europa se discute o alargamento da União a novos países ; e à medida que o Serviço de Estrangeiros e Fronteiras (SEF) vai concedendo autorizações de permanência aos numerosos imigrantes que tentam a sorte em Portugal (desde Janeiro já foram concedidas 54193, das quase metade a cidadãos do Leste europeu) , a tentação de olhar o "outro " como intruso (vendo nele a fonte dos males que possam afectar a comunidade) só pode ser combatida pela inteligência .
ver	Um deles , vendo que a sua sessão de higiene tinha desenhado risos nos membros estranhos à comunidade , montou nu numa bicicleta para uma passeata .
vender	" Uma das coisas que me motiva neste negócio é saber que estou a recompensar financeiramente pequenos produtores que me fornecem produtos de boa qualidade , que eu depois vendo a clientes que na semana seguinte estão aqui de novo para comprar mais ", diz Castle , defendendo a necessidade de poupar o mercado da alimentação biológica das regras impiedosas da concorrência .
ver	Aliás , alvoroço é pouco , vendo bem as coisas : não impressiona apenas o número elevadíssimo de artigos de opinião sobre a referida nota , mas também a variedade dos estilos adoptados pelos respectivos autores .
ver	E há ainda mais duas : uma intitulada "Raccoon Penis Bones " (sobre esses ossos dos guaxinim ou amuletos sexuais abstenho-me de fazer comentários , só vendo mesmo) e uma outra , "Humor ", onde o jovem escritor reuniu as melhores anedotas que lhe contaram .
vender	Se querem saber porque é que vendo façam um inquérito de rua , vão a um cabeleireiro , onde as meninas que lavam as cabeças leram os meus livros e as professoras universitárias a quem as meninas lavam as cabeças também os leram .
vender	" Faço e vendo as esculturas para desmistificar muitas coisas da minha vida , como para deixar a minha vida ir-se embora aos poucos ", diz .
ver	Disseste na semana passada que todo este voyeurismo que alimenta as audiências dos "reality shows " pré-existia no público dos romances : evidentemente que , lendo ou vendo televisão , enrosca-se-nos o sempiterno desejo de ficar a saber a vida dos outros .
ver	Javier preparou-se para a parte final da vida de Arenas vendo um documentário sobre duas vítimas da Sida , " Silverlake Life : The View From Here " .
ver	E quem está no alto do monumento sonhado por Napoleão sente-se uma rosa-dos-ventos , vendo os carros irradiando-se ao longo de doze vias por toda Paris ", dizia , com os dedos abertos , fazendo da palma da mão uma autêntica rotunda .
ver	Galvanizado , o "onze " de Rogério Gonçalves conseguiu chegar à vantagem aos 42' : Mendonça , vendo Barbosa adiantado , executou um perfeito "chapéu " .
ver	Depois de Seabra se ter demarcado e criticado tais afirmações , vendo nelas um "ultimato ", ontem foi a vez de Cardoso se distanciar .
ver	É que , vendo a carne ainda crua , os visitantes dedicavam-se aos fumeiros , tremoços e queijos ou às azeitonas e broas das outras agremiações .
ver	vendo potencialidades nas empresas portuguesas , estão dispostos a estabelecer parcerias com as nossas instituições .
ver	Zoia cresceu vendo os gulags multiplicar-se à sua volta , ao mesmo tempo que as renas desapareciam na paisagem gelada .
ver	O camisola rosa , símbolo de líder da prova , cortou a meta com mais de dois minutos de avanço sobre o seu compatriota Paolo Savoldelli (Saeco) , enquanto que o espanhol Abraham Olano (ONCE) , segundo da geral , chegou integrado num pequeno grupo perseguidor , a mais de três minutos , vendo a distância na geral para Simoni aumentar para mais de sete minutos .
ver	As últimas tendências da publicidade online - não só os grandes formatos , que se estrearam no início do ano , mas também as "pop-up windows ", os anúncios micro-site , os "sky-scrapers " (anúncios em formato de arranha-céus à altura das páginas) , e até complexas e divertidas animações Flash - , que se vão vendo já com extrema regularidade , até em sites clássicos como o New York Times Digital (e clássicos no sentido de resistentes a estas novas e mais agressivas formas de publicidade online) mostram bem que não .
ver	O efeito desastroso de um congresso vazio e ensimesmado na opinião pública foi-se vendo ao longo de diversas sondagens que culminaram com Guterres no mais baixo da sua popularidade e com a hipótese de o PSD poder ultrapassar o PS .
ver	Por outro lado , vendo tudo limpo , não sentirão vontade de sujar a praia ", sentencia .
ver	E estes , vendo que podiam ser arrancados às suas cabanas , vendidos no mercado , espancados , acorrentados , condenados aos trabalhos mais duros , mortos - não podiam deixar de sentir um complexo de inferioridade , que ainda hoje perdura .
ver	Partilha a formação instrumental de base e , nas palavras do próprio Adams , um certo "ambiente geral ", motivado por um episódio doméstico : " Estava sentado no meu estúdio , trabalhando na partitura da obra de Schönberg , quando reparei que o meu filho Sam estava no quarto ao lado vendo desenhos animados dos anos 50 .
ver	Tendo perdido a importância industrial ligada a Sines , vendo reduzida a sua valia para o consumo urbano de uma província cuja população diminui , a electricidade passou a ser o principal objectivo .
ver	Se Domenico ameaçava roubar protagonismo com a sua bateria electrónica (do outro lado do palco , o baixista Kassin permanecia imperturbável) , o violão de Moreno tratou de oferecer algumas das memórias mais felizes da noite , com "Sertão " (composta em parceria com Caetano) ou na revisão do clássico de 1942 (celebrizado por Carmen Costa) "Só vendo que beleza " .
vender	" Havia 9 quintas aqui à volta , agora esta é a única e eu não vendo por nada deste mundo ", disse Maria Leonor Sotto Mayor Megre , proprietária da Quinta do Assentista , cujo nome remonta à função de "assentista ", o fornecedor de armas e mantimentos para as tropas do rei .
ver	- Infelizmente , por aquilo que vamos vendo , parece que a paz continua difícil .
ver	- Através de um "casting ", falando com eles , indo ao teatro vê-los , vendo cassetes .
ver	É o meu caso , vendo como estou agora quando me preparo para mais uma ronda , numa idade em que a maior parte das pessoas pensa em retirar-se .
ver	Mondrian regressará em 1919, tornando-se um dos nomes mais conhecidos da arte do seu tempo ; Amadeo já não terá ocasião para isso : morre em 1918, aos 30 anos , quando se preparava para regressar a Paris , depois da Guerra , vendo interrompida precocemente uma obra que se configurava como uma das mais promissoras no contexto das vanguardas artísticas do primeiro quartel do século 20 .
ver	O essencial nem é a conjuntura económica ou os números de criancinhas que entraram no pré-primário ou estudantes que entraram em Medicina , esses números com que ele julga conseguir tapar o sol com uma peneira e não ver o que todos estamos vendo : que o primeiro-ministro não consegue transmitir ao país uma imagem de confiança , de capacidade e de esperança .
ver	Por exemplo , vendo todos os videoclips do grupo , num espaço especial programado pelo Sol Musica .
ver	Ferreira do Amaral , não vendo maneira das câmaras se entenderem , sugeria que pedissem ao Governo para "tomar conta do assunto " .
ver	Por exemplo , vendo todos os videoclips do grupo , num espaço especial programado pelo Sol Música .
ver	Embora neguem ser anti-semitas , os polacos estão obcecados com os judeus , vendo neles umas vezes a ' mão suja ' que manipula os destinos do país , outras os portadores dum desejo de vingança para empobrecer a nação .
ver	Por isso , acrescenta , Yáyá só existe , só tem espessura , " se a câmara estiver vendo cada gesto que ela faz - com os olhos , aqueles olhares minuciosos são tudo nela " .
ver	- até os passos e o céu se revelarem incertos , como agora , que se abandonara ao muro , num torpor levemente alcoólico que , vendo bem , até lhe dava ar de estadista .
ver	E então é verdade que esteja aqui , à beira da água , vendo como um homem segura entre as mãos , no cimo de dois fios finos e transparentes , um papagaio de papel .
ver	Só vendo , para perceber por que razão recebeu os prémios citados e também por que Martin Scorsese aparece como produtor executivo .
vender	Em Paris só vendo a colecção de senhora .
vender	Eu já não vendo nada , nem sequer faço feiras .
vender	Só vendo peças de homem em Portugal , não tenho exportação de roupa masculina .
